<?xml version="1.0" encoding="UTF-8"?>
<testsuite xmlns:xsi="http://www.w3.org/2001/XMLSchema-instance" xsi:noNamespaceSchemaLocation="https://maven.apache.org/surefire/maven-surefire-plugin/xsd/surefire-test-report-3.0.xsd" version="3.0" name="TestSuite" time="50.88" tests="42" errors="0" skipped="0" failures="8">
  <properties>
    <property name="sun.desktop" value="windows"/>
    <property name="awt.toolkit" value="sun.awt.windows.WToolkit"/>
    <property name="file.encoding.pkg" value="sun.io"/>
    <property name="java.specification.version" value="1.8"/>
    <property name="sun.cpu.isalist" value="amd64"/>
    <property name="sun.jnu.encoding" value="Cp1252"/>
    <property name="java.class.path" value="D:\WorkSpace\rest-assured-framework\target\test-classes;D:\WorkSpace\rest-assured-framework\target\classes;C:\Users\lapuser\.m2\repository\io\rest-assured\rest-assured\3.0.2\rest-assured-3.0.2.jar;C:\Users\lapuser\.m2\repository\org\codehaus\groovy\groovy\2.4.6\groovy-2.4.6.jar;C:\Users\lapuser\.m2\repository\org\codehaus\groovy\groovy-xml\2.4.6\groovy-xml-2.4.6.jar;C:\Users\lapuser\.m2\repository\org\apache\httpcomponents\httpclient\4.5.2\httpclient-4.5.2.jar;C:\Users\lapuser\.m2\repository\org\apache\httpcomponents\httpcore\4.4.4\httpcore-4.4.4.jar;C:\Users\lapuser\.m2\repository\commons-logging\commons-logging\1.2\commons-logging-1.2.jar;C:\Users\lapuser\.m2\repository\commons-codec\commons-codec\1.9\commons-codec-1.9.jar;C:\Users\lapuser\.m2\repository\org\apache\httpcomponents\httpmime\4.5.1\httpmime-4.5.1.jar;C:\Users\lapuser\.m2\repository\org\hamcrest\hamcrest-core\1.3\hamcrest-core-1.3.jar;C:\Users\lapuser\.m2\repository\org\hamcrest\hamcrest-library\1.3\hamcrest-library-1.3.jar;C:\Users\lapuser\.m2\repository\org\ccil\cowan\tagsoup\tagsoup\1.2.1\tagsoup-1.2.1.jar;C:\Users\lapuser\.m2\repository\io\rest-assured\json-schema-validator\3.0.2\json-schema-validator-3.0.2.jar;C:\Users\lapuser\.m2\repository\com\github\fge\json-schema-validator\2.2.6\json-schema-validator-2.2.6.jar;C:\Users\lapuser\.m2\repository\com\google\code\findbugs\jsr305\3.0.0\jsr305-3.0.0.jar;C:\Users\lapuser\.m2\repository\joda-time\joda-time\2.3\joda-time-2.3.jar;C:\Users\lapuser\.m2\repository\com\googlecode\libphonenumber\libphonenumber\6.2\libphonenumber-6.2.jar;C:\Users\lapuser\.m2\repository\com\github\fge\json-schema-core\1.2.5\json-schema-core-1.2.5.jar;C:\Users\lapuser\.m2\repository\com\github\fge\uri-template\0.9\uri-template-0.9.jar;C:\Users\lapuser\.m2\repository\com\github\fge\msg-simple\1.1\msg-simple-1.1.jar;C:\Users\lapuser\.m2\repository\com\github\fge\btf\1.2\btf-1.2.jar;C:\Users\lapuser\.m2\repository\com\google\guava\guava\16.0.1\guava-16.0.1.jar;C:\Users\lapuser\.m2\repository\com\github\fge\jackson-coreutils\1.8\jackson-coreutils-1.8.jar;C:\Users\lapuser\.m2\repository\com\fasterxml\jackson\core\jackson-databind\2.2.3\jackson-databind-2.2.3.jar;C:\Users\lapuser\.m2\repository\com\fasterxml\jackson\core\jackson-annotations\2.2.3\jackson-annotations-2.2.3.jar;C:\Users\lapuser\.m2\repository\com\fasterxml\jackson\core\jackson-core\2.2.3\jackson-core-2.2.3.jar;C:\Users\lapuser\.m2\repository\org\mozilla\rhino\1.7R4\rhino-1.7R4.jar;C:\Users\lapuser\.m2\repository\javax\mail\mailapi\1.4.3\mailapi-1.4.3.jar;C:\Users\lapuser\.m2\repository\javax\activation\activation\1.1\activation-1.1.jar;C:\Users\lapuser\.m2\repository\net\sf\jopt-simple\jopt-simple\4.6\jopt-simple-4.6.jar;C:\Users\lapuser\.m2\repository\com\googlecode\json-simple\json-simple\1.1.1\json-simple-1.1.1.jar;C:\Users\lapuser\.m2\repository\junit\junit\4.10\junit-4.10.jar;C:\Users\lapuser\.m2\repository\io\rest-assured\json-path\3.0.0\json-path-3.0.0.jar;C:\Users\lapuser\.m2\repository\org\codehaus\groovy\groovy-json\2.4.6\groovy-json-2.4.6.jar;C:\Users\lapuser\.m2\repository\io\rest-assured\rest-assured-common\3.0.0\rest-assured-common-3.0.0.jar;C:\Users\lapuser\.m2\repository\org\testng\testng\6.9.9\testng-6.9.9.jar;C:\Users\lapuser\.m2\repository\com\beust\jcommander\1.48\jcommander-1.48.jar;C:\Users\lapuser\.m2\repository\org\apache\ant\ant\1.7.0\ant-1.7.0.jar;C:\Users\lapuser\.m2\repository\org\apache\ant\ant-launcher\1.7.0\ant-launcher-1.7.0.jar;C:\Users\lapuser\.m2\repository\org\yaml\snakeyaml\1.15\snakeyaml-1.15.jar;C:\Users\lapuser\.m2\repository\org\beanshell\bsh\2.0b4\bsh-2.0b4.jar;C:\Users\lapuser\.m2\repository\io\rest-assured\xml-path\3.0.0\xml-path-3.0.0.jar;C:\Users\lapuser\.m2\repository\org\apache\commons\commons-lang3\3.4\commons-lang3-3.4.jar;C:\Users\lapuser\.m2\repository\org\hamcrest\java-hamcrest\2.0.0.0\java-hamcrest-2.0.0.0.jar;C:\Users\lapuser\.m2\repository\com\aventstack\extentreports\4.0.9\extentreports-4.0.9.jar;C:\Users\lapuser\.m2\repository\org\freemarker\freemarker\2.3.23\freemarker-2.3.23.jar;C:\Users\lapuser\.m2\repository\org\mongodb\mongodb-driver\3.3.0\mongodb-driver-3.3.0.jar;C:\Users\lapuser\.m2\repository\org\mongodb\mongodb-driver-core\3.3.0\mongodb-driver-core-3.3.0.jar;C:\Users\lapuser\.m2\repository\org\mongodb\bson\3.3.0\bson-3.3.0.jar;C:\Users\lapuser\.m2\repository\com\google\code\gson\gson\2.8.5\gson-2.8.5.jar;"/>
    <property name="java.vm.vendor" value="Oracle Corporation"/>
    <property name="sun.arch.data.model" value="64"/>
    <property name="user.variant" value=""/>
    <property name="java.vendor.url" value="http://java.oracle.com/"/>
    <property name="user.timezone" value="Asia/Calcutta"/>
    <property name="java.vm.specification.version" value="1.8"/>
    <property name="os.name" value="Windows 10"/>
    <property name="user.country" value="IN"/>
    <property name="sun.java.launcher" value="SUN_STANDARD"/>
    <property name="sun.boot.library.path" value="C:\Users\lapuser\Downloads\jre1.8.0_231\bin"/>
    <property name="sun.java.command" value="C:\Users\lapuser\AppData\Local\Temp\surefire398292943090191427\surefirebooter3865031291272787106.jar C:\Users\lapuser\AppData\Local\Temp\surefire398292943090191427 2019-12-23T12-38-27_866-jvmRun1 surefire3482333681180795120tmp surefire_07333109605786912110tmp"/>
    <property name="surefire.test.class.path" value="D:\WorkSpace\rest-assured-framework\target\test-classes;D:\WorkSpace\rest-assured-framework\target\classes;C:\Users\lapuser\.m2\repository\io\rest-assured\rest-assured\3.0.2\rest-assured-3.0.2.jar;C:\Users\lapuser\.m2\repository\org\codehaus\groovy\groovy\2.4.6\groovy-2.4.6.jar;C:\Users\lapuser\.m2\repository\org\codehaus\groovy\groovy-xml\2.4.6\groovy-xml-2.4.6.jar;C:\Users\lapuser\.m2\repository\org\apache\httpcomponents\httpclient\4.5.2\httpclient-4.5.2.jar;C:\Users\lapuser\.m2\repository\org\apache\httpcomponents\httpcore\4.4.4\httpcore-4.4.4.jar;C:\Users\lapuser\.m2\repository\commons-logging\commons-logging\1.2\commons-logging-1.2.jar;C:\Users\lapuser\.m2\repository\commons-codec\commons-codec\1.9\commons-codec-1.9.jar;C:\Users\lapuser\.m2\repository\org\apache\httpcomponents\httpmime\4.5.1\httpmime-4.5.1.jar;C:\Users\lapuser\.m2\repository\org\hamcrest\hamcrest-core\1.3\hamcrest-core-1.3.jar;C:\Users\lapuser\.m2\repository\org\hamcrest\hamcrest-library\1.3\hamcrest-library-1.3.jar;C:\Users\lapuser\.m2\repository\org\ccil\cowan\tagsoup\tagsoup\1.2.1\tagsoup-1.2.1.jar;C:\Users\lapuser\.m2\repository\io\rest-assured\json-schema-validator\3.0.2\json-schema-validator-3.0.2.jar;C:\Users\lapuser\.m2\repository\com\github\fge\json-schema-validator\2.2.6\json-schema-validator-2.2.6.jar;C:\Users\lapuser\.m2\repository\com\google\code\findbugs\jsr305\3.0.0\jsr305-3.0.0.jar;C:\Users\lapuser\.m2\repository\joda-time\joda-time\2.3\joda-time-2.3.jar;C:\Users\lapuser\.m2\repository\com\googlecode\libphonenumber\libphonenumber\6.2\libphonenumber-6.2.jar;C:\Users\lapuser\.m2\repository\com\github\fge\json-schema-core\1.2.5\json-schema-core-1.2.5.jar;C:\Users\lapuser\.m2\repository\com\github\fge\uri-template\0.9\uri-template-0.9.jar;C:\Users\lapuser\.m2\repository\com\github\fge\msg-simple\1.1\msg-simple-1.1.jar;C:\Users\lapuser\.m2\repository\com\github\fge\btf\1.2\btf-1.2.jar;C:\Users\lapuser\.m2\repository\com\google\guava\guava\16.0.1\guava-16.0.1.jar;C:\Users\lapuser\.m2\repository\com\github\fge\jackson-coreutils\1.8\jackson-coreutils-1.8.jar;C:\Users\lapuser\.m2\repository\com\fasterxml\jackson\core\jackson-databind\2.2.3\jackson-databind-2.2.3.jar;C:\Users\lapuser\.m2\repository\com\fasterxml\jackson\core\jackson-annotations\2.2.3\jackson-annotations-2.2.3.jar;C:\Users\lapuser\.m2\repository\com\fasterxml\jackson\core\jackson-core\2.2.3\jackson-core-2.2.3.jar;C:\Users\lapuser\.m2\repository\org\mozilla\rhino\1.7R4\rhino-1.7R4.jar;C:\Users\lapuser\.m2\repository\javax\mail\mailapi\1.4.3\mailapi-1.4.3.jar;C:\Users\lapuser\.m2\repository\javax\activation\activation\1.1\activation-1.1.jar;C:\Users\lapuser\.m2\repository\net\sf\jopt-simple\jopt-simple\4.6\jopt-simple-4.6.jar;C:\Users\lapuser\.m2\repository\com\googlecode\json-simple\json-simple\1.1.1\json-simple-1.1.1.jar;C:\Users\lapuser\.m2\repository\junit\junit\4.10\junit-4.10.jar;C:\Users\lapuser\.m2\repository\io\rest-assured\json-path\3.0.0\json-path-3.0.0.jar;C:\Users\lapuser\.m2\repository\org\codehaus\groovy\groovy-json\2.4.6\groovy-json-2.4.6.jar;C:\Users\lapuser\.m2\repository\io\rest-assured\rest-assured-common\3.0.0\rest-assured-common-3.0.0.jar;C:\Users\lapuser\.m2\repository\org\testng\testng\6.9.9\testng-6.9.9.jar;C:\Users\lapuser\.m2\repository\com\beust\jcommander\1.48\jcommander-1.48.jar;C:\Users\lapuser\.m2\repository\org\apache\ant\ant\1.7.0\ant-1.7.0.jar;C:\Users\lapuser\.m2\repository\org\apache\ant\ant-launcher\1.7.0\ant-launcher-1.7.0.jar;C:\Users\lapuser\.m2\repository\org\yaml\snakeyaml\1.15\snakeyaml-1.15.jar;C:\Users\lapuser\.m2\repository\org\beanshell\bsh\2.0b4\bsh-2.0b4.jar;C:\Users\lapuser\.m2\repository\io\rest-assured\xml-path\3.0.0\xml-path-3.0.0.jar;C:\Users\lapuser\.m2\repository\org\apache\commons\commons-lang3\3.4\commons-lang3-3.4.jar;C:\Users\lapuser\.m2\repository\org\hamcrest\java-hamcrest\2.0.0.0\java-hamcrest-2.0.0.0.jar;C:\Users\lapuser\.m2\repository\com\aventstack\extentreports\4.0.9\extentreports-4.0.9.jar;C:\Users\lapuser\.m2\repository\org\freemarker\freemarker\2.3.23\freemarker-2.3.23.jar;C:\Users\lapuser\.m2\repository\org\mongodb\mongodb-driver\3.3.0\mongodb-driver-3.3.0.jar;C:\Users\lapuser\.m2\repository\org\mongodb\mongodb-driver-core\3.3.0\mongodb-driver-core-3.3.0.jar;C:\Users\lapuser\.m2\repository\org\mongodb\bson\3.3.0\bson-3.3.0.jar;C:\Users\lapuser\.m2\repository\com\google\code\gson\gson\2.8.5\gson-2.8.5.jar;"/>
    <property name="sun.cpu.endian" value="little"/>
    <property name="user.home" value="C:\Users\lapuser"/>
    <property name="user.language" value="en"/>
    <property name="java.specification.vendor" value="Oracle Corporation"/>
    <property name="java.home" value="C:\Users\lapuser\Downloads\jre1.8.0_231"/>
    <property name="basedir" value="D:\WorkSpace\rest-assured-framework"/>
    <property name="file.separator" value="\"/>
    <property name="line.separator" value="&#10;"/>
    <property name="java.vm.specification.vendor" value="Oracle Corporation"/>
    <property name="java.specification.name" value="Java Platform API Specification"/>
    <property name="java.awt.graphicsenv" value="sun.awt.Win32GraphicsEnvironment"/>
    <property name="surefire.real.class.path" value="C:\Users\lapuser\AppData\Local\Temp\surefire398292943090191427\surefirebooter3865031291272787106.jar"/>
    <property name="sun.boot.class.path" value="C:\Users\lapuser\Downloads\jre1.8.0_231\lib\resources.jar;C:\Users\lapuser\Downloads\jre1.8.0_231\lib\rt.jar;C:\Users\lapuser\Downloads\jre1.8.0_231\lib\sunrsasign.jar;C:\Users\lapuser\Downloads\jre1.8.0_231\lib\jsse.jar;C:\Users\lapuser\Downloads\jre1.8.0_231\lib\jce.jar;C:\Users\lapuser\Downloads\jre1.8.0_231\lib\charsets.jar;C:\Users\lapuser\Downloads\jre1.8.0_231\lib\jfr.jar;C:\Users\lapuser\Downloads\jre1.8.0_231\classes"/>
    <property name="user.script" value=""/>
    <property name="sun.management.compiler" value="HotSpot 64-Bit Tiered Compilers"/>
    <property name="java.runtime.version" value="1.8.0_231-b11"/>
    <property name="user.name" value="lapuser"/>
    <property name="path.separator" value=";"/>
    <property name="os.version" value="10.0"/>
    <property name="java.endorsed.dirs" value="C:\Users\lapuser\Downloads\jre1.8.0_231\lib\endorsed"/>
    <property name="java.runtime.name" value="Java(TM) SE Runtime Environment"/>
    <property name="file.encoding" value="Cp1252"/>
    <property name="java.vm.name" value="Java HotSpot(TM) 64-Bit Server VM"/>
    <property name="localRepository" value="C:\Users\lapuser\.m2\repository"/>
    <property name="java.vendor.url.bug" value="http://bugreport.sun.com/bugreport/"/>
    <property name="java.io.tmpdir" value="C:\Users\lapuser\AppData\Local\Temp\"/>
    <property name="java.version" value="1.8.0_231"/>
    <property name="user.dir" value="D:\WorkSpace\rest-assured-framework"/>
    <property name="os.arch" value="amd64"/>
    <property name="java.vm.specification.name" value="Java Virtual Machine Specification"/>
    <property name="java.awt.printerjob" value="sun.awt.windows.WPrinterJob"/>
    <property name="sun.os.patch.level" value=""/>
    <property name="java.library.path" value="C:\Users\lapuser\Downloads\jre1.8.0_231\bin;C:\Windows\Sun\Java\bin;C:\Windows\system32;C:\Windows;C:/Program Files/Java/jdk-13/bin/server;C:/Program Files/Java/jdk-13/bin;C:\Windows\system32;C:\Windows;C:\Windows\System32\Wbem;C:\Windows\System32\WindowsPowerShell\v1.0\;C:\Windows\System32\OpenSSH\;C:\Program Files\dotnet\;C:\Program Files\Microsoft SQL Server\130\Tools\Binn\;C:\Program Files\Microsoft SQL Server\Client SDK\ODBC\130\Tools\Binn\;C:\Program Files (x86)\Microsoft SQL Server\140\Tools\Binn\;C:\Program Files\Microsoft SQL Server\140\Tools\Binn\;C:\Program Files\Microsoft SQL Server\140\DTS\Binn\;C:\Program Files (x86)\Microsoft SQL Server\150\DTS\Binn\;C:\Program Files\Git\cmd;C:\Program Files (x86)\Notepad++;C:\Program Files\Java\jdk-13\bin;C:\Users\lapuser\AppData\Local\Microsoft\WindowsApps;C:\apache-maven-3.6.2\bin;C:\Program Files\Java\jdk-13\bin;;D:\Tools\eclipse;;."/>
    <property name="java.vm.info" value="mixed mode"/>
    <property name="java.vendor" value="Oracle Corporation"/>
    <property name="java.vm.version" value="25.231-b11"/>
    <property name="java.ext.dirs" value="C:\Users\lapuser\Downloads\jre1.8.0_231\lib\ext;C:\Windows\Sun\Java\lib\ext"/>
    <property name="sun.io.unicode.encoding" value="UnicodeLittle"/>
    <property name="java.class.version" value="52.0"/>
  </properties>
  <testcase name="testCreateIssue" classname="com.qa.tests.FlobizAssignment" time="8.016">
    <failure message="1 expectation failed.&#10;Expected status code &lt;201&gt; but was &lt;500&gt;.&#10;" type="java.lang.AssertionError"><![CDATA[java.lang.AssertionError: 
1 expectation failed.
Expected status code <201> but was <500>.

	at com.qa.tests.FlobizAssignment.testCreateIssue(FlobizAssignment.java:127)
]]></failure>
    <system-out><![CDATA[*** Test Suite Rest Basic Validations started ***
*** Running test method testCreateIssue...
Directory already exists: D:\WorkSpace\rest-assured-framework\TestReport
]]></system-out>
  </testcase>
  <testcase name="testCreateIssueErrorMessage" classname="com.qa.tests.FlobizAssignment" time="3.801"/>
  <testcase name="testIssueByFromEmail" classname="com.qa.tests.FlobizAssignment" time="1.719">
    <failure message="expected:&lt;true&gt; but was:&lt;false&gt;" type="junit.framework.AssertionFailedError"><![CDATA[junit.framework.AssertionFailedError: expected:<true> but was:<false>
	at com.qa.tests.FlobizAssignment.testIssueByFromEmail(FlobizAssignment.java:101)
]]></failure>
    <system-out><![CDATA[*** Executed testCreateIssueErrorMessage test successfully...
*** Running test method testIssueByFromEmail...
[
    {
        "_id": "5888abddf54b5f5900000409",
        "description": "This is a Edited issue of previous one",
        "customer": [
            {
                "_id": "5887dd51f54b5f59000000d8",
                "name": "restdb.io",
                "_created": "2017-01-24T23:03:45.332Z",
                "_changed": "2017-01-25T11:45:37.126Z"
            }
        ],
        "actions": [
            
        ],
        "screenshots": [
            
        ],
        "fromemail": "naren2profession@gmail.com",
        "ticket": "HLRR1",
        "title": "TESTING ISSUE!",
        "responsible": [
            {
                "_id": "5886f71fa4f1f47d00000444",
                "email": "jones@restdb.io",
                "name": "Jonnie Caseworker",
                "photo": [
                    "58876596f54b5f5900000004"
                ],
                "_created": "2017-01-24T06:41:35.705Z",
                "_changed": "2017-01-25T11:47:06.854Z"
            }
        ],
        "status": "Working",
        "status-message": "Fixed it, changed to tray 2",
        "id": 0
    },
    {
        "_id": "5888b0d1f54b5f590000040f",
        "description": "Issue2",
        "customer": [
            
        ],
        "actions": [
            
        ],
        "screenshots": [
            
        ],
        "fromemail": "naren2profession@gmail.com",
        "ticket": "D6FWV",
        "title": "New issue!",
        "responsible": [
            
        ],
        "status": "New",
        "status-message": ""
    },
    {
        "_id": "58889244f54b5f59000003cb",
        "description": "I've forgot my email or password.\nCould you please check it up?\n\nBTW: love your service :)",
        "customer": [
            {
                "_id": "5887dd51f54b5f59000000d8",
                "name": "restdb.io",
                "_created": "2017-01-24T23:03:45.332Z",
                "_changed": "2017-01-25T11:45:37.126Z",
                "_createdby": "jones@restdb.io",
                "_changedby": "jones@restdb.io",
                "_version": 3
            }
        ],
        "actions": [
            
        ],
        "screenshots": [
            "58889244f54b5f59000003ca"
        ],
        "fromemail": "jbeejones@gmail.com",
        "ticket": "9IERQ",
        "title": "Cannot log in",
        "responsible": [
            {
                "_id": "5886f71fa4f1f47d00000444",
                "email": "jones@restdb.io",
                "name": "Jonnie Caseworker",
                "photo": [
                    "58876596f54b5f5900000004"
                ],
                "_created": "2017-01-24T06:41:35.705Z",
                "_changed": "2017-01-25T11:47:06.854Z",
                "_createdby": "jones@restdb.io",
                "_changedby": "jones@restdb.io",
                "_version": 2
            }
        ],
        "status": "Resolved",
        "status-message": "Caps lock was on"
    },
    {
        "_id": "5888b386f54b5f5900000413",
        "description": "Strange behavior in IE6.",
        "customer": [
            {
                "_id": "5887dd51f54b5f59000000d8",
                "name": "restdb.io",
                "_created": "2017-01-24T23:03:45.332Z",
                "_changed": "2017-01-25T11:45:37.126Z",
                "_createdby": "jones@restdb.io",
                "_changedby": "jones@restdb.io",
                "_version": 3
            }
        ],
        "actions": [
            
        ],
        "screenshots": [
            "5888b385f54b5f5900000412"
        ],
        "fromemail": "jbeejones@gmail.com",
        "ticket": "2QRQ0",
        "title": "Browser crash",
        "responsible": [
            {
                "_id": "5886f71fa4f1f47d00000444",
                "email": "jones@restdb.io",
                "name": "Jonnie Caseworker",
                "photo": [
                    "58876596f54b5f5900000004"
                ],
                "_created": "2017-01-24T06:41:35.705Z",
                "_changed": "2017-01-25T11:47:06.854Z",
                "_createdby": "jones@restdb.io",
                "_changedby": "jones@restdb.io",
                "_version": 2
            }
        ],
        "status": "New",
        "status-message": ""
    },
    {
        "_id": "5da700e58a759833000033e5",
        "description": "This is a new issue",
        "fromemail": "knutmt@gmail.com",
        "title": "New Issue",
        "ticket": "WF33Z",
        "customer": [
            {
                "_id": "588890a5f54b5f59000003c9",
                "name": "Exxon Inc.",
                "_created": "2017-01-25T11:48:53.427Z",
                "_changed": "2017-01-25T11:48:53.427Z",
                "_createdby": "jones@restdb.io",
                "_changedby": "jones@restdb.io",
                "_version": 0
            }
        ],
        "status": "New"
    },
    {
        "_id": "5da83d38a0e3560400001a84",
        "description": "title2 updated",
        "fromemail": "knutmt@gmail.com",
        "title": "New issue!",
        "ticket": "5BY6X",
        "customer": [
            {
                "_id": "588890a5f54b5f59000003c9",
                "name": "Exxon Inc.",
                "_created": "2017-01-25T11:48:53.427Z",
                "_changed": "2017-01-25T11:48:53.427Z",
                "_createdby": "jones@restdb.io",
                "_changedby": "jones@restdb.io",
                "_version": 0
            }
        ],
        "status": "New"
    },
    {
        "_id": "5da853dca0e3560400001b3a",
        "description": "title3 updated",
        "fromemail": "knutmt@gmail.com",
        "title": "New Issue",
        "ticket": "5G6UR",
        "customer": [
            {
                "_id": "588890a5f54b5f59000003c9",
                "name": "Exxon Inc.",
                "_created": "2017-01-25T11:48:53.427Z",
                "_changed": "2017-01-25T11:48:53.427Z",
                "_createdby": "jones@restdb.io",
                "_changedby": "jones@restdb.io",
                "_version": 0
            }
        ],
        "status": "New"
    },
    {
        "_id": "5da855e6a0e3560400001b56",
        "description": "This is a new issue",
        "fromemail": "knutmt@gmail.com",
        "title": "New Issue",
        "ticket": "2QK2I",
        "customer": [
            {
                "_id": "588890a5f54b5f59000003c9",
                "name": "Exxon Inc.",
                "_created": "2017-01-25T11:48:53.427Z",
                "_changed": "2017-01-25T11:48:53.427Z",
                "_createdby": "jones@restdb.io",
                "_changedby": "jones@restdb.io",
                "_version": 0
            }
        ],
        "status": "New"
    },
    {
        "_id": "5da856bba0e3560400001b61",
        "description": "This is a new issue",
        "fromemail": "knutmt@gmail.com",
        "title": "New Issue",
        "ticket": "Y84P5",
        "customer": [
            {
                "_id": "588890a5f54b5f59000003c9",
                "name": "Exxon Inc.",
                "_created": "2017-01-25T11:48:53.427Z",
                "_changed": "2017-01-25T11:48:53.427Z",
                "_createdby": "jones@restdb.io",
                "_changedby": "jones@restdb.io",
                "_version": 0
            }
        ],
        "status": "New"
    },
    {
        "_id": "5da880dca0e3560400001cc3",
        "description": "This is a new issue",
        "fromemail": "knutmt@gmail.com",
        "title": "Old issue!",
        "ticket": "M5INK",
        "customer": [
            {
                "_id": "588890a5f54b5f59000003c9",
                "name": "Exxon Inc.",
                "_created": "2017-01-25T11:48:53.427Z",
                "_changed": "2017-01-25T11:48:53.427Z",
                "_createdby": "jones@restdb.io",
                "_changedby": "jones@restdb.io",
                "_version": 0
            }
        ],
        "status": "New"
    },
    {
        "_id": "5da8839fa0e3560400001ce1",
        "description": "This is a new issue",
        "fromemail": "knutmt@gmail.com",
        "title": "New Issue",
        "ticket": "57LQM",
        "customer": [
            {
                "_id": "588890a5f54b5f59000003c9",
                "name": "Exxon Inc.",
                "_created": "2017-01-25T11:48:53.427Z",
                "_changed": "2017-01-25T11:48:53.427Z",
                "_createdby": "jones@restdb.io",
                "_changedby": "jones@restdb.io",
                "_version": 0
            }
        ],
        "status": "New"
    },
    {
        "_id": "5da8a94ba0e3560400001ea2",
        "description": "This is a new issue",
        "fromemail": "knutmt@gmail.com",
        "title": "New Issue",
        "ticket": "W1WV0",
        "customer": [
            {
                "_id": "588890a5f54b5f59000003c9",
                "name": "Exxon Inc.",
                "_created": "2017-01-25T11:48:53.427Z",
                "_changed": "2017-01-25T11:48:53.427Z",
                "_createdby": "jones@restdb.io",
                "_changedby": "jones@restdb.io",
                "_version": 0
            }
        ],
        "status": "New"
    },
    {
        "_id": "5da8aa32a0e3560400001eb2",
        "description": "This is a new issue",
        "fromemail": "knutmt@gmail.com",
        "title": "New Issue",
        "ticket": "UIXW6",
        "customer": [
            {
                "_id": "588890a5f54b5f59000003c9",
                "name": "Exxon Inc.",
                "_created": "2017-01-25T11:48:53.427Z",
                "_changed": "2017-01-25T11:48:53.427Z",
                "_createdby": "jones@restdb.io",
                "_changedby": "jones@restdb.io",
                "_version": 0
            }
        ],
        "status": "New"
    },
    {
        "_id": "5da8aa3ca0e3560400001eb5",
        "title": "New Issue!",
        "ticket": "7HUV5",
        "customer": [
            {
                "_id": "588890a5f54b5f59000003c9",
                "name": "Exxon Inc.",
                "_created": "2017-01-25T11:48:53.427Z",
                "_changed": "2017-01-25T11:48:53.427Z",
                "_createdby": "jones@restdb.io",
                "_changedby": "jones@restdb.io",
                "_version": 0
            }
        ],
        "status": "New"
    },
    {
        "_id": "5da8ac4da0e3560400001ec6",
        "description": "This is a new issue",
        "fromemail": "knutmt@gmail.com",
        "title": "New Issue",
        "ticket": "1RH1A",
        "customer": [
            {
                "_id": "588890a5f54b5f59000003c9",
                "name": "Exxon Inc.",
                "_created": "2017-01-25T11:48:53.427Z",
                "_changed": "2017-01-25T11:48:53.427Z",
                "_createdby": "jones@restdb.io",
                "_changedby": "jones@restdb.io",
                "_version": 0
            }
        ],
        "status": "New"
    },
    {
        "_id": "5da8ac5ca0e3560400001ec9",
        "title": "New Issue2",
        "ticket": "DR7LE",
        "customer": [
            {
                "_id": "588890a5f54b5f59000003c9",
                "name": "Exxon Inc.",
                "_created": "2017-01-25T11:48:53.427Z",
                "_changed": "2017-01-25T11:48:53.427Z",
                "_createdby": "jones@restdb.io",
                "_changedby": "jones@restdb.io",
                "_version": 0
            }
        ],
        "status": "New"
    },
    {
        "_id": "5da8aebba0e3560400001ee9",
        "description": "This is a new issue",
        "fromemail": "knutmt@gmail.com",
        "title": "New Issue",
        "ticket": "IPA0K",
        "customer": [
            {
                "_id": "588890a5f54b5f59000003c9",
                "name": "Exxon Inc.",
                "_created": "2017-01-25T11:48:53.427Z",
                "_changed": "2017-01-25T11:48:53.427Z",
                "_createdby": "jones@restdb.io",
                "_changedby": "jones@restdb.io",
                "_version": 0
            }
        ],
        "status": "New"
    },
    {
        "_id": "5da8aec4a0e3560400001eed",
        "title": "sandeep",
        "ticket": "OSJOQ",
        "customer": [
            {
                "_id": "588890a5f54b5f59000003c9",
                "name": "Exxon Inc.",
                "_created": "2017-01-25T11:48:53.427Z",
                "_changed": "2017-01-25T11:48:53.427Z",
                "_createdby": "jones@restdb.io",
                "_changedby": "jones@restdb.io",
                "_version": 0
            }
        ],
        "status": "New"
    },
    {
        "_id": "5da8b030a0e3560400001efd",
        "title": "New Issue!",
        "ticket": "X2ON3",
        "customer": [
            {
                "_id": "588890a5f54b5f59000003c9",
                "name": "Exxon Inc.",
                "_created": "2017-01-25T11:48:53.427Z",
                "_changed": "2017-01-25T11:48:53.427Z",
                "_createdby": "jones@restdb.io",
                "_changedby": "jones@restdb.io",
                "_version": 0
            }
        ],
        "status": "New"
    },
    {
        "_id": "5da8c196a0e3560400001fca",
        "description": "This is a new issue",
        "fromemail": "knutmt@gmail.com",
        "title": "New Issue",
        "ticket": "6T3UI",
        "customer": [
            {
                "_id": "588890a5f54b5f59000003c9",
                "name": "Exxon Inc.",
                "_created": "2017-01-25T11:48:53.427Z",
                "_changed": "2017-01-25T11:48:53.427Z",
                "_createdby": "jones@restdb.io",
                "_changedby": "jones@restdb.io",
                "_version": 0
            }
        ],
        "status": "New"
    },
    {
        "_id": "5da96924a0e3560400004484",
        "description": "This is a new issue",
        "fromemail": "knutmt@gmail.com",
        "title": "New Issue",
        "ticket": "0IRJY",
        "customer": [
            {
                "_id": "588890a5f54b5f59000003c9",
                "name": "Exxon Inc.",
                "_created": "2017-01-25T11:48:53.427Z",
                "_changed": "2017-01-25T11:48:53.427Z",
                "_createdby": "jones@restdb.io",
                "_changedby": "jones@restdb.io",
                "_version": 0
            }
        ],
        "status": "New"
    },
    {
        "_id": "588893fbf54b5f59000003ce",
        "description": "I have updated this value",
        "customer": [
            {
                "_id": "5887dd51f54b5f59000000d8",
                "name": "restdb.io",
                "_created": "2017-01-24T23:03:45.332Z",
                "_changed": "2017-01-25T11:45:37.126Z"
            }
        ],
        "actions": [
            
        ],
        "screenshots": [
            "lkajsdldas"
        ],
        "fromemail": "jbeejones@gmail.com",
        "ticket": "8JGK3",
        "title": "New update",
        "responsible": [
            {
                "_id": "5886f71fa4f1f47d00000444",
                "email": "jones@restdb.io",
                "name": "Jonnie Caseworker",
                "photo": [
                    "58876596f54b5f5900000004"
                ],
                "_created": "2017-01-24T06:41:35.705Z",
                "_changed": "2017-01-25T11:47:06.854Z"
            }
        ],
        "status": "Working",
        "status-message": "It's fixed."
    },
    {
        "_id": "5daae864a0e3560400005a9e",
        "description": "This is a new issue 2",
        "fromemail": "knutmt@gmail.com",
        "title": "New issue 2!",
        "ticket": "KBR87",
        "customer": [
            {
                "_id": "588890a5f54b5f59000003c9",
                "name": "Exxon Inc.",
                "_created": "2017-01-25T11:48:53.427Z",
                "_changed": "2017-01-25T11:48:53.427Z"
            }
        ],
        "status": "New"
    },
    {
        "_id": "5daae8baa0e3560400005aa4",
        "description": "This is a new issue",
        "fromemail": "knutmt@gmail.com",
        "title": "New issue!",
        "ticket": "RAJO4",
        "customer": [
            {
                "_id": "588890a5f54b5f59000003c9",
                "name": "Exxon Inc.",
                "_created": "2017-01-25T11:48:53.427Z",
                "_changed": "2017-01-25T11:48:53.427Z"
            }
        ],
        "status": "New"
    },
    {
        "_id": "5daaea11a0e3560400005ab5",
        "description": "This is a new issue",
        "fromemail": "knutmt@gmail.com",
        "title": "New Issue",
        "ticket": "NU84O",
        "customer": [
            {
                "_id": "588890a5f54b5f59000003c9",
                "name": "Exxon Inc.",
                "_created": "2017-01-25T11:48:53.427Z",
                "_changed": "2017-01-25T11:48:53.427Z"
            }
        ],
        "status": "New"
    },
    {
        "_id": "5daaebd4a0e3560400005ac8",
        "description": "This is a new issue",
        "fromemail": "knutmt@gmail.com",
        "title": "New Issue",
        "ticket": "FFEVU",
        "customer": [
            {
                "_id": "588890a5f54b5f59000003c9",
                "name": "Exxon Inc.",
                "_created": "2017-01-25T11:48:53.427Z",
                "_changed": "2017-01-25T11:48:53.427Z"
            }
        ],
        "status": "New"
    },
    {
        "_id": "5daaec60a0e3560400005acd",
        "description": "This is a new issue",
        "fromemail": "knutmt@gmail.com",
        "title": "New Issue",
        "ticket": "02AF6",
        "customer": [
            {
                "_id": "588890a5f54b5f59000003c9",
                "name": "Exxon Inc.",
                "_created": "2017-01-25T11:48:53.427Z",
                "_changed": "2017-01-25T11:48:53.427Z"
            }
        ],
        "status": "New"
    },
    {
        "_id": "5daaecb4a0e3560400005ad4",
        "description": "This is a new issue",
        "fromemail": "knutmt@gmail.com",
        "title": "New Issue",
        "ticket": "QG7F1",
        "customer": [
            {
                "_id": "588890a5f54b5f59000003c9",
                "name": "Exxon Inc.",
                "_created": "2017-01-25T11:48:53.427Z",
                "_changed": "2017-01-25T11:48:53.427Z"
            }
        ],
        "status": "New"
    },
    {
        "_id": "5daaedb0a0e3560400005add",
        "description": "This is a new issue",
        "fromemail": "knutmt@gmail.com",
        "title": "New Issue",
        "ticket": "GWLPH",
        "customer": [
            {
                "_id": "588890a5f54b5f59000003c9",
                "name": "Exxon Inc.",
                "_created": "2017-01-25T11:48:53.427Z",
                "_changed": "2017-01-25T11:48:53.427Z"
            }
        ],
        "status": "New"
    },
    {
        "_id": "5daaedb9a0e3560400005ae0",
        "title": "New Issue",
        "ticket": "A3SPZ",
        "customer": [
            {
                "_id": "588890a5f54b5f59000003c9",
                "name": "Exxon Inc.",
                "_created": "2017-01-25T11:48:53.427Z",
                "_changed": "2017-01-25T11:48:53.427Z"
            }
        ],
        "status": "New"
    },
    {
        "_id": "5dab050c52d24412000000d3",
        "description": "This is a new issue",
        "fromemail": "knutmt@gmail.com",
        "title": "New Issue 9",
        "ticket": "NOK46",
        "customer": [
            {
                "_id": "588890a5f54b5f59000003c9",
                "name": "Exxon Inc.",
                "_created": "2017-01-25T11:48:53.427Z",
                "_changed": "2017-01-25T11:48:53.427Z"
            }
        ],
        "status": "New"
    },
    {
        "_id": "5dab09be52d24412000000f5",
        "description": "This is a new issue",
        "fromemail": "knutmt@gmail.com",
        "title": "New Issue",
        "ticket": "N84PT",
        "customer": [
            {
                "_id": "588890a5f54b5f59000003c9",
                "name": "Exxon Inc.",
                "_created": "2017-01-25T11:48:53.427Z",
                "_changed": "2017-01-25T11:48:53.427Z"
            }
        ],
        "status": "New"
    },
    {
        "_id": "5dab13c0d30bbb57000000a4",
        "description": "This is a new issue",
        "fromemail": "knutmt@gmail.com",
        "title": "New Issue0",
        "ticket": "LS2IN",
        "customer": [
            {
                "_id": "588890a5f54b5f59000003c9",
                "name": "Exxon Inc.",
                "_created": "2017-01-25T11:48:53.427Z",
                "_changed": "2017-01-25T11:48:53.427Z"
            }
        ],
        "status": "New"
    },
    {
        "_id": "5dab13dbd30bbb57000000a9",
        "description": "This is a new issue",
        "fromemail": "knutmt@gmail.com",
        "title": "New Issue0",
        "ticket": "ZVJNT",
        "customer": [
            {
                "_id": "588890a5f54b5f59000003c9",
                "name": "Exxon Inc.",
                "_created": "2017-01-25T11:48:53.427Z",
                "_changed": "2017-01-25T11:48:53.427Z"
            }
        ],
        "status": "New"
    },
    {
        "_id": "5dab1432d30bbb57000000af",
        "description": "This is a new issue",
        "fromemail": "knutmt@gmail.com",
        "title": "New Issue0",
        "ticket": "36BHC",
        "customer": [
            {
                "_id": "588890a5f54b5f59000003c9",
                "name": "Exxon Inc.",
                "_created": "2017-01-25T11:48:53.427Z",
                "_changed": "2017-01-25T11:48:53.427Z"
            }
        ],
        "status": "New"
    },
    {
        "_id": "5dab1614d30bbb57000000cc",
        "description": "This is a new issue",
        "fromemail": "knutmt@gmail.com",
        "title": "New Issue0",
        "ticket": "O8A26",
        "customer": [
            {
                "_id": "588890a5f54b5f59000003c9",
                "name": "Exxon Inc.",
                "_created": "2017-01-25T11:48:53.427Z",
                "_changed": "2017-01-25T11:48:53.427Z"
            }
        ],
        "status": "New"
    },
    {
        "_id": "5dab173bd30bbb57000000dc",
        "description": "This is a new issue",
        "fromemail": "knutmt@gmail.com",
        "title": "New Issue0",
        "ticket": "Y8BPA",
        "customer": [
            {
                "_id": "588890a5f54b5f59000003c9",
                "name": "Exxon Inc.",
                "_created": "2017-01-25T11:48:53.427Z",
                "_changed": "2017-01-25T11:48:53.427Z"
            }
        ],
        "status": "New"
    },
    {
        "_id": "5dab18d1d30bbb57000000f0",
        "description": "This is a new issue",
        "fromemail": "knutmt@gmail.com",
        "title": "New Issue",
        "ticket": "5VWWA",
        "customer": [
            {
                "_id": "588890a5f54b5f59000003c9",
                "name": "Exxon Inc.",
                "_created": "2017-01-25T11:48:53.427Z",
                "_changed": "2017-01-25T11:48:53.427Z"
            }
        ],
        "status": "New"
    },
    {
        "_id": "5dab19efd30bbb57000000fd",
        "description": "This is a new issue",
        "fromemail": "knutmt@gmail.com",
        "title": "New Issue",
        "ticket": "VBZKX",
        "customer": [
            {
                "_id": "588890a5f54b5f59000003c9",
                "name": "Exxon Inc.",
                "_created": "2017-01-25T11:48:53.427Z",
                "_changed": "2017-01-25T11:48:53.427Z"
            }
        ],
        "status": "New"
    },
    {
        "_id": "5dab1a03d30bbb5700000100",
        "description": "This is a new issue",
        "fromemail": "knutmt@gmail.com",
        "title": "New Issue0",
        "ticket": "1CDT0",
        "customer": [
            {
                "_id": "588890a5f54b5f59000003c9",
                "name": "Exxon Inc.",
                "_created": "2017-01-25T11:48:53.427Z",
                "_changed": "2017-01-25T11:48:53.427Z"
            }
        ],
        "status": "New"
    },
    {
        "_id": "5dab1c66d30bbb570000011a",
        "description": "title is updated",
        "fromemail": "knutmt@gmail.com",
        "title": "New Issue",
        "ticket": "55LCT",
        "customer": [
            {
                "_id": "588890a5f54b5f59000003c9",
                "name": "Exxon Inc.",
                "_created": "2017-01-25T11:48:53.427Z",
                "_changed": "2017-01-25T11:48:53.427Z"
            }
        ],
        "status": "New"
    },
    {
        "_id": "5dab1c6bd30bbb570000011d",
        "description": "title2 updated",
        "fromemail": "knutmt@gmail.com",
        "title": "New Issue",
        "ticket": "IAS0I",
        "customer": [
            {
                "_id": "588890a5f54b5f59000003c9",
                "name": "Exxon Inc.",
                "_created": "2017-01-25T11:48:53.427Z",
                "_changed": "2017-01-25T11:48:53.427Z"
            }
        ],
        "status": "New"
    },
    {
        "_id": "5dab1f8ad30bbb5700000136",
        "description": "title is updated",
        "fromemail": "knutmt@gmail.com",
        "title": "This is a new issue 1",
        "ticket": "A3G6S",
        "customer": [
            {
                "_id": "588890a5f54b5f59000003c9",
                "name": "Exxon Inc.",
                "_created": "2017-01-25T11:48:53.427Z",
                "_changed": "2017-01-25T11:48:53.427Z"
            }
        ],
        "status": "New"
    },
    {
        "_id": "5dab208ad30bbb5700000140",
        "description": "This is a new issue",
        "fromemail": "knutmt@gmail.com",
        "title": "New Issue",
        "ticket": "JWXDJ",
        "customer": [
            {
                "_id": "588890a5f54b5f59000003c9",
                "name": "Exxon Inc.",
                "_created": "2017-01-25T11:48:53.427Z",
                "_changed": "2017-01-25T11:48:53.427Z"
            }
        ],
        "status": "New"
    },
    {
        "_id": "5dab209fd30bbb5700000143",
        "description": "This is a new issue",
        "fromemail": "knutmt@gmail.com",
        "title": "New Issue0",
        "ticket": "19JL9",
        "customer": [
            {
                "_id": "588890a5f54b5f59000003c9",
                "name": "Exxon Inc.",
                "_created": "2017-01-25T11:48:53.427Z",
                "_changed": "2017-01-25T11:48:53.427Z"
            }
        ],
        "status": "New"
    },
    {
        "_id": "5dab229ad30bbb5700000156",
        "description": "This is a new issue",
        "fromemail": "knutmt@gmail.com",
        "title": "New Issue0",
        "ticket": "9Y0T1",
        "customer": [
            {
                "_id": "588890a5f54b5f59000003c9",
                "name": "Exxon Inc.",
                "_created": "2017-01-25T11:48:53.427Z",
                "_changed": "2017-01-25T11:48:53.427Z"
            }
        ],
        "status": "New"
    },
    {
        "_id": "5dab24b9d30bbb5700000169",
        "description": "This is a new issue",
        "fromemail": "knutmt@gmail.com",
        "title": "New Issue0",
        "ticket": "JXKDO",
        "customer": [
            {
                "_id": "588890a5f54b5f59000003c9",
                "name": "Exxon Inc.",
                "_created": "2017-01-25T11:48:53.427Z",
                "_changed": "2017-01-25T11:48:53.427Z"
            }
        ],
        "status": "New"
    },
    {
        "_id": "5dab25f9d30bbb5700000179",
        "description": "This is a new issue",
        "fromemail": "knutmt@gmail.com",
        "title": "New Issue",
        "ticket": "5IE6F",
        "customer": [
            {
                "_id": "588890a5f54b5f59000003c9",
                "name": "Exxon Inc.",
                "_created": "2017-01-25T11:48:53.427Z",
                "_changed": "2017-01-25T11:48:53.427Z"
            }
        ],
        "status": "New"
    },
    {
        "_id": "5dab2878d30bbb5700000197",
        "description": "This is a new issue",
        "fromemail": "knutmt@gmail.com",
        "title": "New Issue0",
        "ticket": "XP96F",
        "customer": [
            {
                "_id": "588890a5f54b5f59000003c9",
                "name": "Exxon Inc.",
                "_created": "2017-01-25T11:48:53.427Z",
                "_changed": "2017-01-25T11:48:53.427Z"
            }
        ],
        "status": "New"
    },
    {
        "_id": "5dab2b15d30bbb57000001b7",
        "description": "This is a new issue",
        "fromemail": "knutmt@gmail.com",
        "title": "New Issue",
        "ticket": "ZP0O5",
        "customer": [
            {
                "_id": "588890a5f54b5f59000003c9",
                "name": "Exxon Inc.",
                "_created": "2017-01-25T11:48:53.427Z",
                "_changed": "2017-01-25T11:48:53.427Z"
            }
        ],
        "status": "New"
    },
    {
        "_id": "5dab368cd30bbb5700000238",
        "description": "This is a new issue",
        "fromemail": "knutmt@gmail.com",
        "title": "New Issue",
        "ticket": "ZYYAU",
        "customer": [
            {
                "_id": "588890a5f54b5f59000003c9",
                "name": "Exxon Inc.",
                "_created": "2017-01-25T11:48:53.427Z",
                "_changed": "2017-01-25T11:48:53.427Z"
            }
        ],
        "status": "New"
    },
    {
        "_id": "5dab4e37d30bbb57000002f1",
        "description": "title is updated",
        "fromemail": "knutmt@gmail.com",
        "title": "This is a new issue 1",
        "ticket": "7S52C",
        "customer": [
            {
                "_id": "588890a5f54b5f59000003c9",
                "name": "Exxon Inc.",
                "_created": "2017-01-25T11:48:53.427Z",
                "_changed": "2017-01-25T11:48:53.427Z"
            }
        ],
        "status": "New"
    },
    {
        "_id": "5dab51b3d30bbb570000030a",
        "description": "title is updated",
        "fromemail": "knutmt@gmail.com",
        "title": "This is a new issue 1",
        "ticket": "A6A6V",
        "customer": [
            {
                "_id": "588890a5f54b5f59000003c9",
                "name": "Exxon Inc.",
                "_created": "2017-01-25T11:48:53.427Z",
                "_changed": "2017-01-25T11:48:53.427Z"
            }
        ],
        "status": "New"
    },
    {
        "_id": "5dab5276d30bbb5700000314",
        "description": "title is updated",
        "fromemail": "knutmt@gmail.com",
        "title": "This is a new issue 1",
        "ticket": "QTS96",
        "customer": [
            {
                "_id": "588890a5f54b5f59000003c9",
                "name": "Exxon Inc.",
                "_created": "2017-01-25T11:48:53.427Z",
                "_changed": "2017-01-25T11:48:53.427Z"
            }
        ],
        "status": "New"
    },
    {
        "_id": "5dab527bd30bbb5700000317",
        "description": "title2 updated",
        "fromemail": "knutmt@gmail.com",
        "title": "This is a new issue 2",
        "ticket": "DJGVC",
        "customer": [
            {
                "_id": "588890a5f54b5f59000003c9",
                "name": "Exxon Inc.",
                "_created": "2017-01-25T11:48:53.427Z",
                "_changed": "2017-01-25T11:48:53.427Z"
            }
        ],
        "status": "New"
    },
    {
        "_id": "5dab534bd30bbb570000031e",
        "description": "title is updated",
        "fromemail": "knutmt@gmail.com",
        "title": "This is a new issue 1",
        "ticket": "A8H49",
        "customer": [
            {
                "_id": "588890a5f54b5f59000003c9",
                "name": "Exxon Inc.",
                "_created": "2017-01-25T11:48:53.427Z",
                "_changed": "2017-01-25T11:48:53.427Z"
            }
        ],
        "status": "New"
    },
    {
        "_id": "5dab5350d30bbb5700000321",
        "description": "title2 updated",
        "fromemail": "knutmt@gmail.com",
        "title": "This is a new issue 2",
        "ticket": "LR0IE",
        "customer": [
            {
                "_id": "588890a5f54b5f59000003c9",
                "name": "Exxon Inc.",
                "_created": "2017-01-25T11:48:53.427Z",
                "_changed": "2017-01-25T11:48:53.427Z"
            }
        ],
        "status": "New"
    },
    {
        "_id": "5dab53a7d30bbb5700000326",
        "description": "title is updated",
        "fromemail": "knutmt@gmail.com",
        "title": "This is a new issue 1",
        "ticket": "XWFVT",
        "customer": [
            {
                "_id": "588890a5f54b5f59000003c9",
                "name": "Exxon Inc.",
                "_created": "2017-01-25T11:48:53.427Z",
                "_changed": "2017-01-25T11:48:53.427Z"
            }
        ],
        "status": "New"
    },
    {
        "_id": "5dab53abd30bbb5700000329",
        "description": "title2 updated",
        "fromemail": "knutmt@gmail.com",
        "title": "This is a new issue 2",
        "ticket": "P9YL8",
        "customer": [
            {
                "_id": "588890a5f54b5f59000003c9",
                "name": "Exxon Inc.",
                "_created": "2017-01-25T11:48:53.427Z",
                "_changed": "2017-01-25T11:48:53.427Z"
            }
        ],
        "status": "New"
    },
    {
        "_id": "5dab55acd30bbb5700000336",
        "description": "title is updated",
        "fromemail": "knutmt@gmail.com",
        "title": "This is a new issue 1",
        "ticket": "160LM",
        "customer": [
            {
                "_id": "588890a5f54b5f59000003c9",
                "name": "Exxon Inc.",
                "_created": "2017-01-25T11:48:53.427Z",
                "_changed": "2017-01-25T11:48:53.427Z"
            }
        ],
        "status": "New"
    },
    {
        "_id": "5dab55b1d30bbb570000033a",
        "description": "title2 updated",
        "fromemail": "knutmt@gmail.com",
        "title": "This is a new issue 2",
        "ticket": "FRLTD",
        "customer": [
            {
                "_id": "588890a5f54b5f59000003c9",
                "name": "Exxon Inc.",
                "_created": "2017-01-25T11:48:53.427Z",
                "_changed": "2017-01-25T11:48:53.427Z"
            }
        ],
        "status": "New"
    },
    {
        "_id": "5dab5697d30bbb5700000341",
        "description": "title is updated",
        "fromemail": "knutmt@gmail.com",
        "title": "This is a new issue 1",
        "ticket": "TNFTA",
        "customer": [
            {
                "_id": "588890a5f54b5f59000003c9",
                "name": "Exxon Inc.",
                "_created": "2017-01-25T11:48:53.427Z",
                "_changed": "2017-01-25T11:48:53.427Z"
            }
        ],
        "status": "New"
    },
    {
        "_id": "5dab569cd30bbb5700000344",
        "description": "title2 updated",
        "fromemail": "knutmt@gmail.com",
        "title": "This is a new issue 2",
        "ticket": "ZSSB1",
        "customer": [
            {
                "_id": "588890a5f54b5f59000003c9",
                "name": "Exxon Inc.",
                "_created": "2017-01-25T11:48:53.427Z",
                "_changed": "2017-01-25T11:48:53.427Z"
            }
        ],
        "status": "New"
    },
    {
        "_id": "5dab585dd30bbb5700000350",
        "description": "title is updated",
        "fromemail": "knutmt@gmail.com",
        "title": "This is a new issue 1",
        "ticket": "O5KVW",
        "customer": [
            {
                "_id": "588890a5f54b5f59000003c9",
                "name": "Exxon Inc.",
                "_created": "2017-01-25T11:48:53.427Z",
                "_changed": "2017-01-25T11:48:53.427Z"
            }
        ],
        "status": "New"
    },
    {
        "_id": "5dab5862d30bbb5700000353",
        "description": "title2 updated",
        "fromemail": "knutmt@gmail.com",
        "title": "This is a new issue 2",
        "ticket": "3DW5V",
        "customer": [
            {
                "_id": "588890a5f54b5f59000003c9",
                "name": "Exxon Inc.",
                "_created": "2017-01-25T11:48:53.427Z",
                "_changed": "2017-01-25T11:48:53.427Z"
            }
        ],
        "status": "New"
    },
    {
        "_id": "5dab58b4d30bbb5700000359",
        "description": "title is updated",
        "fromemail": "knutmt@gmail.com",
        "title": "This is a new issue 1",
        "ticket": "KIUON",
        "customer": [
            {
                "_id": "588890a5f54b5f59000003c9",
                "name": "Exxon Inc.",
                "_created": "2017-01-25T11:48:53.427Z",
                "_changed": "2017-01-25T11:48:53.427Z"
            }
        ],
        "status": "New"
    },
    {
        "_id": "5dab58b8d30bbb570000035c",
        "description": "title2 updated",
        "fromemail": "knutmt@gmail.com",
        "title": "This is a new issue 2",
        "ticket": "RS6XH",
        "customer": [
            {
                "_id": "588890a5f54b5f59000003c9",
                "name": "Exxon Inc.",
                "_created": "2017-01-25T11:48:53.427Z",
                "_changed": "2017-01-25T11:48:53.427Z"
            }
        ],
        "status": "New"
    },
    {
        "_id": "5dab6f5fd30bbb5700000453",
        "description": "This is a new issue",
        "fromemail": "knutmt@gmail.com",
        "title": "New Issue",
        "ticket": "21HMM",
        "customer": [
            {
                "_id": "588890a5f54b5f59000003c9",
                "name": "Exxon Inc.",
                "_created": "2017-01-25T11:48:53.427Z",
                "_changed": "2017-01-25T11:48:53.427Z"
            }
        ],
        "status": "New"
    },
    {
        "_id": "5dab6f96d30bbb5700000457",
        "description": "This is a new issue",
        "fromemail": "knutmt@gmail.com",
        "title": "New Issue",
        "ticket": "2U6TZ",
        "customer": [
            {
                "_id": "588890a5f54b5f59000003c9",
                "name": "Exxon Inc.",
                "_created": "2017-01-25T11:48:53.427Z",
                "_changed": "2017-01-25T11:48:53.427Z"
            }
        ],
        "status": "New"
    },
    {
        "_id": "5dab7922d30bbb57000004af",
        "description": "This is a new issue For Test",
        "fromemail": "knutmt@gmail.com",
        "title": "New Issue",
        "ticket": "EE8ZY",
        "customer": [
            {
                "_id": "588890a5f54b5f59000003c9",
                "name": "Exxon Inc.",
                "_created": "2017-01-25T11:48:53.427Z",
                "_changed": "2017-01-25T11:48:53.427Z"
            }
        ],
        "status": "New"
    },
    {
        "_id": "5dabfe4cd30bbb57000009a8",
        "description": "title is updated",
        "fromemail": "knutmt@gmail.com",
        "title": "This is a new issue 1",
        "ticket": "HV3EX",
        "customer": [
            {
                "_id": "588890a5f54b5f59000003c9",
                "name": "Exxon Inc.",
                "_created": "2017-01-25T11:48:53.427Z",
                "_changed": "2017-01-25T11:48:53.427Z"
            }
        ],
        "status": "New"
    },
    {
        "_id": "5dabfe51d30bbb57000009ab",
        "description": "title2 updated",
        "fromemail": "knutmt@gmail.com",
        "title": "This is a new issue 2",
        "ticket": "I7BN4",
        "customer": [
            {
                "_id": "588890a5f54b5f59000003c9",
                "name": "Exxon Inc.",
                "_created": "2017-01-25T11:48:53.427Z",
                "_changed": "2017-01-25T11:48:53.427Z"
            }
        ],
        "status": "New"
    },
    {
        "_id": "5dac0100d30bbb57000009ce",
        "description": "This is a new issue",
        "fromemail": "knutmt@gmail.com",
        "title": "New Issue",
        "ticket": "RD030",
        "customer": [
            {
                "_id": "588890a5f54b5f59000003c9",
                "name": "Exxon Inc.",
                "_created": "2017-01-25T11:48:53.427Z",
                "_changed": "2017-01-25T11:48:53.427Z"
            }
        ],
        "status": "New"
    },
    {
        "_id": "5dac0113d30bbb57000009d2",
        "description": "This is a new issue",
        "fromemail": "knutmt@gmail.com",
        "title": "New Issue",
        "ticket": "J4R96",
        "customer": [
            {
                "_id": "588890a5f54b5f59000003c9",
                "name": "Exxon Inc.",
                "_created": "2017-01-25T11:48:53.427Z",
                "_changed": "2017-01-25T11:48:53.427Z"
            }
        ],
        "status": "New"
    },
    {
        "_id": "5dac01eed30bbb57000009dd",
        "description": "This is a new issue",
        "fromemail": "knutmt@gmail.com",
        "title": "New Issue",
        "ticket": "ACLOE",
        "customer": [
            {
                "_id": "588890a5f54b5f59000003c9",
                "name": "Exxon Inc.",
                "_created": "2017-01-25T11:48:53.427Z",
                "_changed": "2017-01-25T11:48:53.427Z"
            }
        ],
        "status": "New"
    },
    {
        "_id": "5dac0230d30bbb57000009e3",
        "description": "This is a new issue",
        "fromemail": "knutmt@gmail.com",
        "title": "New Issue",
        "ticket": "PFMKE",
        "customer": [
            {
                "_id": "588890a5f54b5f59000003c9",
                "name": "Exxon Inc.",
                "_created": "2017-01-25T11:48:53.427Z",
                "_changed": "2017-01-25T11:48:53.427Z"
            }
        ],
        "status": "New"
    },
    {
        "_id": "5dac0258d30bbb57000009e7",
        "description": "This is a new issue",
        "fromemail": "knutmt@gmail.com",
        "title": "Newff Issue",
        "ticket": "1K0Y8",
        "customer": [
            {
                "_id": "588890a5f54b5f59000003c9",
                "name": "Exxon Inc.",
                "_created": "2017-01-25T11:48:53.427Z",
                "_changed": "2017-01-25T11:48:53.427Z"
            }
        ],
        "status": "New"
    },
    {
        "_id": "5dac0275d30bbb57000009ec",
        "description": "This is a new issue",
        "fromemail": "knutmt@gmail.com",
        "title": "Shubham Issue",
        "ticket": "T9XLX",
        "customer": [
            {
                "_id": "588890a5f54b5f59000003c9",
                "name": "Exxon Inc.",
                "_created": "2017-01-25T11:48:53.427Z",
                "_changed": "2017-01-25T11:48:53.427Z"
            }
        ],
        "status": "New"
    },
    {
        "_id": "5dac030fd30bbb57000009f2",
        "description": "This is a new issue",
        "fromemail": "knutmt@gmail.com",
        "title": "Shubham Issue",
        "ticket": "N7CA4",
        "customer": [
            {
                "_id": "588890a5f54b5f59000003c9",
                "name": "Exxon Inc.",
                "_created": "2017-01-25T11:48:53.427Z",
                "_changed": "2017-01-25T11:48:53.427Z"
            }
        ],
        "status": "New"
    },
    {
        "_id": "5dac076bd30bbb5700000a1d",
        "description": "This is a new issue",
        "fromemail": "knutmt@gmail.com",
        "title": "Shubham Issue",
        "ticket": "0TH2R",
        "customer": [
            {
                "_id": "588890a5f54b5f59000003c9",
                "name": "Exxon Inc.",
                "_created": "2017-01-25T11:48:53.427Z",
                "_changed": "2017-01-25T11:48:53.427Z"
            }
        ],
        "status": "New"
    },
    {
        "_id": "5dac084ed30bbb5700000a27",
        "description": "This is a new issue",
        "fromemail": "knutmt@gmail.com",
        "title": "Shubham Issue",
        "ticket": "7R83V",
        "customer": [
            {
                "_id": "588890a5f54b5f59000003c9",
                "name": "Exxon Inc.",
                "_created": "2017-01-25T11:48:53.427Z",
                "_changed": "2017-01-25T11:48:53.427Z"
            }
        ],
        "status": "New"
    },
    {
        "_id": "5dac0a27d30bbb5700000a38",
        "description": "This is a new issue",
        "fromemail": "knutmt@gmail.com",
        "title": "Shubham Issue",
        "ticket": "2PZND",
        "customer": [
            {
                "_id": "588890a5f54b5f59000003c9",
                "name": "Exxon Inc.",
                "_created": "2017-01-25T11:48:53.427Z",
                "_changed": "2017-01-25T11:48:53.427Z"
            }
        ],
        "status": "New"
    },
    {
        "_id": "5dac0dcbd30bbb5700000a5e",
        "description": "This is a new issue",
        "fromemail": "knutmt@gmail.com",
        "title": "Shubham Issue",
        "ticket": "R56Y5",
        "customer": [
            {
                "_id": "588890a5f54b5f59000003c9",
                "name": "Exxon Inc.",
                "_created": "2017-01-25T11:48:53.427Z",
                "_changed": "2017-01-25T11:48:53.427Z"
            }
        ],
        "status": "New"
    },
    {
        "_id": "5dac0e0cd30bbb5700000a63",
        "description": "This is a new issue",
        "fromemail": "knutmt@gmail.com",
        "title": "Shubham Issue",
        "ticket": "XHPHX",
        "customer": [
            {
                "_id": "588890a5f54b5f59000003c9",
                "name": "Exxon Inc.",
                "_created": "2017-01-25T11:48:53.427Z",
                "_changed": "2017-01-25T11:48:53.427Z"
            }
        ],
        "status": "New"
    },
    {
        "_id": "5dac0fcbd30bbb5700000a79",
        "description": "This is a new issue",
        "fromemail": "knutmt@gmail.com",
        "title": "Shubham Issue",
        "ticket": "8NELM",
        "customer": [
            {
                "_id": "588890a5f54b5f59000003c9",
                "name": "Exxon Inc.",
                "_created": "2017-01-25T11:48:53.427Z",
                "_changed": "2017-01-25T11:48:53.427Z"
            }
        ],
        "status": "New"
    },
    {
        "_id": "5dac100cd30bbb5700000a7e",
        "description": "This is a new issue",
        "fromemail": "knutmt@gmail.com",
        "title": "Shubham Issue",
        "ticket": "1WTEH",
        "customer": [
            {
                "_id": "588890a5f54b5f59000003c9",
                "name": "Exxon Inc.",
                "_created": "2017-01-25T11:48:53.427Z",
                "_changed": "2017-01-25T11:48:53.427Z"
            }
        ],
        "status": "New"
    },
    {
        "_id": "5dac10e3d30bbb5700000a87",
        "description": "This is a new issue",
        "fromemail": "knutmt@gmail.com",
        "title": "Shubham Issue",
        "ticket": "TMMA1",
        "customer": [
            {
                "_id": "588890a5f54b5f59000003c9",
                "name": "Exxon Inc.",
                "_created": "2017-01-25T11:48:53.427Z",
                "_changed": "2017-01-25T11:48:53.427Z"
            }
        ],
        "status": "New"
    },
    {
        "_id": "5dac1609d30bbb5700000aad",
        "description": "This is a new issue",
        "fromemail": "knutmt@gmail.com",
        "title": "New Issue",
        "ticket": "0CKXF",
        "customer": [
            {
                "_id": "588890a5f54b5f59000003c9",
                "name": "Exxon Inc.",
                "_created": "2017-01-25T11:48:53.427Z",
                "_changed": "2017-01-25T11:48:53.427Z"
            }
        ],
        "status": "New"
    },
    {
        "_id": "5dac1ae3d30bbb5700000ace",
        "description": "title is updated",
        "fromemail": "knutmt@gmail.com",
        "title": "This is a new issue 1",
        "ticket": "8C5U6",
        "customer": [
            {
                "_id": "588890a5f54b5f59000003c9",
                "name": "Exxon Inc.",
                "_created": "2017-01-25T11:48:53.427Z",
                "_changed": "2017-01-25T11:48:53.427Z"
            }
        ],
        "status": "New"
    },
    {
        "_id": "5dac1ae8d30bbb5700000ad1",
        "description": "title2 updated",
        "fromemail": "knutmt@gmail.com",
        "title": "This is a new issue 2",
        "ticket": "U6ZAK",
        "customer": [
            {
                "_id": "588890a5f54b5f59000003c9",
                "name": "Exxon Inc.",
                "_created": "2017-01-25T11:48:53.427Z",
                "_changed": "2017-01-25T11:48:53.427Z"
            }
        ],
        "status": "New"
    },
    {
        "_id": "5dac1df3d30bbb5700000af2",
        "description": "title is updated",
        "fromemail": "knutmt@gmail.com",
        "title": "This is a new issue 1",
        "ticket": "FXBW8",
        "customer": [
            {
                "_id": "588890a5f54b5f59000003c9",
                "name": "Exxon Inc.",
                "_created": "2017-01-25T11:48:53.427Z",
                "_changed": "2017-01-25T11:48:53.427Z"
            }
        ],
        "status": "New"
    },
    {
        "_id": "5dac1df8d30bbb5700000af5",
        "description": "title2 updated",
        "fromemail": "knutmt@gmail.com",
        "title": "This is a new issue 2",
        "ticket": "2XKKU",
        "customer": [
            {
                "_id": "588890a5f54b5f59000003c9",
                "name": "Exxon Inc.",
                "_created": "2017-01-25T11:48:53.427Z",
                "_changed": "2017-01-25T11:48:53.427Z"
            }
        ],
        "status": "New"
    },
    {
        "_id": "5dac1e49d30bbb5700000af9",
        "description": "title is updated",
        "fromemail": "knutmt@gmail.com",
        "title": "This is a new issue 1",
        "ticket": "LDJBW",
        "customer": [
            {
                "_id": "588890a5f54b5f59000003c9",
                "name": "Exxon Inc.",
                "_created": "2017-01-25T11:48:53.427Z",
                "_changed": "2017-01-25T11:48:53.427Z"
            }
        ],
        "status": "New"
    },
    {
        "_id": "5dac1e4ed30bbb5700000afd",
        "description": "title2 updated",
        "fromemail": "knutmt@gmail.com",
        "title": "This is a new issue 2",
        "ticket": "5LFH4",
        "customer": [
            {
                "_id": "588890a5f54b5f59000003c9",
                "name": "Exxon Inc.",
                "_created": "2017-01-25T11:48:53.427Z",
                "_changed": "2017-01-25T11:48:53.427Z"
            }
        ],
        "status": "New"
    },
    {
        "_id": "5dac421fd30bbb5700000c3c",
        "description": "This is a new issue",
        "fromemail": "knutmt@gmail.com",
        "title": "Shubham Issue",
        "ticket": "7XURI",
        "customer": [
            {
                "_id": "588890a5f54b5f59000003c9",
                "name": "Exxon Inc.",
                "_created": "2017-01-25T11:48:53.427Z",
                "_changed": "2017-01-25T11:48:53.427Z"
            }
        ],
        "status": "New"
    },
    {
        "_id": "5dac4eaad30bbb5700000ca7",
        "description": "This is a new issue",
        "fromemail": "knutmt@gmail.com",
        "title": "New Issue",
        "ticket": "SJEYL",
        "customer": [
            {
                "_id": "588890a5f54b5f59000003c9",
                "name": "Exxon Inc.",
                "_created": "2017-01-25T11:48:53.427Z",
                "_changed": "2017-01-25T11:48:53.427Z"
            }
        ],
        "status": "New"
    },
    {
        "_id": "5dac8f1cd30bbb5700000f7e",
        "description": "This is a new issue",
        "fromemail": "knutmt@gmail.com",
        "title": "New Issue",
        "ticket": "ZSOLP",
        "customer": [
            {
                "_id": "588890a5f54b5f59000003c9",
                "name": "Exxon Inc.",
                "_created": "2017-01-25T11:48:53.427Z",
                "_changed": "2017-01-25T11:48:53.427Z"
            }
        ],
        "status": "New"
    },
    {
        "_id": "5dac8f20d30bbb5700000f81",
        "description": "This is a new issue",
        "fromemail": "knutmt@gmail.com",
        "title": "New Issue",
        "ticket": "92CAD",
        "customer": [
            {
                "_id": "588890a5f54b5f59000003c9",
                "name": "Exxon Inc.",
                "_created": "2017-01-25T11:48:53.427Z",
                "_changed": "2017-01-25T11:48:53.427Z"
            }
        ],
        "status": "New"
    },
    {
        "_id": "5dacac83d30bbb5700001136",
        "description": "This is a new issue",
        "fromemail": "knutmt@gmail.com",
        "title": "New Issue",
        "ticket": "UAGAV",
        "customer": [
            {
                "_id": "588890a5f54b5f59000003c9",
                "name": "Exxon Inc.",
                "_created": "2017-01-25T11:48:53.427Z",
                "_changed": "2017-01-25T11:48:53.427Z"
            }
        ],
        "status": "New"
    },
    {
        "_id": "5dacae91d30bbb5700001153",
        "description": "This is a new issue",
        "fromemail": "knutmt@gmail.com",
        "title": "New Issue",
        "ticket": "WLU9G",
        "customer": [
            {
                "_id": "588890a5f54b5f59000003c9",
                "name": "Exxon Inc.",
                "_created": "2017-01-25T11:48:53.427Z",
                "_changed": "2017-01-25T11:48:53.427Z"
            }
        ],
        "status": "New"
    },
    {
        "_id": "5dacb7fad30bbb57000011c3",
        "description": "This is a new issue",
        "fromemail": "knutmt@gmail.com",
        "title": "New Issue",
        "ticket": "H9WNH",
        "customer": [
            {
                "_id": "588890a5f54b5f59000003c9",
                "name": "Exxon Inc.",
                "_created": "2017-01-25T11:48:53.427Z",
                "_changed": "2017-01-25T11:48:53.427Z"
            }
        ],
        "status": "New"
    },
    {
        "_id": "5dacbfa1d30bbb570000121b",
        "description": "This is a new issue",
        "fromemail": "knutmt@gmail.com",
        "title": "New Issue",
        "ticket": "24GTY",
        "customer": [
            {
                "_id": "588890a5f54b5f59000003c9",
                "name": "Exxon Inc.",
                "_created": "2017-01-25T11:48:53.427Z",
                "_changed": "2017-01-25T11:48:53.427Z"
            }
        ],
        "status": "New"
    },
    {
        "_id": "5dacc0acd30bbb570000122f",
        "description": "This is a new issue",
        "fromemail": "knutmt@gmail.com",
        "title": "New Issue",
        "ticket": "SGF1B",
        "customer": [
            {
                "_id": "588890a5f54b5f59000003c9",
                "name": "Exxon Inc.",
                "_created": "2017-01-25T11:48:53.427Z",
                "_changed": "2017-01-25T11:48:53.427Z"
            }
        ],
        "status": "New"
    },
    {
        "_id": "5dacc0dfd30bbb5700001233",
        "description": "This is a new issue",
        "fromemail": "knutmt@gmail.com",
        "title": "New Issue",
        "ticket": "ZG2DE",
        "customer": [
            {
                "_id": "588890a5f54b5f59000003c9",
                "name": "Exxon Inc.",
                "_created": "2017-01-25T11:48:53.427Z",
                "_changed": "2017-01-25T11:48:53.427Z"
            }
        ],
        "status": "New"
    },
    {
        "_id": "5dacc10ad30bbb5700001237",
        "description": "This is a new issue",
        "fromemail": "knutmt@gmail.com",
        "title": "New Issue",
        "ticket": "RP92K",
        "customer": [
            {
                "_id": "588890a5f54b5f59000003c9",
                "name": "Exxon Inc.",
                "_created": "2017-01-25T11:48:53.427Z",
                "_changed": "2017-01-25T11:48:53.427Z"
            }
        ],
        "status": "New"
    },
    {
        "_id": "5dacc1bfd30bbb5700001244",
        "description": "This is a new issue",
        "fromemail": "knutmt@gmail.com",
        "title": "New Issue",
        "ticket": "KO2NK",
        "customer": [
            {
                "_id": "588890a5f54b5f59000003c9",
                "name": "Exxon Inc.",
                "_created": "2017-01-25T11:48:53.427Z",
                "_changed": "2017-01-25T11:48:53.427Z"
            }
        ],
        "status": "New"
    },
    {
        "_id": "5dacc1fcd30bbb5700001249",
        "description": "This is a new issue",
        "fromemail": "knutmt@gmail.com",
        "title": "New Issue",
        "ticket": "4ETEB",
        "customer": [
            {
                "_id": "588890a5f54b5f59000003c9",
                "name": "Exxon Inc.",
                "_created": "2017-01-25T11:48:53.427Z",
                "_changed": "2017-01-25T11:48:53.427Z"
            }
        ],
        "status": "New"
    },
    {
        "_id": "5dacc211d30bbb570000124d",
        "description": "This is a new issue",
        "fromemail": "knutmt@gmail.com",
        "title": "New Issue",
        "ticket": "YM9PW",
        "customer": [
            {
                "_id": "588890a5f54b5f59000003c9",
                "name": "Exxon Inc.",
                "_created": "2017-01-25T11:48:53.427Z",
                "_changed": "2017-01-25T11:48:53.427Z"
            }
        ],
        "status": "New"
    },
    {
        "_id": "5dacc397d30bbb5700001264",
        "description": "This is a new issue",
        "fromemail": "knutmt@gmail.com",
        "title": "New Issue",
        "ticket": "SEJ5F",
        "customer": [
            {
                "_id": "588890a5f54b5f59000003c9",
                "name": "Exxon Inc.",
                "_created": "2017-01-25T11:48:53.427Z",
                "_changed": "2017-01-25T11:48:53.427Z"
            }
        ],
        "status": "New"
    },
    {
        "_id": "5dacc48fd30bbb5700001270",
        "description": "This is a new issue",
        "fromemail": "knutmt@gmail.com",
        "title": "New Issue",
        "ticket": "A96F7",
        "customer": [
            {
                "_id": "588890a5f54b5f59000003c9",
                "name": "Exxon Inc.",
                "_created": "2017-01-25T11:48:53.427Z",
                "_changed": "2017-01-25T11:48:53.427Z"
            }
        ],
        "status": "New"
    },
    {
        "_id": "5dacc4afd30bbb5700001274",
        "description": "This is a new issue",
        "fromemail": "knutmt@gmail.com",
        "title": "New Issue",
        "ticket": "F1E7Z",
        "customer": [
            {
                "_id": "588890a5f54b5f59000003c9",
                "name": "Exxon Inc.",
                "_created": "2017-01-25T11:48:53.427Z",
                "_changed": "2017-01-25T11:48:53.427Z"
            }
        ],
        "status": "New"
    },
    {
        "_id": "5dacc4cad30bbb5700001278",
        "description": "This is a new issue",
        "fromemail": "knutmt@gmail.com",
        "title": "New Issue",
        "ticket": "MNYS8",
        "customer": [
            {
                "_id": "588890a5f54b5f59000003c9",
                "name": "Exxon Inc.",
                "_created": "2017-01-25T11:48:53.427Z",
                "_changed": "2017-01-25T11:48:53.427Z"
            }
        ],
        "status": "New"
    },
    {
        "_id": "5dacc50ad30bbb570000127d",
        "description": "This is a new issue",
        "fromemail": "knutmt@gmail.com",
        "title": "New Issue",
        "ticket": "LJWFB",
        "customer": [
            {
                "_id": "588890a5f54b5f59000003c9",
                "name": "Exxon Inc.",
                "_created": "2017-01-25T11:48:53.427Z",
                "_changed": "2017-01-25T11:48:53.427Z"
            }
        ],
        "status": "New"
    },
    {
        "_id": "5dacc539d30bbb5700001284",
        "description": "This is a new issue",
        "fromemail": "knutmt@gmail.com",
        "title": "New Issue",
        "ticket": "35VD5",
        "customer": [
            {
                "_id": "588890a5f54b5f59000003c9",
                "name": "Exxon Inc.",
                "_created": "2017-01-25T11:48:53.427Z",
                "_changed": "2017-01-25T11:48:53.427Z"
            }
        ],
        "status": "New"
    },
    {
        "_id": "5dacc80ad30bbb57000012ab",
        "description": "This is a new issue",
        "fromemail": "knutmt@gmail.com",
        "title": "New Issue",
        "ticket": "CVGUJ",
        "customer": [
            {
                "_id": "588890a5f54b5f59000003c9",
                "name": "Exxon Inc.",
                "_created": "2017-01-25T11:48:53.427Z",
                "_changed": "2017-01-25T11:48:53.427Z"
            }
        ],
        "status": "New"
    },
    {
        "_id": "5dacc821d30bbb57000012ae",
        "description": "This is a new issue",
        "fromemail": "knutmt@gmail.com",
        "title": "New Issue",
        "ticket": "3C5NL",
        "customer": [
            {
                "_id": "588890a5f54b5f59000003c9",
                "name": "Exxon Inc.",
                "_created": "2017-01-25T11:48:53.427Z",
                "_changed": "2017-01-25T11:48:53.427Z"
            }
        ],
        "status": "New"
    },
    {
        "_id": "5dacc986d30bbb57000012ca",
        "description": "This is a new issue",
        "fromemail": "knutmt@gmail.com",
        "title": "New Issue",
        "ticket": "LZJRI",
        "customer": [
            {
                "_id": "588890a5f54b5f59000003c9",
                "name": "Exxon Inc.",
                "_created": "2017-01-25T11:48:53.427Z",
                "_changed": "2017-01-25T11:48:53.427Z"
            }
        ],
        "status": "New"
    },
    {
        "_id": "5dacca16d30bbb57000012d6",
        "description": "This is a new issue",
        "fromemail": "knutmt@gmail.com",
        "title": "New Issue",
        "ticket": "4CNP4",
        "customer": [
            {
                "_id": "588890a5f54b5f59000003c9",
                "name": "Exxon Inc.",
                "_created": "2017-01-25T11:48:53.427Z",
                "_changed": "2017-01-25T11:48:53.427Z"
            }
        ],
        "status": "New"
    },
    {
        "_id": "5dacca34d30bbb57000012da",
        "description": "This is a new issue",
        "fromemail": "knutmt@gmail.com",
        "title": "New Issue",
        "ticket": "0FTD1",
        "customer": [
            {
                "_id": "588890a5f54b5f59000003c9",
                "name": "Exxon Inc.",
                "_created": "2017-01-25T11:48:53.427Z",
                "_changed": "2017-01-25T11:48:53.427Z"
            }
        ],
        "status": "New"
    },
    {
        "_id": "5dacca6dd30bbb57000012e0",
        "description": "This is a new issue",
        "fromemail": "knutmt@gmail.com",
        "title": "New Issue",
        "ticket": "CPMMA",
        "customer": [
            {
                "_id": "588890a5f54b5f59000003c9",
                "name": "Exxon Inc.",
                "_created": "2017-01-25T11:48:53.427Z",
                "_changed": "2017-01-25T11:48:53.427Z"
            }
        ],
        "status": "New"
    },
    {
        "_id": "5dad37cfd30bbb570000191b",
        "description": "This is a new issue",
        "fromemail": "knutmt@gmail.com",
        "title": "New Issue",
        "ticket": "YZV28",
        "customer": [
            {
                "_id": "588890a5f54b5f59000003c9",
                "name": "Exxon Inc.",
                "_created": "2017-01-25T11:48:53.427Z",
                "_changed": "2017-01-25T11:48:53.427Z"
            }
        ],
        "status": "New"
    },
    {
        "_id": "5dad3a0ed30bbb5700001930",
        "description": "This is created issue by manisha",
        "fromemail": "knutmt@gmail.com",
        "title": "New Issue",
        "ticket": "6KPOO",
        "customer": [
            {
                "_id": "588890a5f54b5f59000003c9",
                "name": "Exxon Inc.",
                "_created": "2017-01-25T11:48:53.427Z",
                "_changed": "2017-01-25T11:48:53.427Z"
            }
        ],
        "status": "New"
    },
    {
        "_id": "5dad40ebd30bbb5700001970",
        "description": "This is a new issue1",
        "fromemail": "knutmt@gmail.com",
        "title": "New Issue",
        "ticket": "6YBLF",
        "customer": [
            {
                "_id": "588890a5f54b5f59000003c9",
                "name": "Exxon Inc.",
                "_created": "2017-01-25T11:48:53.427Z",
                "_changed": "2017-01-25T11:48:53.427Z"
            }
        ],
        "status": "New"
    },
    {
        "_id": "5dad43a1d30bbb5700001996",
        "description": "This is a new issue",
        "fromemail": "knutmt@gmail.com",
        "title": "New Issue",
        "ticket": "Z9QJ5",
        "customer": [
            {
                "_id": "588890a5f54b5f59000003c9",
                "name": "Exxon Inc.",
                "_created": "2017-01-25T11:48:53.427Z",
                "_changed": "2017-01-25T11:48:53.427Z"
            }
        ],
        "status": "New"
    },
    {
        "_id": "5dad43aad30bbb5700001999",
        "title": "New Issue",
        "ticket": "8P6GO",
        "customer": [
            {
                "_id": "588890a5f54b5f59000003c9",
                "name": "Exxon Inc.",
                "_created": "2017-01-25T11:48:53.427Z",
                "_changed": "2017-01-25T11:48:53.427Z"
            }
        ],
        "status": "New"
    },
    {
        "_id": "5dad507dd30bbb5700001bc7",
        "description": "This is a new issue",
        "fromemail": "knutmt@gmail.com",
        "title": "New Issue",
        "ticket": "XCTBC",
        "customer": [
            {
                "_id": "588890a5f54b5f59000003c9",
                "name": "Exxon Inc.",
                "_created": "2017-01-25T11:48:53.427Z",
                "_changed": "2017-01-25T11:48:53.427Z"
            }
        ],
        "status": "New"
    },
    {
        "_id": "5dad6185d30bbb5700001c55",
        "description": "This is created issue by manisha",
        "fromemail": "knutmt@gmail.com",
        "title": "New Issue",
        "ticket": "3W4DC",
        "customer": [
            {
                "_id": "588890a5f54b5f59000003c9",
                "name": "Exxon Inc.",
                "_created": "2017-01-25T11:48:53.427Z",
                "_changed": "2017-01-25T11:48:53.427Z"
            }
        ],
        "status": "New"
    },
    {
        "_id": "5dad619bd30bbb5700001c59",
        "description": "This is created issue by manisha",
        "fromemail": "knutmt@gmail.com",
        "title": "New Issue",
        "ticket": "VTTDZ",
        "customer": [
            {
                "_id": "588890a5f54b5f59000003c9",
                "name": "Exxon Inc.",
                "_created": "2017-01-25T11:48:53.427Z",
                "_changed": "2017-01-25T11:48:53.427Z"
            }
        ],
        "status": "New"
    },
    {
        "_id": "5dad63fdd30bbb5700001c73",
        "description": "This is a new issue",
        "fromemail": "knutmt@gmail.com",
        "title": "New Issue",
        "ticket": "F8XX1",
        "customer": [
            {
                "_id": "588890a5f54b5f59000003c9",
                "name": "Exxon Inc.",
                "_created": "2017-01-25T11:48:53.427Z",
                "_changed": "2017-01-25T11:48:53.427Z"
            }
        ],
        "status": "New"
    },
    {
        "_id": "5dad65f8d30bbb5700001c88",
        "description": "This is a new issue",
        "fromemail": "knutmt@gmail.com",
        "title": "New Issue",
        "ticket": "BLJRW",
        "customer": [
            {
                "_id": "588890a5f54b5f59000003c9",
                "name": "Exxon Inc.",
                "_created": "2017-01-25T11:48:53.427Z",
                "_changed": "2017-01-25T11:48:53.427Z"
            }
        ],
        "status": "New"
    },
    {
        "_id": "5dad79e5d30bbb5700001d48",
        "description": "This is a new issue1",
        "fromemail": "test123@gmail.com",
        "title": "New Issue 1",
        "ticket": "W0S07",
        "customer": [
            {
                "_id": "5887dd51f54b5f59000000d8",
                "name": "restdb.io",
                "_created": "2017-01-24T23:03:45.332Z",
                "_changed": "2017-01-25T11:45:37.126Z"
            }
        ],
        "status": "New"
    },
    {
        "_id": "5dad7c03d30bbb5700001dea",
        "description": "This is a new issue 1",
        "fromemail": "test123@gmail.com",
        "title": "New issue 1",
        "ticket": "5K87U",
        "customer": [
            {
                "_id": "5887dd51f54b5f59000000d8",
                "name": "restdb.io",
                "_created": "2017-01-24T23:03:45.332Z",
                "_changed": "2017-01-25T11:45:37.126Z"
            }
        ],
        "status": "New"
    },
    {
        "_id": "5dad7c1ed30bbb5700001ded",
        "description": "This is a new issue 1",
        "fromemail": "test123@gmail.com",
        "title": "New issue 1",
        "ticket": "OXNWR",
        "customer": [
            {
                "_id": "5887dd51f54b5f59000000d8",
                "name": "restdb.io",
                "_created": "2017-01-24T23:03:45.332Z",
                "_changed": "2017-01-25T11:45:37.126Z"
            }
        ],
        "status": "New"
    },
    {
        "_id": "5dad7fb6d30bbb5700001e33",
        "description": "This is a new issue 1",
        "fromemail": "test123@gmail.com",
        "title": "New issue 1",
        "ticket": "PL8OH",
        "customer": [
            {
                "_id": "5887dd51f54b5f59000000d8",
                "name": "restdb.io",
                "_created": "2017-01-24T23:03:45.332Z",
                "_changed": "2017-01-25T11:45:37.126Z"
            }
        ],
        "status": "New"
    },
    {
        "_id": "5dad83b1d30bbb5700001e67",
        "description": "This is a new issue2",
        "fromemail": "test123@gmail.com",
        "title": "New Issue 2",
        "ticket": "DIHX4",
        "customer": [
            {
                "_id": "5887dd51f54b5f59000000d8",
                "name": "restdb.io",
                "_created": "2017-01-24T23:03:45.332Z",
                "_changed": "2017-01-25T11:45:37.126Z"
            }
        ],
        "status": "New"
    },
    {
        "_id": "5dad87ddd30bbb5700001e92",
        "description": "This is a new issue 4",
        "fromemail": "test123@gmail.com",
        "title": "New issue 4",
        "id": 0,
        "ticket": "PUUDO",
        "customer": [
            {
                "_id": "5887dd51f54b5f59000000d8",
                "name": "restdb.io",
                "_created": "2017-01-24T23:03:45.332Z",
                "_changed": "2017-01-25T11:45:37.126Z"
            }
        ],
        "status": "New"
    },
    {
        "_id": "5dad88a2d30bbb5700001e9a",
        "description": "This is a new issue 4",
        "fromemail": "test123@gmail.com",
        "title": "New issue 4",
        "id": 0,
        "ticket": "V81YS",
        "customer": [
            {
                "_id": "5887dd51f54b5f59000000d8",
                "name": "restdb.io",
                "_created": "2017-01-24T23:03:45.332Z",
                "_changed": "2017-01-25T11:45:37.126Z"
            }
        ],
        "status": "New"
    },
    {
        "_id": "5dad9814d30bbb5700001f3d",
        "description": "This is a new issue2",
        "fromemail": "test123@gmail.com",
        "title": "New issue1!",
        "ticket": "Q0TY1",
        "customer": [
            {
                "_id": "5887dd51f54b5f59000000d8",
                "name": "restdb.io",
                "_created": "2017-01-24T23:03:45.332Z",
                "_changed": "2017-01-25T11:45:37.126Z"
            }
        ],
        "status": "New"
    },
    {
        "_id": "5dada101d30bbb5700001fb9",
        "description": "This is a new issue 4",
        "fromemail": "test123@gmail.com",
        "title": "New issue 4",
        "id": 0,
        "ticket": "K6D1P",
        "customer": [
            {
                "_id": "5887dd51f54b5f59000000d8",
                "name": "restdb.io",
                "_created": "2017-01-24T23:03:45.332Z",
                "_changed": "2017-01-25T11:45:37.126Z"
            }
        ],
        "status": "New"
    },
    {
        "_id": "5dae366dd30bbb57000028b0",
        "description": "This is a sample description",
        "title": "Sample Title 1",
        "fromEmail": "knutmt@gmail.com",
        "ticket": "ED9YV",
        "customer": [
            {
                "_id": "5887dd51f54b5f59000000d8",
                "name": "restdb.io",
                "_created": "2017-01-24T23:03:45.332Z",
                "_changed": "2017-01-25T11:45:37.126Z"
            }
        ],
        "status": "New"
    },
    {
        "_id": "5dae382fd30bbb57000028bf",
        "description": "This is a sample description",
        "title": "Sample Title 1",
        "fromEmail": "knutmt@gmail.com",
        "ticket": "6QTK1",
        "customer": [
            {
                "_id": "5887dd51f54b5f59000000d8",
                "name": "restdb.io",
                "_created": "2017-01-24T23:03:45.332Z",
                "_changed": "2017-01-25T11:45:37.126Z"
            }
        ],
        "status": "New"
    },
    {
        "_id": "5dae3835d30bbb57000028c2",
        "description": "32434 98374293 9238423",
        "title": "5463456345 66356",
        "fromEmail": "knutmt@gmail.com",
        "ticket": "X00PD",
        "customer": [
            {
                "_id": "5887dd51f54b5f59000000d8",
                "name": "restdb.io",
                "_created": "2017-01-24T23:03:45.332Z",
                "_changed": "2017-01-25T11:45:37.126Z"
            }
        ],
        "status": "New"
    },
    {
        "_id": "5dae3839d30bbb57000028c4",
        "description": "normal text for description",
        "title": "normal text for title",
        "fromEmail": "randomemail@gmail.com",
        "ticket": "O8OEJ",
        "customer": [
            {
                "_id": "5887dd51f54b5f59000000d8",
                "name": "restdb.io",
                "_created": "2017-01-24T23:03:45.332Z",
                "_changed": "2017-01-25T11:45:37.126Z"
            }
        ],
        "status": "New"
    },
    {
        "_id": "5da884a5a0e3560400001ce9",
        "description": "THIS This is a new issue by THOMAS",
        "fromemail": "knutmt@gmail.com",
        "title": "$#%#$%^#%&$%^&$^*&^*%^",
        "ticket": "95FQB",
        "customer": [
            {
                "_id": "588890a5f54b5f59000003c9",
                "name": "Exxon Inc.",
                "_created": "2017-01-25T11:48:53.427Z",
                "_changed": "2017-01-25T11:48:53.427Z",
                "_createdby": "jones@restdb.io",
                "_changedby": "jones@restdb.io",
                "_version": 0
            }
        ],
        "status": "New"
    },
    {
        "_id": "5dae3e3ad30bbb57000028fc",
        "description": "This is a sample description",
        "title": "Sample Title 1",
        "fromEmail": "knutmt@gmail.com",
        "ticket": "P7ISX",
        "customer": [
            {
                "_id": "5887dd51f54b5f59000000d8",
                "name": "restdb.io",
                "_created": "2017-01-24T23:03:45.332Z",
                "_changed": "2017-01-25T11:45:37.126Z"
            }
        ],
        "status": "New"
    },
    {
        "_id": "5dae3e56d30bbb57000028ff",
        "description": "32434 98374293 9238423",
        "title": "5463456345 66356",
        "fromEmail": "knutmt@gmail.com",
        "ticket": "XIU3N",
        "customer": [
            {
                "_id": "5887dd51f54b5f59000000d8",
                "name": "restdb.io",
                "_created": "2017-01-24T23:03:45.332Z",
                "_changed": "2017-01-25T11:45:37.126Z"
            }
        ],
        "status": "New"
    },
    {
        "_id": "5dae3e5ad30bbb5700002901",
        "description": "normal text for description",
        "title": "normal text for title",
        "fromEmail": "randomemail@gmail.com",
        "ticket": "FBNR8",
        "customer": [
            {
                "_id": "5887dd51f54b5f59000000d8",
                "name": "restdb.io",
                "_created": "2017-01-24T23:03:45.332Z",
                "_changed": "2017-01-25T11:45:37.126Z"
            }
        ],
        "status": "New"
    },
    {
        "_id": "5dae4623d30bbb570000293e",
        "description": "This is a sample description",
        "title": "Sample Title 1",
        "fromEmail": "knutmt@gmail.com",
        "ticket": "RK7L9",
        "customer": [
            {
                "_id": "5887dd51f54b5f59000000d8",
                "name": "restdb.io",
                "_created": "2017-01-24T23:03:45.332Z",
                "_changed": "2017-01-25T11:45:37.126Z"
            }
        ],
        "status": "New"
    },
    {
        "_id": "5dae4629d30bbb5700002940",
        "description": "32434 98374293 9238423",
        "title": "5463456345 66356",
        "fromEmail": "knutmt@gmail.com",
        "ticket": "4JKO8",
        "customer": [
            {
                "_id": "5887dd51f54b5f59000000d8",
                "name": "restdb.io",
                "_created": "2017-01-24T23:03:45.332Z",
                "_changed": "2017-01-25T11:45:37.126Z"
            }
        ],
        "status": "New"
    },
    {
        "_id": "5dae462dd30bbb5700002942",
        "description": "normal text for description",
        "title": "normal text for title",
        "fromEmail": "randomemail@gmail.com",
        "ticket": "WD1SK",
        "customer": [
            {
                "_id": "5887dd51f54b5f59000000d8",
                "name": "restdb.io",
                "_created": "2017-01-24T23:03:45.332Z",
                "_changed": "2017-01-25T11:45:37.126Z"
            }
        ],
        "status": "New"
    },
    {
        "_id": "5dae483dd30bbb5700002956",
        "description": "This is a sample description",
        "title": "Sample Title 1",
        "fromEmail": "knutmt@gmail.com",
        "ticket": "9ZIG4",
        "customer": [
            {
                "_id": "5887dd51f54b5f59000000d8",
                "name": "restdb.io",
                "_created": "2017-01-24T23:03:45.332Z",
                "_changed": "2017-01-25T11:45:37.126Z"
            }
        ],
        "status": "New"
    },
    {
        "_id": "5dae4844d30bbb5700002958",
        "description": "32434 98374293 9238423",
        "title": "5463456345 66356",
        "fromEmail": "knutmt@gmail.com",
        "ticket": "8T725",
        "customer": [
            {
                "_id": "5887dd51f54b5f59000000d8",
                "name": "restdb.io",
                "_created": "2017-01-24T23:03:45.332Z",
                "_changed": "2017-01-25T11:45:37.126Z"
            }
        ],
        "status": "New"
    },
    {
        "_id": "5dae4848d30bbb570000295a",
        "description": "normal text for description",
        "title": "normal text for title",
        "fromEmail": "randomemail@gmail.com",
        "ticket": "0ONPV",
        "customer": [
            {
                "_id": "5887dd51f54b5f59000000d8",
                "name": "restdb.io",
                "_created": "2017-01-24T23:03:45.332Z",
                "_changed": "2017-01-25T11:45:37.126Z"
            }
        ],
        "status": "New"
    },
    {
        "_id": "5dae4ad5d30bbb5700002971",
        "description": "This is a sample description",
        "title": "Sample Title 1",
        "fromEmail": "knutmt@gmail.com",
        "ticket": "GYAMK",
        "customer": [
            {
                "_id": "5887dd51f54b5f59000000d8",
                "name": "restdb.io",
                "_created": "2017-01-24T23:03:45.332Z",
                "_changed": "2017-01-25T11:45:37.126Z"
            }
        ],
        "status": "New"
    },
    {
        "_id": "5dae4adbd30bbb5700002974",
        "description": "32434 98374293 9238423",
        "title": "5463456345 66356",
        "fromEmail": "knutmt@gmail.com",
        "ticket": "QRTWA",
        "customer": [
            {
                "_id": "5887dd51f54b5f59000000d8",
                "name": "restdb.io",
                "_created": "2017-01-24T23:03:45.332Z",
                "_changed": "2017-01-25T11:45:37.126Z"
            }
        ],
        "status": "New"
    },
    {
        "_id": "5dae4adfd30bbb5700002976",
        "description": "normal text for description",
        "title": "normal text for title",
        "fromEmail": "randomemail@gmail.com",
        "ticket": "K8HEF",
        "customer": [
            {
                "_id": "5887dd51f54b5f59000000d8",
                "name": "restdb.io",
                "_created": "2017-01-24T23:03:45.332Z",
                "_changed": "2017-01-25T11:45:37.126Z"
            }
        ],
        "status": "New"
    },
    {
        "_id": "5dae4b82d30bbb570000297f",
        "description": "This is a sample description",
        "title": "Sample Title 1",
        "fromEmail": "knutmt@gmail.com",
        "ticket": "XDXDZ",
        "customer": [
            {
                "_id": "5887dd51f54b5f59000000d8",
                "name": "restdb.io",
                "_created": "2017-01-24T23:03:45.332Z",
                "_changed": "2017-01-25T11:45:37.126Z"
            }
        ],
        "status": "New"
    },
    {
        "_id": "5dae4b88d30bbb5700002981",
        "description": "32434 98374293 9238423",
        "title": "5463456345 66356",
        "fromEmail": "knutmt@gmail.com",
        "ticket": "XONK6",
        "customer": [
            {
                "_id": "5887dd51f54b5f59000000d8",
                "name": "restdb.io",
                "_created": "2017-01-24T23:03:45.332Z",
                "_changed": "2017-01-25T11:45:37.126Z"
            }
        ],
        "status": "New"
    },
    {
        "_id": "5dae4b8cd30bbb5700002983",
        "description": "normal text for description",
        "title": "normal text for title",
        "fromEmail": "randomemail@gmail.com",
        "ticket": "DHAUG",
        "customer": [
            {
                "_id": "5887dd51f54b5f59000000d8",
                "name": "restdb.io",
                "_created": "2017-01-24T23:03:45.332Z",
                "_changed": "2017-01-25T11:45:37.126Z"
            }
        ],
        "status": "New"
    },
    {
        "_id": "5dae4d51d30bbb5700002992",
        "description": "This is a sample description",
        "title": "Sample Title 1",
        "fromEmail": "knutmt@gmail.com",
        "ticket": "FBHBT",
        "customer": [
            {
                "_id": "5887dd51f54b5f59000000d8",
                "name": "restdb.io",
                "_created": "2017-01-24T23:03:45.332Z",
                "_changed": "2017-01-25T11:45:37.126Z"
            }
        ],
        "status": "New"
    },
    {
        "_id": "5dae4d57d30bbb5700002994",
        "description": "32434 98374293 9238423",
        "title": "5463456345 66356",
        "fromEmail": "knutmt@gmail.com",
        "ticket": "XIRLS",
        "customer": [
            {
                "_id": "5887dd51f54b5f59000000d8",
                "name": "restdb.io",
                "_created": "2017-01-24T23:03:45.332Z",
                "_changed": "2017-01-25T11:45:37.126Z"
            }
        ],
        "status": "New"
    },
    {
        "_id": "5dae4d5bd30bbb5700002996",
        "description": "normal text for description",
        "title": "normal text for title",
        "fromEmail": "randomemail@gmail.com",
        "ticket": "XD68A",
        "customer": [
            {
                "_id": "5887dd51f54b5f59000000d8",
                "name": "restdb.io",
                "_created": "2017-01-24T23:03:45.332Z",
                "_changed": "2017-01-25T11:45:37.126Z"
            }
        ],
        "status": "New"
    },
    {
        "_id": "5daeec75d30bbb5700002fde",
        "title": "New Issue",
        "ticket": "XUMHR",
        "customer": [
            {
                "_id": "5887dd51f54b5f59000000d8",
                "name": "restdb.io",
                "_created": "2017-01-24T23:03:45.332Z",
                "_changed": "2017-01-25T11:45:37.126Z"
            }
        ],
        "status": "New"
    },
    {
        "_id": "5db1425a5a818d1a00000543",
        "description": "This is a new issue 4",
        "fromemail": "test123@gmail.com",
        "title": "New issue 4",
        "id": 0,
        "ticket": "BA767",
        "customer": [
            {
                "_id": "5887dd51f54b5f59000000d8",
                "name": "restdb.io",
                "_created": "2017-01-24T23:03:45.332Z",
                "_changed": "2017-01-25T11:45:37.126Z"
            }
        ],
        "status": "New"
    },
    {
        "_id": "5db146e65a818d1a00000569",
        "description": "This is a new issue 4",
        "fromemail": "test123@gmail.com",
        "title": "New issue 4",
        "id": 0,
        "ticket": "SNXJU",
        "customer": [
            {
                "_id": "5887dd51f54b5f59000000d8",
                "name": "restdb.io",
                "_created": "2017-01-24T23:03:45.332Z",
                "_changed": "2017-01-25T11:45:37.126Z"
            }
        ],
        "status": "New"
    },
    {
        "_id": "5db147a45a818d1a00000576",
        "description": "This is a new issue 4",
        "fromemail": "test123@gmail.com",
        "title": "New issue 4",
        "id": 0,
        "ticket": "JMMH8",
        "customer": [
            {
                "_id": "5887dd51f54b5f59000000d8",
                "name": "restdb.io",
                "_created": "2017-01-24T23:03:45.332Z",
                "_changed": "2017-01-25T11:45:37.126Z"
            }
        ],
        "status": "New"
    },
    {
        "_id": "5db5a9ac5a818d1a000036b3",
        "title": "New Issue!",
        "ticket": "8MDHI",
        "customer": [
            
        ],
        "status": "New",
        "description": "This is a new issue 4",
        "fromemail": "test123@gmail.com"
    },
    {
        "_id": "5db6794a5a818d1a00003cbe",
        "description": "This is a new issue",
        "fromemail": "test123@gmail.com",
        "title": "New Issue",
        "ticket": "2WYB5",
        "customer": [
            {
                "_id": "5887dd51f54b5f59000000d8",
                "name": "restdb.io",
                "_created": "2017-01-24T23:03:45.332Z",
                "_changed": "2017-01-25T11:45:37.126Z"
            }
        ],
        "status": "New"
    },
    {
        "_id": "5db6795c5a818d1a00003cc2",
        "description": "This is a new issue",
        "fromemail": "test123@gmail.com",
        "title": "New Issue",
        "ticket": "3I3VP",
        "customer": [
            {
                "_id": "5887dd51f54b5f59000000d8",
                "name": "restdb.io",
                "_created": "2017-01-24T23:03:45.332Z",
                "_changed": "2017-01-25T11:45:37.126Z"
            }
        ],
        "status": "New"
    },
    {
        "_id": "5db6834a5a818d1a00003cfb",
        "description": "This is a new issue",
        "fromemail": "test123@gmail.com",
        "title": "New Issue",
        "ticket": "41VZB",
        "customer": [
            {
                "_id": "5887dd51f54b5f59000000d8",
                "name": "restdb.io",
                "_created": "2017-01-24T23:03:45.332Z",
                "_changed": "2017-01-25T11:45:37.126Z"
            }
        ],
        "status": "New"
    },
    {
        "_id": "5db684b65a818d1a00003d07",
        "description": "This is a new issue",
        "title": "New Issue",
        "ticket": "W7C2R",
        "customer": [
            {
                "_id": "5887dd51f54b5f59000000d8",
                "name": "restdb.io",
                "_created": "2017-01-24T23:03:45.332Z",
                "_changed": "2017-01-25T11:45:37.126Z"
            }
        ],
        "status": "New"
    },
    {
        "_id": "5db684d05a818d1a00003d0a",
        "fromemail": "test123@gmail.com",
        "title": "New Issue",
        "ticket": "RTN3A",
        "customer": [
            {
                "_id": "5887dd51f54b5f59000000d8",
                "name": "restdb.io",
                "_created": "2017-01-24T23:03:45.332Z",
                "_changed": "2017-01-25T11:45:37.126Z"
            }
        ],
        "status": "New"
    },
    {
        "_id": "5db685a15a818d1a00003d10",
        "description": "This is a new issue",
        "fromemail": "test123@gmail.com",
        "title": "New Issue",
        "ticket": "I9H7F",
        "customer": [
            {
                "_id": "5887dd51f54b5f59000000d8",
                "name": "restdb.io",
                "_created": "2017-01-24T23:03:45.332Z",
                "_changed": "2017-01-25T11:45:37.126Z"
            }
        ],
        "status": "New"
    },
    {
        "_id": "5db6882f5a818d1a00003d30",
        "description": "This is a new issue",
        "title": "New Issue",
        "ticket": "U1HQF",
        "customer": [
            {
                "_id": "5887dd51f54b5f59000000d8",
                "name": "restdb.io",
                "_created": "2017-01-24T23:03:45.332Z",
                "_changed": "2017-01-25T11:45:37.126Z"
            }
        ],
        "status": "New"
    },
    {
        "_id": "5db688d05a818d1a00003d36",
        "fromemail": "test123@gmail.com",
        "title": "New Issue",
        "ticket": "2REB7",
        "customer": [
            {
                "_id": "5887dd51f54b5f59000000d8",
                "name": "restdb.io",
                "_created": "2017-01-24T23:03:45.332Z",
                "_changed": "2017-01-25T11:45:37.126Z"
            }
        ],
        "status": "New"
    },
    {
        "_id": "5db689295a818d1a00003d3b",
        "description": "This is a new issue",
        "fromemail": "test123@gmail.com",
        "title": "New Issue",
        "ticket": "ZRAW9",
        "customer": [
            {
                "_id": "5887dd51f54b5f59000000d8",
                "name": "restdb.io",
                "_created": "2017-01-24T23:03:45.332Z",
                "_changed": "2017-01-25T11:45:37.126Z"
            }
        ],
        "status": "New"
    },
    {
        "_id": "5db6892f5a818d1a00003d3e",
        "description": "This is a new issue",
        "fromemail": "test123@gmail.com",
        "title": "New Issue",
        "ticket": "GJF7L",
        "customer": [
            {
                "_id": "5887dd51f54b5f59000000d8",
                "name": "restdb.io",
                "_created": "2017-01-24T23:03:45.332Z",
                "_changed": "2017-01-25T11:45:37.126Z"
            }
        ],
        "status": "New"
    },
    {
        "_id": "5db689375a818d1a00003d41",
        "description": "This is a new issue",
        "fromemail": "test123@gmail.com",
        "title": "New Issue",
        "ticket": "671A1",
        "customer": [
            {
                "_id": "5887dd51f54b5f59000000d8",
                "name": "restdb.io",
                "_created": "2017-01-24T23:03:45.332Z",
                "_changed": "2017-01-25T11:45:37.126Z"
            }
        ],
        "status": "New"
    },
    {
        "_id": "5db6893b5a818d1a00003d44",
        "description": "This is a new issue",
        "fromemail": "test123@gmail.com",
        "title": "New Issue",
        "ticket": "72RU1",
        "customer": [
            {
                "_id": "5887dd51f54b5f59000000d8",
                "name": "restdb.io",
                "_created": "2017-01-24T23:03:45.332Z",
                "_changed": "2017-01-25T11:45:37.126Z"
            }
        ],
        "status": "New"
    },
    {
        "_id": "5db6893f5a818d1a00003d47",
        "description": "This is a new issue",
        "fromemail": "test123@gmail.com",
        "title": "New Issue",
        "ticket": "5YBZY",
        "customer": [
            {
                "_id": "5887dd51f54b5f59000000d8",
                "name": "restdb.io",
                "_created": "2017-01-24T23:03:45.332Z",
                "_changed": "2017-01-25T11:45:37.126Z"
            }
        ],
        "status": "New"
    },
    {
        "_id": "5db68a165a818d1a00003d50",
        "description": "This is a new issue",
        "fromemail": "test123@gmail.com",
        "title": "New Issue",
        "ticket": "Z8PJK",
        "customer": [
            {
                "_id": "5887dd51f54b5f59000000d8",
                "name": "restdb.io",
                "_created": "2017-01-24T23:03:45.332Z",
                "_changed": "2017-01-25T11:45:37.126Z"
            }
        ],
        "status": "New"
    },
    {
        "_id": "5db68a1a5a818d1a00003d53",
        "description": "This is a new issue",
        "fromemail": "test123@gmail.com",
        "title": "New Issue",
        "ticket": "65OU9",
        "customer": [
            {
                "_id": "5887dd51f54b5f59000000d8",
                "name": "restdb.io",
                "_created": "2017-01-24T23:03:45.332Z",
                "_changed": "2017-01-25T11:45:37.126Z"
            }
        ],
        "status": "New"
    },
    {
        "_id": "5db68a205a818d1a00003d56",
        "description": "This is a new issue",
        "title": "New Issue",
        "ticket": "APE6I",
        "customer": [
            {
                "_id": "5887dd51f54b5f59000000d8",
                "name": "restdb.io",
                "_created": "2017-01-24T23:03:45.332Z",
                "_changed": "2017-01-25T11:45:37.126Z"
            }
        ],
        "status": "New"
    },
    {
        "_id": "5db68a255a818d1a00003d58",
        "fromemail": "test123@gmail.com",
        "title": "New Issue",
        "ticket": "PGTKB",
        "customer": [
            {
                "_id": "5887dd51f54b5f59000000d8",
                "name": "restdb.io",
                "_created": "2017-01-24T23:03:45.332Z",
                "_changed": "2017-01-25T11:45:37.126Z"
            }
        ],
        "status": "New"
    },
    {
        "_id": "5db68a4c5a818d1a00003d5c",
        "description": "This is a new issue",
        "title": "New Issue",
        "ticket": "IFPIX",
        "customer": [
            {
                "_id": "5887dd51f54b5f59000000d8",
                "name": "restdb.io",
                "_created": "2017-01-24T23:03:45.332Z",
                "_changed": "2017-01-25T11:45:37.126Z"
            }
        ],
        "status": "New"
    },
    {
        "_id": "5db68a9d5a818d1a00003d5f",
        "fromemail": "test123@gmail.com",
        "title": "New Issue",
        "ticket": "934JW",
        "customer": [
            {
                "_id": "5887dd51f54b5f59000000d8",
                "name": "restdb.io",
                "_created": "2017-01-24T23:03:45.332Z",
                "_changed": "2017-01-25T11:45:37.126Z"
            }
        ],
        "status": "New"
    },
    {
        "_id": "5db68af65a818d1a00003d65",
        "description": "This is a new issue",
        "fromemail": "test123@gmail.com",
        "title": "New Issue",
        "ticket": "3ZFGM",
        "customer": [
            {
                "_id": "5887dd51f54b5f59000000d8",
                "name": "restdb.io",
                "_created": "2017-01-24T23:03:45.332Z",
                "_changed": "2017-01-25T11:45:37.126Z"
            }
        ],
        "status": "New"
    },
    {
        "_id": "5db68afa5a818d1a00003d68",
        "description": "This is a new issue",
        "fromemail": "test123@gmail.com",
        "title": "New Issue",
        "ticket": "DXC9F",
        "customer": [
            {
                "_id": "5887dd51f54b5f59000000d8",
                "name": "restdb.io",
                "_created": "2017-01-24T23:03:45.332Z",
                "_changed": "2017-01-25T11:45:37.126Z"
            }
        ],
        "status": "New"
    },
    {
        "_id": "5db68b025a818d1a00003d6b",
        "description": "This is a new issue",
        "title": "New Issue",
        "ticket": "YATWV",
        "customer": [
            {
                "_id": "5887dd51f54b5f59000000d8",
                "name": "restdb.io",
                "_created": "2017-01-24T23:03:45.332Z",
                "_changed": "2017-01-25T11:45:37.126Z"
            }
        ],
        "status": "New"
    },
    {
        "_id": "5db68b055a818d1a00003d6d",
        "fromemail": "test123@gmail.com",
        "title": "New Issue",
        "ticket": "Z68JP",
        "customer": [
            {
                "_id": "5887dd51f54b5f59000000d8",
                "name": "restdb.io",
                "_created": "2017-01-24T23:03:45.332Z",
                "_changed": "2017-01-25T11:45:37.126Z"
            }
        ],
        "status": "New"
    },
    {
        "_id": "5db691065a818d1a00003d93",
        "description": "This is a new issue edited",
        "fromemail": "test1234@gmail.com",
        "title": "New Issue edited",
        "ticket": "Y1P8V",
        "customer": [
            {
                "_id": "5887dd51f54b5f59000000d8",
                "name": "restdb.io",
                "_created": "2017-01-24T23:03:45.332Z",
                "_changed": "2017-01-25T11:45:37.126Z"
            }
        ],
        "status": "New"
    },
    {
        "_id": "5db7161c5a818d1a000041a0",
        "description": "This is a new issue 4",
        "fromemail": "test123@gmail.com",
        "ticket": "EJ7K0",
        "title": "New Issue!",
        "status": "New",
        "customer": [
            {
                "_id": "5887dd51f54b5f59000000d8",
                "name": "restdb.io",
                "_created": "2017-01-24T23:03:45.332Z",
                "_changed": "2017-01-25T11:45:37.126Z"
            }
        ]
    },
    {
        "_id": "5db716b35a818d1a000041b4",
        "description": "This is a new issue 4",
        "fromemail": "test123@gmail.com",
        "ticket": "WWT1C",
        "title": "New Issue!",
        "status": "New",
        "customer": [
            {
                "_id": "5887dd51f54b5f59000000d8",
                "name": "restdb.io",
                "_created": "2017-01-24T23:03:45.332Z",
                "_changed": "2017-01-25T11:45:37.126Z"
            }
        ]
    },
    {
        "_id": "5db716d35a818d1a000041b7",
        "description": "This is a new issue 4",
        "fromemail": "test123@gmail.com",
        "title": "New Issue!",
        "status": "New",
        "ticket": "57JX0",
        "customer": [
            {
                "_id": "5887dd51f54b5f59000000d8",
                "name": "restdb.io",
                "_created": "2017-01-24T23:03:45.332Z",
                "_changed": "2017-01-25T11:45:37.126Z"
            }
        ]
    },
    {
        "_id": "5db716f25a818d1a000041bc",
        "description": "This is a new issue 4",
        "fromemail": "test123@gmail.com",
        "title": "New Issue!",
        "status": "New",
        "ticket": "EX8S6",
        "customer": [
            {
                "_id": "5887dd51f54b5f59000000d8",
                "name": "restdb.io",
                "_created": "2017-01-24T23:03:45.332Z",
                "_changed": "2017-01-25T11:45:37.126Z"
            }
        ]
    },
    {
        "_id": "5db71cfc5a818d1a000041f2",
        "description": "This is a new issue 4",
        "fromemail": "test123@gmail.com",
        "title": "New Issue!",
        "status": "New",
        "ticket": "BS01N",
        "customer": [
            {
                "_id": "5887dd51f54b5f59000000d8",
                "name": "restdb.io",
                "_created": "2017-01-24T23:03:45.332Z",
                "_changed": "2017-01-25T11:45:37.126Z"
            }
        ]
    },
    {
        "_id": "5db71d565a818d1a000041f6",
        "description": "This is a new issue 4",
        "fromemail": "test123@gmail.com",
        "title": "New Issue!",
        "status": "New",
        "ticket": "3ZH1V",
        "customer": [
            {
                "_id": "5887dd51f54b5f59000000d8",
                "name": "restdb.io",
                "_created": "2017-01-24T23:03:45.332Z",
                "_changed": "2017-01-25T11:45:37.126Z"
            }
        ]
    },
    {
        "_id": "5db71dd55a818d1a000041fd",
        "description": "This is an Testing issue created by flobiz interview candidate",
        "fromemail": "test123@gmail.com",
        "title": "New Issue!",
        "status": "New",
        "ticket": "K6F5F",
        "customer": [
            {
                "_id": "5887dd51f54b5f59000000d8",
                "name": "restdb.io",
                "_created": "2017-01-24T23:03:45.332Z",
                "_changed": "2017-01-25T11:45:37.126Z"
            }
        ]
    },
    {
        "_id": "5db72ccc5a818d1a00004299",
        "description": "This is an Testing issue created by flobiz interview candidate",
        "fromemail": "test123@gmail.com",
        "title": "New Issue!",
        "status": "New",
        "ticket": "IIYDL",
        "customer": [
            {
                "_id": "5887dd51f54b5f59000000d8",
                "name": "restdb.io",
                "_created": "2017-01-24T23:03:45.332Z",
                "_changed": "2017-01-25T11:45:37.126Z"
            }
        ]
    },
    {
        "_id": "5db731685a818d1a000042cd",
        "description": "This is an Testing issue created by flobiz interview candidate",
        "fromemail": "test123@gmail.com",
        "title": "New Issue!",
        "status": "New",
        "ticket": "88DFE",
        "customer": [
            {
                "_id": "5887dd51f54b5f59000000d8",
                "name": "restdb.io",
                "_created": "2017-01-24T23:03:45.332Z",
                "_changed": "2017-01-25T11:45:37.126Z"
            }
        ]
    },
    {
        "_id": "5db7327e5a818d1a000042e0",
        "description": "This is an Testing issue created by flobiz interview candidate",
        "fromemail": "test123@gmail.com",
        "title": "New Issue!",
        "status": "New",
        "ticket": "Q79MY",
        "customer": [
            {
                "_id": "5887dd51f54b5f59000000d8",
                "name": "restdb.io",
                "_created": "2017-01-24T23:03:45.332Z",
                "_changed": "2017-01-25T11:45:37.126Z"
            }
        ]
    },
    {
        "_id": "5db739715a818d1a00004314",
        "description": "This is an Testing issue created by flobiz interview candidate",
        "fromemail": "test123@gmail.com",
        "title": "New Issue!",
        "status": "New",
        "ticket": "YO9SG",
        "customer": [
            {
                "_id": "5887dd51f54b5f59000000d8",
                "name": "restdb.io",
                "_created": "2017-01-24T23:03:45.332Z",
                "_changed": "2017-01-25T11:45:37.126Z"
            }
        ]
    },
    {
        "_id": "5db740c95a818d1a00004362",
        "description": "This is an Testing issue created by flobiz interview candidate, now it closed",
        "fromemail": "test123@gmail.com",
        "title": "Issue closed",
        "status": "Closed",
        "ticket": "JX42T",
        "customer": [
            {
                "_id": "5887dd51f54b5f59000000d8",
                "name": "restdb.io",
                "_created": "2017-01-24T23:03:45.332Z",
                "_changed": "2017-01-25T11:45:37.126Z"
            }
        ]
    },
    {
        "_id": "5db7467a5a818d1a00004393",
        "description": "This is an Testing issue created by flobiz interview candidate",
        "fromemail": "test123@gmail.com",
        "title": "New Issue!",
        "status": "New",
        "ticket": "6R8VE",
        "customer": [
            {
                "_id": "5887dd51f54b5f59000000d8",
                "name": "restdb.io",
                "_created": "2017-01-24T23:03:45.332Z",
                "_changed": "2017-01-25T11:45:37.126Z"
            }
        ]
    },
    {
        "_id": "5db80d895a818d1a00004a0d",
        "description": "This is a new issue",
        "fromemail": "test123@gmail.com",
        "title": "New Issue",
        "ticket": "I5PE4",
        "customer": [
            {
                "_id": "5887dd51f54b5f59000000d8",
                "name": "restdb.io",
                "_created": "2017-01-24T23:03:45.332Z",
                "_changed": "2017-01-25T11:45:37.126Z"
            }
        ],
        "status": "New"
    },
    {
        "_id": "5db80d8d5a818d1a00004a10",
        "description": "This is a new issue",
        "fromemail": "test123@gmail.com",
        "title": "New Issue",
        "ticket": "1O8C0",
        "customer": [
            {
                "_id": "5887dd51f54b5f59000000d8",
                "name": "restdb.io",
                "_created": "2017-01-24T23:03:45.332Z",
                "_changed": "2017-01-25T11:45:37.126Z"
            }
        ],
        "status": "New"
    },
    {
        "_id": "5db80d955a818d1a00004a13",
        "description": "This is a new issue",
        "title": "New Issue",
        "ticket": "RBUZY",
        "customer": [
            {
                "_id": "5887dd51f54b5f59000000d8",
                "name": "restdb.io",
                "_created": "2017-01-24T23:03:45.332Z",
                "_changed": "2017-01-25T11:45:37.126Z"
            }
        ],
        "status": "New"
    },
    {
        "_id": "5db80d995a818d1a00004a15",
        "fromemail": "test123@gmail.com",
        "title": "New Issue",
        "ticket": "0PXR8",
        "customer": [
            {
                "_id": "5887dd51f54b5f59000000d8",
                "name": "restdb.io",
                "_created": "2017-01-24T23:03:45.332Z",
                "_changed": "2017-01-25T11:45:37.126Z"
            }
        ],
        "status": "New"
    },
    {
        "_id": "5db80eed5a818d1a00004a28",
        "description": "This is a new issue",
        "fromemail": "test123@gmail.com",
        "title": "New Issue",
        "ticket": "SWUA8",
        "customer": [
            {
                "_id": "5887dd51f54b5f59000000d8",
                "name": "restdb.io",
                "_created": "2017-01-24T23:03:45.332Z",
                "_changed": "2017-01-25T11:45:37.126Z"
            }
        ],
        "status": "New"
    },
    {
        "_id": "5db80ef25a818d1a00004a2c",
        "description": "This is a new issue",
        "fromemail": "test123@gmail.com",
        "title": "New Issue",
        "ticket": "MSRTZ",
        "customer": [
            {
                "_id": "5887dd51f54b5f59000000d8",
                "name": "restdb.io",
                "_created": "2017-01-24T23:03:45.332Z",
                "_changed": "2017-01-25T11:45:37.126Z"
            }
        ],
        "status": "New"
    },
    {
        "_id": "5db80ef85a818d1a00004a2f",
        "description": "This is a new issue",
        "title": "New Issue",
        "ticket": "PM8K5",
        "customer": [
            {
                "_id": "5887dd51f54b5f59000000d8",
                "name": "restdb.io",
                "_created": "2017-01-24T23:03:45.332Z",
                "_changed": "2017-01-25T11:45:37.126Z"
            }
        ],
        "status": "New"
    },
    {
        "_id": "5db80efd5a818d1a00004a31",
        "fromemail": "test123@gmail.com",
        "title": "New Issue",
        "ticket": "W208L",
        "customer": [
            {
                "_id": "5887dd51f54b5f59000000d8",
                "name": "restdb.io",
                "_created": "2017-01-24T23:03:45.332Z",
                "_changed": "2017-01-25T11:45:37.126Z"
            }
        ],
        "status": "New"
    },
    {
        "_id": "5db80f9c5a818d1a00004a3f",
        "description": "This is a new issue",
        "fromemail": "test123@gmail.com",
        "title": "New Issue",
        "ticket": "URNCU",
        "customer": [
            {
                "_id": "5887dd51f54b5f59000000d8",
                "name": "restdb.io",
                "_created": "2017-01-24T23:03:45.332Z",
                "_changed": "2017-01-25T11:45:37.126Z"
            }
        ],
        "status": "New"
    },
    {
        "_id": "5db80fa15a818d1a00004a42",
        "description": "This is a new issue",
        "fromemail": "test123@gmail.com",
        "title": "New Issue",
        "ticket": "8O1WP",
        "customer": [
            {
                "_id": "5887dd51f54b5f59000000d8",
                "name": "restdb.io",
                "_created": "2017-01-24T23:03:45.332Z",
                "_changed": "2017-01-25T11:45:37.126Z"
            }
        ],
        "status": "New"
    },
    {
        "_id": "5db80fa75a818d1a00004a45",
        "description": "This is a new issue",
        "title": "New Issue",
        "ticket": "O3LBV",
        "customer": [
            {
                "_id": "5887dd51f54b5f59000000d8",
                "name": "restdb.io",
                "_created": "2017-01-24T23:03:45.332Z",
                "_changed": "2017-01-25T11:45:37.126Z"
            }
        ],
        "status": "New"
    },
    {
        "_id": "5db80faa5a818d1a00004a47",
        "fromemail": "test123@gmail.com",
        "title": "New Issue",
        "ticket": "350D1",
        "customer": [
            {
                "_id": "5887dd51f54b5f59000000d8",
                "name": "restdb.io",
                "_created": "2017-01-24T23:03:45.332Z",
                "_changed": "2017-01-25T11:45:37.126Z"
            }
        ],
        "status": "New"
    },
    {
        "_id": "5db8100a5a818d1a00004a4c",
        "description": "This is a new issue",
        "fromemail": "test123@gmail.com",
        "title": "New Issue",
        "ticket": "PO5WM",
        "customer": [
            {
                "_id": "5887dd51f54b5f59000000d8",
                "name": "restdb.io",
                "_created": "2017-01-24T23:03:45.332Z",
                "_changed": "2017-01-25T11:45:37.126Z"
            }
        ],
        "status": "New"
    },
    {
        "_id": "5db8100f5a818d1a00004a4f",
        "description": "This is a new issue",
        "fromemail": "test123@gmail.com",
        "title": "New Issue",
        "ticket": "MHZDD",
        "customer": [
            {
                "_id": "5887dd51f54b5f59000000d8",
                "name": "restdb.io",
                "_created": "2017-01-24T23:03:45.332Z",
                "_changed": "2017-01-25T11:45:37.126Z"
            }
        ],
        "status": "New"
    },
    {
        "_id": "5db810155a818d1a00004a52",
        "description": "This is a new issue",
        "title": "New Issue",
        "ticket": "RYZDA",
        "customer": [
            {
                "_id": "5887dd51f54b5f59000000d8",
                "name": "restdb.io",
                "_created": "2017-01-24T23:03:45.332Z",
                "_changed": "2017-01-25T11:45:37.126Z"
            }
        ],
        "status": "New"
    },
    {
        "_id": "5db8101b5a818d1a00004a54",
        "fromemail": "test123@gmail.com",
        "title": "New Issue",
        "ticket": "UMTGO",
        "customer": [
            {
                "_id": "5887dd51f54b5f59000000d8",
                "name": "restdb.io",
                "_created": "2017-01-24T23:03:45.332Z",
                "_changed": "2017-01-25T11:45:37.126Z"
            }
        ],
        "status": "New"
    },
    {
        "_id": "5db810925a818d1a00004a59",
        "description": "This is a new issue",
        "fromemail": "test123@gmail.com",
        "title": "New Issue",
        "ticket": "PJTK7",
        "customer": [
            {
                "_id": "5887dd51f54b5f59000000d8",
                "name": "restdb.io",
                "_created": "2017-01-24T23:03:45.332Z",
                "_changed": "2017-01-25T11:45:37.126Z"
            }
        ],
        "status": "New"
    },
    {
        "_id": "5db810975a818d1a00004a5c",
        "description": "This is a new issue",
        "fromemail": "test123@gmail.com",
        "title": "New Issue",
        "ticket": "403BY",
        "customer": [
            {
                "_id": "5887dd51f54b5f59000000d8",
                "name": "restdb.io",
                "_created": "2017-01-24T23:03:45.332Z",
                "_changed": "2017-01-25T11:45:37.126Z"
            }
        ],
        "status": "New"
    },
    {
        "_id": "5db8109c5a818d1a00004a5f",
        "description": "This is a new issue",
        "title": "New Issue",
        "ticket": "1J9DY",
        "customer": [
            {
                "_id": "5887dd51f54b5f59000000d8",
                "name": "restdb.io",
                "_created": "2017-01-24T23:03:45.332Z",
                "_changed": "2017-01-25T11:45:37.126Z"
            }
        ],
        "status": "New"
    },
    {
        "_id": "5db810a15a818d1a00004a61",
        "fromemail": "test123@gmail.com",
        "title": "New Issue",
        "ticket": "CS4JN",
        "customer": [
            {
                "_id": "5887dd51f54b5f59000000d8",
                "name": "restdb.io",
                "_created": "2017-01-24T23:03:45.332Z",
                "_changed": "2017-01-25T11:45:37.126Z"
            }
        ],
        "status": "New"
    },
    {
        "_id": "5db8117a5a818d1a00004a68",
        "description": "This is a new issue",
        "fromemail": "test123@gmail.com",
        "title": "New Issue",
        "ticket": "73YMP",
        "customer": [
            {
                "_id": "5887dd51f54b5f59000000d8",
                "name": "restdb.io",
                "_created": "2017-01-24T23:03:45.332Z",
                "_changed": "2017-01-25T11:45:37.126Z"
            }
        ],
        "status": "New"
    },
    {
        "_id": "5db811805a818d1a00004a6b",
        "description": "This is a new issue",
        "fromemail": "test123@gmail.com",
        "title": "New Issue",
        "ticket": "50DD0",
        "customer": [
            {
                "_id": "5887dd51f54b5f59000000d8",
                "name": "restdb.io",
                "_created": "2017-01-24T23:03:45.332Z",
                "_changed": "2017-01-25T11:45:37.126Z"
            }
        ],
        "status": "New"
    },
    {
        "_id": "5db811865a818d1a00004a6e",
        "description": "This is a new issue",
        "title": "New Issue",
        "ticket": "K7871",
        "customer": [
            {
                "_id": "5887dd51f54b5f59000000d8",
                "name": "restdb.io",
                "_created": "2017-01-24T23:03:45.332Z",
                "_changed": "2017-01-25T11:45:37.126Z"
            }
        ],
        "status": "New"
    },
    {
        "_id": "5db811895a818d1a00004a70",
        "fromemail": "test123@gmail.com",
        "title": "New Issue",
        "ticket": "NLR7Z",
        "customer": [
            {
                "_id": "5887dd51f54b5f59000000d8",
                "name": "restdb.io",
                "_created": "2017-01-24T23:03:45.332Z",
                "_changed": "2017-01-25T11:45:37.126Z"
            }
        ],
        "status": "New"
    },
    {
        "_id": "5db8122a5a818d1a00004a76",
        "description": "This is a new issue",
        "fromemail": "test123@gmail.com",
        "title": "New Issue",
        "ticket": "8FSTL",
        "customer": [
            {
                "_id": "5887dd51f54b5f59000000d8",
                "name": "restdb.io",
                "_created": "2017-01-24T23:03:45.332Z",
                "_changed": "2017-01-25T11:45:37.126Z"
            }
        ],
        "status": "New"
    },
    {
        "_id": "5db8122e5a818d1a00004a79",
        "description": "This is a new issue",
        "fromemail": "test123@gmail.com",
        "title": "New Issue",
        "ticket": "EQHFZ",
        "customer": [
            {
                "_id": "5887dd51f54b5f59000000d8",
                "name": "restdb.io",
                "_created": "2017-01-24T23:03:45.332Z",
                "_changed": "2017-01-25T11:45:37.126Z"
            }
        ],
        "status": "New"
    },
    {
        "_id": "5db812355a818d1a00004a7c",
        "description": "This is a new issue",
        "title": "New Issue",
        "ticket": "GA3U4",
        "customer": [
            {
                "_id": "5887dd51f54b5f59000000d8",
                "name": "restdb.io",
                "_created": "2017-01-24T23:03:45.332Z",
                "_changed": "2017-01-25T11:45:37.126Z"
            }
        ],
        "status": "New"
    },
    {
        "_id": "5db812385a818d1a00004a7e",
        "fromemail": "test123@gmail.com",
        "title": "New Issue",
        "ticket": "K71BC",
        "customer": [
            {
                "_id": "5887dd51f54b5f59000000d8",
                "name": "restdb.io",
                "_created": "2017-01-24T23:03:45.332Z",
                "_changed": "2017-01-25T11:45:37.126Z"
            }
        ],
        "status": "New"
    },
    {
        "_id": "5db812d05a818d1a00004a85",
        "description": "This is a new issue",
        "fromemail": "test123@gmail.com",
        "title": "New Issue",
        "ticket": "ZO0KC",
        "customer": [
            {
                "_id": "5887dd51f54b5f59000000d8",
                "name": "restdb.io",
                "_created": "2017-01-24T23:03:45.332Z",
                "_changed": "2017-01-25T11:45:37.126Z"
            }
        ],
        "status": "New"
    },
    {
        "_id": "5db812d45a818d1a00004a88",
        "description": "This is a new issue",
        "fromemail": "test123@gmail.com",
        "title": "New Issue",
        "ticket": "SCDCL",
        "customer": [
            {
                "_id": "5887dd51f54b5f59000000d8",
                "name": "restdb.io",
                "_created": "2017-01-24T23:03:45.332Z",
                "_changed": "2017-01-25T11:45:37.126Z"
            }
        ],
        "status": "New"
    },
    {
        "_id": "5db812d95a818d1a00004a8b",
        "description": "This is a new issue",
        "title": "New Issue",
        "ticket": "K4WJ6",
        "customer": [
            {
                "_id": "5887dd51f54b5f59000000d8",
                "name": "restdb.io",
                "_created": "2017-01-24T23:03:45.332Z",
                "_changed": "2017-01-25T11:45:37.126Z"
            }
        ],
        "status": "New"
    },
    {
        "_id": "5db812dd5a818d1a00004a8d",
        "fromemail": "test123@gmail.com",
        "title": "New Issue",
        "ticket": "D1K05",
        "customer": [
            {
                "_id": "5887dd51f54b5f59000000d8",
                "name": "restdb.io",
                "_created": "2017-01-24T23:03:45.332Z",
                "_changed": "2017-01-25T11:45:37.126Z"
            }
        ],
        "status": "New"
    },
    {
        "_id": "5db8151d5a818d1a00004a9c",
        "description": "This is a new issue",
        "fromemail": "test123@gmail.com",
        "title": "New Issue",
        "ticket": "EZ3AP",
        "customer": [
            {
                "_id": "5887dd51f54b5f59000000d8",
                "name": "restdb.io",
                "_created": "2017-01-24T23:03:45.332Z",
                "_changed": "2017-01-25T11:45:37.126Z"
            }
        ],
        "status": "New"
    },
    {
        "_id": "5db815215a818d1a00004aa0",
        "description": "This is a new issue",
        "fromemail": "test123@gmail.com",
        "title": "New Issue",
        "ticket": "X28K4",
        "customer": [
            {
                "_id": "5887dd51f54b5f59000000d8",
                "name": "restdb.io",
                "_created": "2017-01-24T23:03:45.332Z",
                "_changed": "2017-01-25T11:45:37.126Z"
            }
        ],
        "status": "New"
    },
    {
        "_id": "5db815295a818d1a00004aa3",
        "description": "This is a new issue",
        "title": "New Issue",
        "ticket": "VYXUH",
        "customer": [
            {
                "_id": "5887dd51f54b5f59000000d8",
                "name": "restdb.io",
                "_created": "2017-01-24T23:03:45.332Z",
                "_changed": "2017-01-25T11:45:37.126Z"
            }
        ],
        "status": "New"
    },
    {
        "_id": "5db8152c5a818d1a00004aa5",
        "fromemail": "test123@gmail.com",
        "title": "New Issue",
        "ticket": "V69QY",
        "customer": [
            {
                "_id": "5887dd51f54b5f59000000d8",
                "name": "restdb.io",
                "_created": "2017-01-24T23:03:45.332Z",
                "_changed": "2017-01-25T11:45:37.126Z"
            }
        ],
        "status": "New"
    },
    {
        "_id": "5db817c25a818d1a00004abc",
        "description": "This is a new issue",
        "fromemail": "test123@gmail.com",
        "title": "New Issue",
        "ticket": "7MCE6",
        "customer": [
            {
                "_id": "5887dd51f54b5f59000000d8",
                "name": "restdb.io",
                "_created": "2017-01-24T23:03:45.332Z",
                "_changed": "2017-01-25T11:45:37.126Z"
            }
        ],
        "status": "New"
    },
    {
        "_id": "5db817c75a818d1a00004abf",
        "description": "This is a new issue",
        "fromemail": "test123@gmail.com",
        "title": "New Issue",
        "ticket": "QLY9G",
        "customer": [
            {
                "_id": "5887dd51f54b5f59000000d8",
                "name": "restdb.io",
                "_created": "2017-01-24T23:03:45.332Z",
                "_changed": "2017-01-25T11:45:37.126Z"
            }
        ],
        "status": "New"
    },
    {
        "_id": "5db817cc5a818d1a00004ac2",
        "description": "This is a new issue",
        "title": "New Issue",
        "ticket": "7PULV",
        "customer": [
            {
                "_id": "5887dd51f54b5f59000000d8",
                "name": "restdb.io",
                "_created": "2017-01-24T23:03:45.332Z",
                "_changed": "2017-01-25T11:45:37.126Z"
            }
        ],
        "status": "New"
    },
    {
        "_id": "5db817cf5a818d1a00004ac4",
        "fromemail": "test123@gmail.com",
        "title": "New Issue",
        "ticket": "472LC",
        "customer": [
            {
                "_id": "5887dd51f54b5f59000000d8",
                "name": "restdb.io",
                "_created": "2017-01-24T23:03:45.332Z",
                "_changed": "2017-01-25T11:45:37.126Z"
            }
        ],
        "status": "New"
    },
    {
        "_id": "5db81b195a818d1a00004ae1",
        "description": "This is a new issue",
        "fromemail": "test123@gmail.com",
        "title": "New Issue",
        "ticket": "BX32N",
        "customer": [
            {
                "_id": "5887dd51f54b5f59000000d8",
                "name": "restdb.io",
                "_created": "2017-01-24T23:03:45.332Z",
                "_changed": "2017-01-25T11:45:37.126Z"
            }
        ],
        "status": "New"
    },
    {
        "_id": "5db81b1d5a818d1a00004ae4",
        "description": "This is a new issue",
        "fromemail": "test123@gmail.com",
        "title": "New Issue",
        "ticket": "0SBC9",
        "customer": [
            {
                "_id": "5887dd51f54b5f59000000d8",
                "name": "restdb.io",
                "_created": "2017-01-24T23:03:45.332Z",
                "_changed": "2017-01-25T11:45:37.126Z"
            }
        ],
        "status": "New"
    },
    {
        "_id": "5db81b245a818d1a00004ae7",
        "description": "This is a new issue",
        "title": "New Issue",
        "ticket": "ZVAMX",
        "customer": [
            {
                "_id": "5887dd51f54b5f59000000d8",
                "name": "restdb.io",
                "_created": "2017-01-24T23:03:45.332Z",
                "_changed": "2017-01-25T11:45:37.126Z"
            }
        ],
        "status": "New"
    },
    {
        "_id": "5db81b285a818d1a00004ae9",
        "fromemail": "test123@gmail.com",
        "title": "New Issue",
        "ticket": "BKOLF",
        "customer": [
            {
                "_id": "5887dd51f54b5f59000000d8",
                "name": "restdb.io",
                "_created": "2017-01-24T23:03:45.332Z",
                "_changed": "2017-01-25T11:45:37.126Z"
            }
        ],
        "status": "New"
    },
    {
        "_id": "5db822a95a818d1a00004b1f",
        "description": "This is a new issue",
        "fromemail": "test123@gmail.com",
        "title": "New Issue",
        "ticket": "7F8FP",
        "customer": [
            {
                "_id": "5887dd51f54b5f59000000d8",
                "name": "restdb.io",
                "_created": "2017-01-24T23:03:45.332Z",
                "_changed": "2017-01-25T11:45:37.126Z"
            }
        ],
        "status": "New"
    },
    {
        "_id": "5db822af5a818d1a00004b23",
        "description": "This is a new issue",
        "fromemail": "test123@gmail.com",
        "title": "New Issue",
        "ticket": "XW5CB",
        "customer": [
            {
                "_id": "5887dd51f54b5f59000000d8",
                "name": "restdb.io",
                "_created": "2017-01-24T23:03:45.332Z",
                "_changed": "2017-01-25T11:45:37.126Z"
            }
        ],
        "status": "New"
    },
    {
        "_id": "5db822b55a818d1a00004b26",
        "description": "This is a new issue",
        "title": "New Issue",
        "ticket": "RTLB3",
        "customer": [
            {
                "_id": "5887dd51f54b5f59000000d8",
                "name": "restdb.io",
                "_created": "2017-01-24T23:03:45.332Z",
                "_changed": "2017-01-25T11:45:37.126Z"
            }
        ],
        "status": "New"
    },
    {
        "_id": "5db822b85a818d1a00004b29",
        "fromemail": "test123@gmail.com",
        "title": "New Issue",
        "ticket": "YMTQ4",
        "customer": [
            {
                "_id": "5887dd51f54b5f59000000d8",
                "name": "restdb.io",
                "_created": "2017-01-24T23:03:45.332Z",
                "_changed": "2017-01-25T11:45:37.126Z"
            }
        ],
        "status": "New"
    },
    {
        "_id": "5db8255a5a818d1a00004b42",
        "description": "This is a new issue",
        "fromemail": "test123@gmail.com",
        "title": "New Issue",
        "ticket": "7D8WU",
        "customer": [
            {
                "_id": "5887dd51f54b5f59000000d8",
                "name": "restdb.io",
                "_created": "2017-01-24T23:03:45.332Z",
                "_changed": "2017-01-25T11:45:37.126Z"
            }
        ],
        "status": "New"
    },
    {
        "_id": "5db8255f5a818d1a00004b45",
        "description": "This is a new issue",
        "fromemail": "test123@gmail.com",
        "title": "New Issue",
        "ticket": "YZJCL",
        "customer": [
            {
                "_id": "5887dd51f54b5f59000000d8",
                "name": "restdb.io",
                "_created": "2017-01-24T23:03:45.332Z",
                "_changed": "2017-01-25T11:45:37.126Z"
            }
        ],
        "status": "New"
    },
    {
        "_id": "5db825655a818d1a00004b48",
        "description": "This is a new issue",
        "title": "New Issue",
        "ticket": "26LJP",
        "customer": [
            {
                "_id": "5887dd51f54b5f59000000d8",
                "name": "restdb.io",
                "_created": "2017-01-24T23:03:45.332Z",
                "_changed": "2017-01-25T11:45:37.126Z"
            }
        ],
        "status": "New"
    },
    {
        "_id": "5db825695a818d1a00004b4a",
        "fromemail": "test123@gmail.com",
        "title": "New Issue",
        "ticket": "68EL0",
        "customer": [
            {
                "_id": "5887dd51f54b5f59000000d8",
                "name": "restdb.io",
                "_created": "2017-01-24T23:03:45.332Z",
                "_changed": "2017-01-25T11:45:37.126Z"
            }
        ],
        "status": "New"
    },
    {
        "_id": "5db83aef5a818d1a00004be5",
        "description": "This is an Testing issue created by flobiz interview candidate",
        "fromemail": "test123@gmail.com",
        "title": "New Issue!",
        "status": "New",
        "ticket": "PISHK",
        "customer": [
            {
                "_id": "5887dd51f54b5f59000000d8",
                "name": "restdb.io",
                "_created": "2017-01-24T23:03:45.332Z",
                "_changed": "2017-01-25T11:45:37.126Z"
            }
        ]
    },
    {
        "_id": "5db83eb65a818d1a00004c09",
        "description": "This is an Testing issue created by flobiz interview candidate",
        "fromemail": "test123@gmail.com",
        "title": "New Issue!",
        "status": "New",
        "ticket": "Y05KF",
        "customer": [
            {
                "_id": "5887dd51f54b5f59000000d8",
                "name": "restdb.io",
                "_created": "2017-01-24T23:03:45.332Z",
                "_changed": "2017-01-25T11:45:37.126Z"
            }
        ]
    },
    {
        "_id": "5db83f5a5a818d1a00004c14",
        "description": "This is an Testing issue created by flobiz interview candidate",
        "fromemail": "test123@gmail.com",
        "title": "New Issue!",
        "status": "New",
        "ticket": "CP3D6",
        "customer": [
            {
                "_id": "5887dd51f54b5f59000000d8",
                "name": "restdb.io",
                "_created": "2017-01-24T23:03:45.332Z",
                "_changed": "2017-01-25T11:45:37.126Z"
            }
        ]
    },
    {
        "_id": "5dbbde095a818d1a00007156",
        "description": "This is a new issue",
        "fromemail": "test123@gmail.com",
        "title": "New Issue",
        "ticket": "7YFJ8",
        "customer": [
            {
                "_id": "5887dd51f54b5f59000000d8",
                "name": "restdb.io",
                "_created": "2017-01-24T23:03:45.332Z",
                "_changed": "2017-01-25T11:45:37.126Z"
            }
        ],
        "status": "New"
    },
    {
        "_id": "5dbbde0d5a818d1a0000715a",
        "description": "This is a new issue",
        "fromemail": "test123@gmail.com",
        "title": "New Issue",
        "ticket": "YZPGK",
        "customer": [
            {
                "_id": "5887dd51f54b5f59000000d8",
                "name": "restdb.io",
                "_created": "2017-01-24T23:03:45.332Z",
                "_changed": "2017-01-25T11:45:37.126Z"
            }
        ],
        "status": "New"
    },
    {
        "_id": "5dbbde135a818d1a0000715d",
        "description": "This is a new issue",
        "title": "New Issue",
        "ticket": "06KXD",
        "customer": [
            {
                "_id": "5887dd51f54b5f59000000d8",
                "name": "restdb.io",
                "_created": "2017-01-24T23:03:45.332Z",
                "_changed": "2017-01-25T11:45:37.126Z"
            }
        ],
        "status": "New"
    },
    {
        "_id": "5dbbde165a818d1a0000715f",
        "fromemail": "test123@gmail.com",
        "title": "New Issue",
        "ticket": "XRY3B",
        "customer": [
            {
                "_id": "5887dd51f54b5f59000000d8",
                "name": "restdb.io",
                "_created": "2017-01-24T23:03:45.332Z",
                "_changed": "2017-01-25T11:45:37.126Z"
            }
        ],
        "status": "New"
    },
    {
        "_id": "5dc298d75a818d1a0000b43f",
        "description": "This a new issue",
        "fromemail": "test123@gmail.com",
        "title": "Ne",
        "ticket": "0X7P1",
        "customer": [
            {
                "_id": "5887dd51f54b5f59000000d8",
                "name": "restdb.io",
                "_created": "2017-01-24T23:03:45.332Z",
                "_changed": "2017-01-25T11:45:37.126Z"
            }
        ],
        "status": "New"
    },
    {
        "_id": "5dc2ce685a818d1a0000b5fc",
        "description": "This is created issue by manisha",
        "fromemail": "test123@gmail.com",
        "title": "New Issue",
        "ticket": "3PGWL",
        "customer": [
            {
                "_id": "5887dd51f54b5f59000000d8",
                "name": "restdb.io",
                "_created": "2017-01-24T23:03:45.332Z",
                "_changed": "2017-01-25T11:45:37.126Z"
            }
        ],
        "status": "New"
    },
    {
        "_id": "5dc2cee95a818d1a0000b601",
        "description": "This a new issue",
        "fromemail": "test123@gmail.com",
        "title": "New Issu",
        "ticket": "Q12LW",
        "customer": [
            {
                "_id": "5887dd51f54b5f59000000d8",
                "name": "restdb.io",
                "_created": "2017-01-24T23:03:45.332Z",
                "_changed": "2017-01-25T11:45:37.126Z"
            }
        ],
        "status": "New"
    },
    {
        "_id": "5dc2cf4d5a818d1a0000b607",
        "description": "Issue created by manisha",
        "fromemail": "test123@gmail.com",
        "title": "New Issue",
        "ticket": "DY88Z",
        "customer": [
            {
                "_id": "5887dd51f54b5f59000000d8",
                "name": "restdb.io",
                "_created": "2017-01-24T23:03:45.332Z",
                "_changed": "2017-01-25T11:45:37.126Z"
            }
        ],
        "status": "New"
    },
    {
        "_id": "5dc3c1b75a818d1a0000be6c",
        "description": "This a new issue",
        "fromemail": "test123@gmail.com",
        "title": "New Issu",
        "ticket": "T97KL",
        "customer": [
            {
                "_id": "5887dd51f54b5f59000000d8",
                "name": "restdb.io",
                "_created": "2017-01-24T23:03:45.332Z",
                "_changed": "2017-01-25T11:45:37.126Z"
            }
        ],
        "status": "New"
    },
    {
        "_id": "5dc3ccd15a818d1a0000bef0",
        "description": "my 1st issue",
        "fromemail": "test123@gmail.com",
        "title": "critical one",
        "ticket": "5EJRR",
        "customer": [
            {
                "_id": "5887dd51f54b5f59000000d8",
                "name": "restdb.io",
                "_created": "2017-01-24T23:03:45.332Z",
                "_changed": "2017-01-25T11:45:37.126Z"
            }
        ],
        "status": "New"
    },
    {
        "_id": "5dc3ccd55a818d1a0000bef3",
        "description": "my 2nd issue",
        "fromemail": "test123@gmail.com",
        "title": "moderate",
        "ticket": "9GS1W",
        "customer": [
            {
                "_id": "5887dd51f54b5f59000000d8",
                "name": "restdb.io",
                "_created": "2017-01-24T23:03:45.332Z",
                "_changed": "2017-01-25T11:45:37.126Z"
            }
        ],
        "status": "New"
    },
    {
        "_id": "5dc3ccda5a818d1a0000bef6",
        "description": "my 3rd issue",
        "fromemail": "test123@gmail.com",
        "title": "server is busy",
        "ticket": "HX0RH",
        "customer": [
            {
                "_id": "5887dd51f54b5f59000000d8",
                "name": "restdb.io",
                "_created": "2017-01-24T23:03:45.332Z",
                "_changed": "2017-01-25T11:45:37.126Z"
            }
        ],
        "status": "New"
    },
    {
        "_id": "5dc3ccdd5a818d1a0000bef9",
        "description": "my 4th issue",
        "fromemail": "test123@gmail.com",
        "title": "crashed server",
        "ticket": "DMNK3",
        "customer": [
            {
                "_id": "5887dd51f54b5f59000000d8",
                "name": "restdb.io",
                "_created": "2017-01-24T23:03:45.332Z",
                "_changed": "2017-01-25T11:45:37.126Z"
            }
        ],
        "status": "New"
    },
    {
        "_id": "5dc3cdca5a818d1a0000bf06",
        "description": "my 1st issue",
        "fromemail": "test123@gmail.com",
        "title": "critical one",
        "ticket": "6LAAQ",
        "customer": [
            {
                "_id": "5887dd51f54b5f59000000d8",
                "name": "restdb.io",
                "_created": "2017-01-24T23:03:45.332Z",
                "_changed": "2017-01-25T11:45:37.126Z"
            }
        ],
        "status": "New"
    },
    {
        "_id": "5dc3cdcf5a818d1a0000bf09",
        "description": "my 2nd issue",
        "fromemail": "test123@gmail.com",
        "title": "moderate",
        "ticket": "77IHK",
        "customer": [
            {
                "_id": "5887dd51f54b5f59000000d8",
                "name": "restdb.io",
                "_created": "2017-01-24T23:03:45.332Z",
                "_changed": "2017-01-25T11:45:37.126Z"
            }
        ],
        "status": "New"
    },
    {
        "_id": "5dc3cdd25a818d1a0000bf0c",
        "description": "my 3rd issue",
        "fromemail": "test123@gmail.com",
        "title": "server is busy",
        "ticket": "OF4FX",
        "customer": [
            {
                "_id": "5887dd51f54b5f59000000d8",
                "name": "restdb.io",
                "_created": "2017-01-24T23:03:45.332Z",
                "_changed": "2017-01-25T11:45:37.126Z"
            }
        ],
        "status": "New"
    },
    {
        "_id": "5dc3cdd65a818d1a0000bf10",
        "description": "my 4th issue",
        "fromemail": "test123@gmail.com",
        "title": "crashed server",
        "ticket": "01QG3",
        "customer": [
            {
                "_id": "5887dd51f54b5f59000000d8",
                "name": "restdb.io",
                "_created": "2017-01-24T23:03:45.332Z",
                "_changed": "2017-01-25T11:45:37.126Z"
            }
        ],
        "status": "New"
    },
    {
        "_id": "5dc3ce915a818d1a0000bf17",
        "description": "my 1st issue",
        "fromemail": "test123@gmail.com",
        "title": "critical one",
        "ticket": "RRQDB",
        "customer": [
            {
                "_id": "5887dd51f54b5f59000000d8",
                "name": "restdb.io",
                "_created": "2017-01-24T23:03:45.332Z",
                "_changed": "2017-01-25T11:45:37.126Z"
            }
        ],
        "status": "New"
    },
    {
        "_id": "5dc3ce965a818d1a0000bf1a",
        "description": "my 2nd issue",
        "fromemail": "test123@gmail.com",
        "title": "moderate",
        "ticket": "MIY3S",
        "customer": [
            {
                "_id": "5887dd51f54b5f59000000d8",
                "name": "restdb.io",
                "_created": "2017-01-24T23:03:45.332Z",
                "_changed": "2017-01-25T11:45:37.126Z"
            }
        ],
        "status": "New"
    },
    {
        "_id": "5dc3ce9d5a818d1a0000bf1d",
        "description": "my 3rd issue",
        "fromemail": "test123@gmail.com",
        "title": "server is busy",
        "ticket": "ZNOLJ",
        "customer": [
            {
                "_id": "5887dd51f54b5f59000000d8",
                "name": "restdb.io",
                "_created": "2017-01-24T23:03:45.332Z",
                "_changed": "2017-01-25T11:45:37.126Z"
            }
        ],
        "status": "New"
    },
    {
        "_id": "5dc3cea25a818d1a0000bf20",
        "description": "my 4th issue",
        "fromemail": "test123@gmail.com",
        "title": "crashed server",
        "ticket": "LH3HJ",
        "customer": [
            {
                "_id": "5887dd51f54b5f59000000d8",
                "name": "restdb.io",
                "_created": "2017-01-24T23:03:45.332Z",
                "_changed": "2017-01-25T11:45:37.126Z"
            }
        ],
        "status": "New"
    },
    {
        "_id": "5dc44e3b5a818d1a0000c413",
        "description": "my 1st issue",
        "fromemail": "test123@gmail.com",
        "title": "critical one",
        "ticket": "UMME6",
        "customer": [
            {
                "_id": "5887dd51f54b5f59000000d8",
                "name": "restdb.io",
                "_created": "2017-01-24T23:03:45.332Z",
                "_changed": "2017-01-25T11:45:37.126Z"
            }
        ],
        "status": "New"
    },
    {
        "_id": "5dc44e465a818d1a0000c417",
        "description": "my 2nd issue",
        "fromemail": "test123@gmail.com",
        "title": "moderate",
        "ticket": "BBY0K",
        "customer": [
            {
                "_id": "5887dd51f54b5f59000000d8",
                "name": "restdb.io",
                "_created": "2017-01-24T23:03:45.332Z",
                "_changed": "2017-01-25T11:45:37.126Z"
            }
        ],
        "status": "New"
    },
    {
        "_id": "5dc44e4c5a818d1a0000c41a",
        "description": "my 3rd issue",
        "fromemail": "test123@gmail.com",
        "title": "server is busy",
        "ticket": "JHMFT",
        "customer": [
            {
                "_id": "5887dd51f54b5f59000000d8",
                "name": "restdb.io",
                "_created": "2017-01-24T23:03:45.332Z",
                "_changed": "2017-01-25T11:45:37.126Z"
            }
        ],
        "status": "New"
    },
    {
        "_id": "5dc44e505a818d1a0000c41d",
        "description": "my 4th issue",
        "fromemail": "test123@gmail.com",
        "title": "crashed server",
        "ticket": "YF4GH",
        "customer": [
            {
                "_id": "5887dd51f54b5f59000000d8",
                "name": "restdb.io",
                "_created": "2017-01-24T23:03:45.332Z",
                "_changed": "2017-01-25T11:45:37.126Z"
            }
        ],
        "status": "New"
    },
    {
        "_id": "5da6fbfd8a759833000033b7",
        "description": "Testing123",
        "fromemail": "knutmt@gmail.com",
        "title": "modified to new2",
        "ticket": "YNOTG",
        "customer": [
            {
                "_id": "588890a5f54b5f59000003c9",
                "name": "Exxon Inc.",
                "_created": "2017-01-25T11:48:53.427Z",
                "_changed": "2017-01-25T11:48:53.427Z",
                "_createdby": "jones@restdb.io",
                "_changedby": "jones@restdb.io",
                "_version": 0
            }
        ],
        "status": "New"
    },
    {
        "_id": "5da6fe668a759833000033cc",
        "description": "Issue123",
        "fromemail": "knutmt@gmail.com",
        "title": "modified to new3",
        "ticket": "52PAD",
        "customer": [
            {
                "_id": "588890a5f54b5f59000003c9",
                "name": "Exxon Inc.",
                "_created": "2017-01-25T11:48:53.427Z",
                "_changed": "2017-01-25T11:48:53.427Z",
                "_createdby": "jones@restdb.io",
                "_changedby": "jones@restdb.io",
                "_version": 0
            }
        ],
        "status": "New"
    },
    {
        "_id": "5da868c1a0e3560400001bea",
        "description": "This is a new issue",
        "fromemail": "knutmt@gmail.com",
        "title": "modified to new4",
        "ticket": "1POJU",
        "customer": [
            {
                "_id": "588890a5f54b5f59000003c9",
                "name": "Exxon Inc.",
                "_created": "2017-01-25T11:48:53.427Z",
                "_changed": "2017-01-25T11:48:53.427Z",
                "_createdby": "jones@restdb.io",
                "_changedby": "jones@restdb.io",
                "_version": 0
            }
        ],
        "status": "New"
    },
    {
        "_id": "5da86983a0e3560400001bf4",
        "description": "This is a new issue",
        "fromemail": "knutmt@gmail.com",
        "title": "modified to new5",
        "ticket": "9B9PN",
        "customer": [
            {
                "_id": "588890a5f54b5f59000003c9",
                "name": "Exxon Inc.",
                "_created": "2017-01-25T11:48:53.427Z",
                "_changed": "2017-01-25T11:48:53.427Z",
                "_createdby": "jones@restdb.io",
                "_changedby": "jones@restdb.io",
                "_version": 0
            }
        ],
        "status": "New"
    },
    {
        "_id": "5dc50de15a818d1a0000cb68",
        "description": "my 1st issue",
        "fromemail": "test123@gmail.com",
        "title": "critical one",
        "ticket": "9857Z",
        "customer": [
            {
                "_id": "5887dd51f54b5f59000000d8",
                "name": "restdb.io",
                "_created": "2017-01-24T23:03:45.332Z",
                "_changed": "2017-01-25T11:45:37.126Z"
            }
        ],
        "status": "New"
    },
    {
        "_id": "5dc50de65a818d1a0000cb6b",
        "description": "my 2nd issue",
        "fromemail": "test123@gmail.com",
        "title": "moderate",
        "ticket": "0ZY21",
        "customer": [
            {
                "_id": "5887dd51f54b5f59000000d8",
                "name": "restdb.io",
                "_created": "2017-01-24T23:03:45.332Z",
                "_changed": "2017-01-25T11:45:37.126Z"
            }
        ],
        "status": "New"
    },
    {
        "_id": "5dc50deb5a818d1a0000cb6e",
        "description": "my 3rd issue",
        "fromemail": "test123@gmail.com",
        "title": "server is busy",
        "ticket": "MZ6M3",
        "customer": [
            {
                "_id": "5887dd51f54b5f59000000d8",
                "name": "restdb.io",
                "_created": "2017-01-24T23:03:45.332Z",
                "_changed": "2017-01-25T11:45:37.126Z"
            }
        ],
        "status": "New"
    },
    {
        "_id": "5dc50def5a818d1a0000cb71",
        "description": "my 4th issue",
        "fromemail": "test123@gmail.com",
        "title": "crashed server",
        "ticket": "EN1N6",
        "customer": [
            {
                "_id": "5887dd51f54b5f59000000d8",
                "name": "restdb.io",
                "_created": "2017-01-24T23:03:45.332Z",
                "_changed": "2017-01-25T11:45:37.126Z"
            }
        ],
        "status": "New"
    },
    {
        "_id": "5dcaf4ce5a818d1a0000fc41",
        "description": "This is a new issue",
        "fromemail": "test123@gmail.com",
        "title": "New issues!",
        "ticket": "NW9OC",
        "customer": [
            {
                "_id": "5887dd51f54b5f59000000d8",
                "name": "restdb.io",
                "_created": "2017-01-24T23:03:45.332Z",
                "_changed": "2017-01-25T11:45:37.126Z"
            }
        ],
        "status": "New"
    },
    {
        "_id": "5dce78965a818d1a000113ee",
        "description": "This is a new issue",
        "title": "New Issue",
        "fromemai": "knutmt@gmail.com",
        "ticket": "DNLGM",
        "customer": [
            {
                "_id": "5887dd51f54b5f59000000d8",
                "name": "restdb.io",
                "_created": "2017-01-24T23:03:45.332Z",
                "_changed": "2017-01-25T11:45:37.126Z"
            }
        ],
        "status": "New"
    },
    {
        "_id": "5dce7a565a818d1a000113fb",
        "description": "This is a new issue",
        "title": "New Issue",
        "fromemai": "knutmt@gmail.com",
        "ticket": "SQ3QC",
        "customer": [
            {
                "_id": "5887dd51f54b5f59000000d8",
                "name": "restdb.io",
                "_created": "2017-01-24T23:03:45.332Z",
                "_changed": "2017-01-25T11:45:37.126Z"
            }
        ],
        "status": "New"
    },
    {
        "_id": "5dce7aa35a818d1a000113fe",
        "description": "This is a new issue",
        "title": "New Issue",
        "fromemai": "knutmt@gmail.com",
        "ticket": "W7MPS",
        "customer": [
            {
                "_id": "5887dd51f54b5f59000000d8",
                "name": "restdb.io",
                "_created": "2017-01-24T23:03:45.332Z",
                "_changed": "2017-01-25T11:45:37.126Z"
            }
        ],
        "status": "New"
    },
    {
        "_id": "5dce7b0c5a818d1a00011402",
        "description": "This is a new issue",
        "title": "New Issue",
        "fromemai": "knutmt@gmail.com",
        "ticket": "D0OBG",
        "customer": [
            {
                "_id": "5887dd51f54b5f59000000d8",
                "name": "restdb.io",
                "_created": "2017-01-24T23:03:45.332Z",
                "_changed": "2017-01-25T11:45:37.126Z"
            }
        ],
        "status": "New"
    },
    {
        "_id": "5dce7b295a818d1a00011405",
        "description": "This is a new issue",
        "title": "New Issue",
        "fromemai": "knutmt@gmail.com",
        "ticket": "W4UH1",
        "customer": [
            {
                "_id": "5887dd51f54b5f59000000d8",
                "name": "restdb.io",
                "_created": "2017-01-24T23:03:45.332Z",
                "_changed": "2017-01-25T11:45:37.126Z"
            }
        ],
        "status": "New"
    },
    {
        "_id": "5dced2245a818d1a00011620",
        "description": "This is a new issue",
        "title": "New Issue",
        "fremail": "knutmt@gmail.com",
        "ticket": "7JVE6",
        "customer": [
            {
                "_id": "5887dd51f54b5f59000000d8",
                "name": "restdb.io",
                "_created": "2017-01-24T23:03:45.332Z",
                "_changed": "2017-01-25T11:45:37.126Z"
            }
        ],
        "status": "New"
    },
    {
        "_id": "5dced2455a818d1a00011623",
        "title": "New Issue",
        "descriptn": "This is a new issue",
        "fremail": "knutmt@gmail.com",
        "ticket": "53QP8",
        "customer": [
            {
                "_id": "5887dd51f54b5f59000000d8",
                "name": "restdb.io",
                "_created": "2017-01-24T23:03:45.332Z",
                "_changed": "2017-01-25T11:45:37.126Z"
            }
        ],
        "status": "New"
    },
    {
        "_id": "5dced27c5a818d1a00011626",
        "title": "New Issue",
        "descriptn": "This is a new issue",
        "fremail": "knutmt@gmail.com",
        "ticket": "5F6O8",
        "customer": [
            {
                "_id": "5887dd51f54b5f59000000d8",
                "name": "restdb.io",
                "_created": "2017-01-24T23:03:45.332Z",
                "_changed": "2017-01-25T11:45:37.126Z"
            }
        ],
        "status": "New"
    },
    {
        "_id": "5dced6235a818d1a0001163e",
        "description": "This is a new issue",
        "title": "New Issue",
        "fromemai": "knutmt@gmail.com",
        "ticket": "HEJMN",
        "customer": [
            {
                "_id": "5887dd51f54b5f59000000d8",
                "name": "restdb.io",
                "_created": "2017-01-24T23:03:45.332Z",
                "_changed": "2017-01-25T11:45:37.126Z"
            }
        ],
        "status": "New"
    },
    {
        "_id": "5dced6475a818d1a00011641",
        "description": "This is a new issue",
        "title": "New Issue",
        "fromemai": "knutmt@gmail.com",
        "ticket": "ALC33",
        "customer": [
            {
                "_id": "5887dd51f54b5f59000000d8",
                "name": "restdb.io",
                "_created": "2017-01-24T23:03:45.332Z",
                "_changed": "2017-01-25T11:45:37.126Z"
            }
        ],
        "status": "New"
    },
    {
        "_id": "5dced6eb5a818d1a00011648",
        "description": "This is a new issue",
        "title": "New Issue",
        "fromemai": "knutmt@gmail.com",
        "ticket": "VVUG0",
        "customer": [
            {
                "_id": "5887dd51f54b5f59000000d8",
                "name": "restdb.io",
                "_created": "2017-01-24T23:03:45.332Z",
                "_changed": "2017-01-25T11:45:37.126Z"
            }
        ],
        "status": "New"
    },
    {
        "_id": "5dced7015a818d1a0001164b",
        "description": "This is a new issue",
        "title": "New Issue",
        "fromemai": "knutmt@gmail.com",
        "ticket": "LBTMH",
        "customer": [
            {
                "_id": "5887dd51f54b5f59000000d8",
                "name": "restdb.io",
                "_created": "2017-01-24T23:03:45.332Z",
                "_changed": "2017-01-25T11:45:37.126Z"
            }
        ],
        "status": "New"
    },
    {
        "_id": "5dcedb855a818d1a00011675",
        "description": "This is a new issue",
        "title": "New Issue",
        "fromemai": "knutmt@gmail.com",
        "ticket": "HNL3N",
        "customer": [
            {
                "_id": "5887dd51f54b5f59000000d8",
                "name": "restdb.io",
                "_created": "2017-01-24T23:03:45.332Z",
                "_changed": "2017-01-25T11:45:37.126Z"
            }
        ],
        "status": "New"
    },
    {
        "_id": "5dcedbf95a818d1a0001167b",
        "description": "This is a new issue",
        "title": "New Issue",
        "fromemai": "knutmt@gmail.com",
        "ticket": "IIEFZ",
        "customer": [
            {
                "_id": "5887dd51f54b5f59000000d8",
                "name": "restdb.io",
                "_created": "2017-01-24T23:03:45.332Z",
                "_changed": "2017-01-25T11:45:37.126Z"
            }
        ],
        "status": "New"
    },
    {
        "_id": "5dcedc345a818d1a00011680",
        "description": "This is a new issue",
        "title": "New Issue",
        "fromemai": "knutmt@gmail.com",
        "ticket": "POL2A",
        "customer": [
            {
                "_id": "5887dd51f54b5f59000000d8",
                "name": "restdb.io",
                "_created": "2017-01-24T23:03:45.332Z",
                "_changed": "2017-01-25T11:45:37.126Z"
            }
        ],
        "status": "New"
    },
    {
        "_id": "5dcedd175a818d1a0001168a",
        "description": "This is a new issue",
        "title": "New Issue",
        "fromemai": "knutmt@gmail.com",
        "ticket": "R1KP0",
        "customer": [
            {
                "_id": "5887dd51f54b5f59000000d8",
                "name": "restdb.io",
                "_created": "2017-01-24T23:03:45.332Z",
                "_changed": "2017-01-25T11:45:37.126Z"
            }
        ],
        "status": "New"
    },
    {
        "_id": "5dcede5b5a818d1a00011694",
        "description": "This is a new issue",
        "title": "New Issue",
        "fromemai": "knutmt@gmail.com",
        "ticket": "YLYAQ",
        "customer": [
            {
                "_id": "5887dd51f54b5f59000000d8",
                "name": "restdb.io",
                "_created": "2017-01-24T23:03:45.332Z",
                "_changed": "2017-01-25T11:45:37.126Z"
            }
        ],
        "status": "New"
    },
    {
        "_id": "5dcee2355a818d1a000116aa",
        "description": "This is a new issue",
        "fromemail": "flobiztest@gmail.com",
        "title": "New Issue",
        "ticket": "Y10BD",
        "customer": [
            {
                "_id": "588890a5f54b5f59000003c9",
                "name": "Exxon Inc.",
                "_created": "2017-01-25T11:48:53.427Z",
                "_changed": "2017-01-25T11:48:53.427Z"
            }
        ],
        "status": "New"
    },
    {
        "_id": "5dcee2825a818d1a000116b0",
        "description": "This is a new issue",
        "fromemail": "flobiztest@gmail.com",
        "title": "1234",
        "ticket": "KVT78",
        "customer": [
            {
                "_id": "588890a5f54b5f59000003c9",
                "name": "Exxon Inc.",
                "_created": "2017-01-25T11:48:53.427Z",
                "_changed": "2017-01-25T11:48:53.427Z"
            }
        ],
        "status": "New"
    },
    {
        "_id": "5dcef71a5a818d1a00011751",
        "description": "This is a new issue",
        "fromemail": "flobiztest@gmail.com",
        "title": "New Issue",
        "ticket": "37EV9",
        "customer": [
            {
                "_id": "588890a5f54b5f59000003c9",
                "name": "Exxon Inc.",
                "_created": "2017-01-25T11:48:53.427Z",
                "_changed": "2017-01-25T11:48:53.427Z"
            }
        ],
        "status": "New"
    },
    {
        "_id": "5dcef7555a818d1a0001175c",
        "description": "This is a new issue",
        "fromemail": "flobiztest@gmail.com",
        "title": "New issues!",
        "ticket": "4PJM2",
        "customer": [
            {
                "_id": "588890a5f54b5f59000003c9",
                "name": "Exxon Inc.",
                "_created": "2017-01-25T11:48:53.427Z",
                "_changed": "2017-01-25T11:48:53.427Z"
            }
        ],
        "status": "New"
    },
    {
        "_id": "5dcfb3dc5a818d1a00011c12",
        "description": "This is a new issue",
        "fromemail": "flobiztest@gmail.com",
        "title": "New Issue",
        "ticket": "GCCRZ",
        "customer": [
            {
                "_id": "588890a5f54b5f59000003c9",
                "name": "Exxon Inc.",
                "_created": "2017-01-25T11:48:53.427Z",
                "_changed": "2017-01-25T11:48:53.427Z"
            }
        ],
        "status": "New"
    },
    {
        "_id": "5dcfb9525a818d1a00011c32",
        "description": "This is a new issue",
        "fromemail": "flobiztest@gmail.com",
        "title": "New Issue",
        "ticket": "DT7RS",
        "customer": [
            {
                "_id": "588890a5f54b5f59000003c9",
                "name": "Exxon Inc.",
                "_created": "2017-01-25T11:48:53.427Z",
                "_changed": "2017-01-25T11:48:53.427Z"
            }
        ],
        "status": "New"
    },
    {
        "_id": "5dcfb9ea5a818d1a00011c39",
        "description": "This is a new issue",
        "fromemail": "flobiztest@gmail.com",
        "title": "New Issue",
        "ticket": "T5SDE",
        "customer": [
            {
                "_id": "588890a5f54b5f59000003c9",
                "name": "Exxon Inc.",
                "_created": "2017-01-25T11:48:53.427Z",
                "_changed": "2017-01-25T11:48:53.427Z"
            }
        ],
        "status": "New"
    },
    {
        "_id": "5dcfbbe85a818d1a00011c4b",
        "description": "This is a new issue",
        "fromemail": "flobiztest@gmail.com",
        "title": "New Issue",
        "ticket": "VOHO2",
        "customer": [
            {
                "_id": "588890a5f54b5f59000003c9",
                "name": "Exxon Inc.",
                "_created": "2017-01-25T11:48:53.427Z",
                "_changed": "2017-01-25T11:48:53.427Z"
            }
        ],
        "status": "New"
    },
    {
        "_id": "5dcfbcc25a818d1a00011c55",
        "description": "This is a new issue",
        "fromemail": "flobiztest@gmail.com",
        "title": "New Issue",
        "ticket": "Q77J0",
        "customer": [
            {
                "_id": "588890a5f54b5f59000003c9",
                "name": "Exxon Inc.",
                "_created": "2017-01-25T11:48:53.427Z",
                "_changed": "2017-01-25T11:48:53.427Z"
            }
        ],
        "status": "New"
    },
    {
        "_id": "5dcfbcf55a818d1a00011c59",
        "description": "This is a new issue",
        "fromemail": "flobiztest@gmail.com",
        "title": "New Issue",
        "ticket": "S9W8O",
        "customer": [
            {
                "_id": "588890a5f54b5f59000003c9",
                "name": "Exxon Inc.",
                "_created": "2017-01-25T11:48:53.427Z",
                "_changed": "2017-01-25T11:48:53.427Z"
            }
        ],
        "status": "New"
    },
    {
        "_id": "5dcfbec45a818d1a00011c69",
        "description": "This is a new issue",
        "fromemail": "flobiztest@gmail.com",
        "title": "New Issue",
        "ticket": "6B7KZ",
        "customer": [
            {
                "_id": "588890a5f54b5f59000003c9",
                "name": "Exxon Inc.",
                "_created": "2017-01-25T11:48:53.427Z",
                "_changed": "2017-01-25T11:48:53.427Z"
            }
        ],
        "status": "New"
    },
    {
        "_id": "5dcfc0495a818d1a00011c74",
        "description": "This is a new issue",
        "fromemail": "flobiztest@gmail.com",
        "title": "New Issue",
        "ticket": "820EH",
        "customer": [
            {
                "_id": "588890a5f54b5f59000003c9",
                "name": "Exxon Inc.",
                "_created": "2017-01-25T11:48:53.427Z",
                "_changed": "2017-01-25T11:48:53.427Z"
            }
        ],
        "status": "New"
    },
    {
        "_id": "5dcfc97f5a818d1a00011cc2",
        "description": "This is a new issue",
        "fromemail": "flobiztest@gmail.com",
        "title": "New Issue",
        "ticket": "1OM29",
        "customer": [
            {
                "_id": "588890a5f54b5f59000003c9",
                "name": "Exxon Inc.",
                "_created": "2017-01-25T11:48:53.427Z",
                "_changed": "2017-01-25T11:48:53.427Z"
            }
        ],
        "status": "New"
    },
    {
        "_id": "5dcfc9da5a818d1a00011cc7",
        "description": "This is a new issue",
        "fromemail": "flobiztest@gmail.com",
        "title": "New Issue",
        "ticket": "CUUBF",
        "customer": [
            {
                "_id": "588890a5f54b5f59000003c9",
                "name": "Exxon Inc.",
                "_created": "2017-01-25T11:48:53.427Z",
                "_changed": "2017-01-25T11:48:53.427Z"
            }
        ],
        "status": "New"
    },
    {
        "_id": "5dcfca775a818d1a00011cce",
        "description": "This is a new issue",
        "fromemail": "flobiztest@gmail.com",
        "title": "New Issue",
        "ticket": "RN4G0",
        "customer": [
            {
                "_id": "588890a5f54b5f59000003c9",
                "name": "Exxon Inc.",
                "_created": "2017-01-25T11:48:53.427Z",
                "_changed": "2017-01-25T11:48:53.427Z"
            }
        ],
        "status": "New"
    },
    {
        "_id": "5dcfcabe5a818d1a00011cd3",
        "description": "This is a new issue",
        "fromemail": "flobiztest@gmail.com",
        "title": "New Issue",
        "ticket": "BC9X4",
        "customer": [
            {
                "_id": "588890a5f54b5f59000003c9",
                "name": "Exxon Inc.",
                "_created": "2017-01-25T11:48:53.427Z",
                "_changed": "2017-01-25T11:48:53.427Z"
            }
        ],
        "status": "New"
    },
    {
        "_id": "5dcfe8805a818d1a00011d7c",
        "description": "This is a new issue",
        "title": "New Issue",
        "fromemai": "knutmt@gmail.com",
        "ticket": "WVIGA",
        "customer": [
            {
                "_id": "5887dd51f54b5f59000000d8",
                "name": "restdb.io",
                "_created": "2017-01-24T23:03:45.332Z",
                "_changed": "2017-01-25T11:45:37.126Z"
            }
        ],
        "status": "New"
    },
    {
        "_id": "5dd052b79be3681c000002fa",
        "description": "This is a new issue",
        "fromemail": "flobiztest@gmail.com",
        "title": "New Issue",
        "ticket": "LHOR7",
        "customer": [
            {
                "_id": "588890a5f54b5f59000003c9",
                "name": "Exxon Inc.",
                "_created": "2017-01-25T11:48:53.427Z",
                "_changed": "2017-01-25T11:48:53.427Z"
            }
        ],
        "status": "New"
    },
    {
        "_id": "5dd053379be3681c00000300",
        "description": "This is a new issue",
        "fromemail": "flobiztest@gmail.com",
        "title": "New Issue",
        "ticket": "XLHCO",
        "customer": [
            {
                "_id": "588890a5f54b5f59000003c9",
                "name": "Exxon Inc.",
                "_created": "2017-01-25T11:48:53.427Z",
                "_changed": "2017-01-25T11:48:53.427Z"
            }
        ],
        "status": "New"
    },
    {
        "_id": "5dd0539f9be3681c00000305",
        "description": "This is a new issue",
        "fromemail": "flobiztest@gmail.com",
        "title": "New Issue",
        "ticket": "OPV2R",
        "customer": [
            {
                "_id": "588890a5f54b5f59000003c9",
                "name": "Exxon Inc.",
                "_created": "2017-01-25T11:48:53.427Z",
                "_changed": "2017-01-25T11:48:53.427Z"
            }
        ],
        "status": "New"
    },
    {
        "_id": "5dd053de9be3681c0000030a",
        "description": "This is a new issue",
        "fromemail": "flobiztest@gmail.com",
        "title": "New Issue",
        "ticket": "7JV7B",
        "customer": [
            {
                "_id": "588890a5f54b5f59000003c9",
                "name": "Exxon Inc.",
                "_created": "2017-01-25T11:48:53.427Z",
                "_changed": "2017-01-25T11:48:53.427Z"
            }
        ],
        "status": "New"
    },
    {
        "_id": "5dd107899be3681c000007be",
        "description": "This is a new issue",
        "fromemail": "flobiztest@gmail.com",
        "title": "New Issue",
        "ticket": "3QALD",
        "customer": [
            {
                "_id": "588890a5f54b5f59000003c9",
                "name": "Exxon Inc.",
                "_created": "2017-01-25T11:48:53.427Z",
                "_changed": "2017-01-25T11:48:53.427Z"
            }
        ],
        "status": "New"
    },
    {
        "_id": "5dd1098d9be3681c000007cb",
        "description": "This is a new issue",
        "fromemail": "flobiztest@gmail.com",
        "title": "New Issue",
        "ticket": "B2T7N",
        "customer": [
            {
                "_id": "588890a5f54b5f59000003c9",
                "name": "Exxon Inc.",
                "_created": "2017-01-25T11:48:53.427Z",
                "_changed": "2017-01-25T11:48:53.427Z"
            }
        ],
        "status": "New"
    },
    {
        "_id": "5dd10fb39be3681c000007f1",
        "description": "This is a new issue",
        "fromemail": "flobiztest@gmail.com",
        "title": "New Issue",
        "ticket": "K2ONV",
        "customer": [
            {
                "_id": "588890a5f54b5f59000003c9",
                "name": "Exxon Inc.",
                "_created": "2017-01-25T11:48:53.427Z",
                "_changed": "2017-01-25T11:48:53.427Z"
            }
        ],
        "status": "New"
    },
    {
        "_id": "5dd10fdb9be3681c000007f5",
        "description": "This is a new issue",
        "fromemail": "flobiztest@gmail.com",
        "title": "New Issue",
        "ticket": "CP47W",
        "customer": [
            {
                "_id": "588890a5f54b5f59000003c9",
                "name": "Exxon Inc.",
                "_created": "2017-01-25T11:48:53.427Z",
                "_changed": "2017-01-25T11:48:53.427Z"
            }
        ],
        "status": "New"
    },
    {
        "_id": "5dd110369be3681c000007f9",
        "description": "This is a new issue",
        "fromemail": "flobiztest@gmail.com",
        "title": "New Issue",
        "ticket": "IMX16",
        "customer": [
            {
                "_id": "588890a5f54b5f59000003c9",
                "name": "Exxon Inc.",
                "_created": "2017-01-25T11:48:53.427Z",
                "_changed": "2017-01-25T11:48:53.427Z"
            }
        ],
        "status": "New"
    },
    {
        "_id": "5dd1120c9be3681c00000805",
        "description": "This is a new issue",
        "fromemail": "flobiztest@gmail.com",
        "title": "New Issue",
        "ticket": "TZ9W3",
        "customer": [
            {
                "_id": "588890a5f54b5f59000003c9",
                "name": "Exxon Inc.",
                "_created": "2017-01-25T11:48:53.427Z",
                "_changed": "2017-01-25T11:48:53.427Z"
            }
        ],
        "status": "New"
    },
    {
        "_id": "5dd114ce9be3681c00000816",
        "description": "This is a new issue",
        "fromemail": "flobiztest@gmail.com",
        "title": "New Issue",
        "ticket": "I333D",
        "customer": [
            {
                "_id": "588890a5f54b5f59000003c9",
                "name": "Exxon Inc.",
                "_created": "2017-01-25T11:48:53.427Z",
                "_changed": "2017-01-25T11:48:53.427Z"
            }
        ],
        "status": "New"
    },
    {
        "_id": "5dd117c89be3681c00000825",
        "description": "This is a new issue",
        "fromemail": "flobiztest@gmail.com",
        "title": "New Issue",
        "ticket": "H24VA",
        "customer": [
            {
                "_id": "588890a5f54b5f59000003c9",
                "name": "Exxon Inc.",
                "_created": "2017-01-25T11:48:53.427Z",
                "_changed": "2017-01-25T11:48:53.427Z"
            }
        ],
        "status": "New"
    },
    {
        "_id": "5dd117f49be3681c00000829",
        "description": "This is a new issue",
        "fromemail": "flobiztest@gmail.com",
        "title": "New Issue",
        "ticket": "RMUPB",
        "customer": [
            {
                "_id": "588890a5f54b5f59000003c9",
                "name": "Exxon Inc.",
                "_created": "2017-01-25T11:48:53.427Z",
                "_changed": "2017-01-25T11:48:53.427Z"
            }
        ],
        "status": "New"
    },
    {
        "_id": "5dd1432b9be3681c00000922",
        "description": "This is a new issue",
        "fromemail": "flobiztest@gmail.com",
        "title": "New Issue",
        "ticket": "VE3GS",
        "customer": [
            {
                "_id": "588890a5f54b5f59000003c9",
                "name": "Exxon Inc.",
                "_created": "2017-01-25T11:48:53.427Z",
                "_changed": "2017-01-25T11:48:53.427Z"
            }
        ],
        "status": "New"
    },
    {
        "_id": "5dd148c79be3681c0000094c",
        "description": "This is a new issue",
        "fromemail": "flobiztest@gmail.com",
        "title": "New Issue",
        "ticket": "IXUAM",
        "customer": [
            {
                "_id": "588890a5f54b5f59000003c9",
                "name": "Exxon Inc.",
                "_created": "2017-01-25T11:48:53.427Z",
                "_changed": "2017-01-25T11:48:53.427Z"
            }
        ],
        "status": "New"
    },
    {
        "_id": "5dd14c979be3681c00000962",
        "description": "This is a new issue",
        "fromemail": "flobiztest@gmail.com",
        "title": "New Issue",
        "ticket": "QXC88",
        "customer": [
            {
                "_id": "588890a5f54b5f59000003c9",
                "name": "Exxon Inc.",
                "_created": "2017-01-25T11:48:53.427Z",
                "_changed": "2017-01-25T11:48:53.427Z"
            }
        ],
        "status": "New"
    },
    {
        "_id": "5dd14cc39be3681c00000966",
        "description": "This is a new issue",
        "fromemail": "flobiztest@gmail.com",
        "title": "New Issue",
        "ticket": "067BW",
        "customer": [
            {
                "_id": "588890a5f54b5f59000003c9",
                "name": "Exxon Inc.",
                "_created": "2017-01-25T11:48:53.427Z",
                "_changed": "2017-01-25T11:48:53.427Z"
            }
        ],
        "status": "New"
    },
    {
        "_id": "5dd14f9f9be3681c00000979",
        "description": "This is a new issue",
        "fromemail": "flobiztest@gmail.com",
        "title": "New Issue",
        "ticket": "CUQBU",
        "customer": [
            {
                "_id": "588890a5f54b5f59000003c9",
                "name": "Exxon Inc.",
                "_created": "2017-01-25T11:48:53.427Z",
                "_changed": "2017-01-25T11:48:53.427Z"
            }
        ],
        "status": "New"
    },
    {
        "_id": "5dd154909be3681c0000099a",
        "description": "This is a new issue",
        "fromemail": "flobiztest@gmail.com",
        "title": "New Issue",
        "ticket": "GYMXY",
        "customer": [
            {
                "_id": "588890a5f54b5f59000003c9",
                "name": "Exxon Inc.",
                "_created": "2017-01-25T11:48:53.427Z",
                "_changed": "2017-01-25T11:48:53.427Z"
            }
        ],
        "status": "New"
    },
    {
        "_id": "5dd1591a9be3681c000009bb",
        "description": "This is a new issue",
        "fromemail": "flobiztest@gmail.com",
        "title": "New Issue",
        "ticket": "7RGWJ",
        "customer": [
            {
                "_id": "588890a5f54b5f59000003c9",
                "name": "Exxon Inc.",
                "_created": "2017-01-25T11:48:53.427Z",
                "_changed": "2017-01-25T11:48:53.427Z"
            }
        ],
        "status": "New"
    },
    {
        "_id": "5dd1972b9be3681c00000b43",
        "description": "This is a new issue",
        "fromemail": "flobiztest@gmail.com",
        "title": "New Issue",
        "ticket": "S4N6E",
        "customer": [
            {
                "_id": "588890a5f54b5f59000003c9",
                "name": "Exxon Inc.",
                "_created": "2017-01-25T11:48:53.427Z",
                "_changed": "2017-01-25T11:48:53.427Z"
            }
        ],
        "status": "New"
    },
    {
        "_id": "5dd199f59be3681c00000b5e",
        "description": "This is a new issue",
        "fromemail": "flobiztest@gmail.com",
        "title": "New Issue",
        "ticket": "ONJLP",
        "customer": [
            {
                "_id": "588890a5f54b5f59000003c9",
                "name": "Exxon Inc.",
                "_created": "2017-01-25T11:48:53.427Z",
                "_changed": "2017-01-25T11:48:53.427Z"
            }
        ],
        "status": "New"
    },
    {
        "_id": "5dd251c49be3681c00000fde",
        "description": "This is a new issue",
        "fromemail": "flobiztest@gmail.com",
        "title": "New Issue",
        "ticket": "LVQQG",
        "customer": [
            {
                "_id": "588890a5f54b5f59000003c9",
                "name": "Exxon Inc.",
                "_created": "2017-01-25T11:48:53.427Z",
                "_changed": "2017-01-25T11:48:53.427Z"
            }
        ],
        "status": "New"
    },
    {
        "_id": "5dd252d09be3681c00000fe7",
        "description": "This is a new issue",
        "fromemail": "flobiztest@gmail.com",
        "title": "New Issue",
        "ticket": "I18FH",
        "customer": [
            {
                "_id": "588890a5f54b5f59000003c9",
                "name": "Exxon Inc.",
                "_created": "2017-01-25T11:48:53.427Z",
                "_changed": "2017-01-25T11:48:53.427Z"
            }
        ],
        "status": "New"
    },
    {
        "_id": "5dd2a06f9be3681c000011ea",
        "description": "This is a new issue",
        "title": "New Issue",
        "from email": "knutmt@gmail.com",
        "ticket": "XTWIQ",
        "customer": [
            {
                "_id": "5887dd51f54b5f59000000d8",
                "name": "restdb.io",
                "_created": "2017-01-24T23:03:45.332Z",
                "_changed": "2017-01-25T11:45:37.126Z"
            }
        ],
        "status": "New"
    },
    {
        "_id": "5dd2a1219be3681c000011f1",
        "description": "This is a new issue",
        "title": "New Issue",
        "ticket": "YKK62",
        "customer": [
            {
                "_id": "5887dd51f54b5f59000000d8",
                "name": "restdb.io",
                "_created": "2017-01-24T23:03:45.332Z",
                "_changed": "2017-01-25T11:45:37.126Z"
            }
        ],
        "status": "New"
    },
    {
        "_id": "5dd2a12c9be3681c000011f3",
        "title": "New Issue",
        "ticket": "ST2TB",
        "customer": [
            {
                "_id": "5887dd51f54b5f59000000d8",
                "name": "restdb.io",
                "_created": "2017-01-24T23:03:45.332Z",
                "_changed": "2017-01-25T11:45:37.126Z"
            }
        ],
        "status": "New"
    },
    {
        "_id": "5dd2a1739be3681c000011f8",
        "title": "New Issue",
        "ticket": "8FI99",
        "customer": [
            {
                "_id": "5887dd51f54b5f59000000d8",
                "name": "restdb.io",
                "_created": "2017-01-24T23:03:45.332Z",
                "_changed": "2017-01-25T11:45:37.126Z"
            }
        ],
        "status": "New"
    },
    {
        "_id": "5dd2a2709be3681c00001204",
        "description": "This is a new issue",
        "title": "New Issue",
        "from email": "knutmt@gmail.com",
        "ticket": "JQMM6",
        "customer": [
            {
                "_id": "5887dd51f54b5f59000000d8",
                "name": "restdb.io",
                "_created": "2017-01-24T23:03:45.332Z",
                "_changed": "2017-01-25T11:45:37.126Z"
            }
        ],
        "status": "New"
    },
    {
        "_id": "5dd2a4ab9be3681c0000121a",
        "description": "This is a new issue",
        "title": "GYUGuyguygggggggggggggggggfdshdjghkkkkkkkkkkkkkkkkkkkkkkkkkkkkkkkkkkkkkkkkkkkkkkkkkkkkkkkkkkkkkkkkkkkkkkkkkkkkkkkkkkkkkkkkkkkkkkkkkkkkkkkkkktytytytytytytytytytytytytytytytytytytytytytytytytytytytytytytytytytytytytytyGYUGuyguygggggggggggggggggfdshdjghkkkkkkkkkkkkkkkkkkkkkkkkkkkkkkkkkkkkkkkkkkkkkkkkkkkkkkkkkkkkkkkkkkkkkkkkkkkkkkkkkkkkkkkkkkkkkkkkkkkkkkkkkktytytytytytytytytytytytytytytytytytytytytytytytytytytytytytytytytytytytytytyGYUGuyguygggggggggggggggggfdshdjghkkkkkkkkkkkkkkkkkkkkkkkkkkkkkkkkkkkkkkkkkkkkkkkkkkkkkkkkkkkkkkkkkkkkkkkkkkkkkkkkkkkkkkkkkkkkkkkkkkkkkkkkkktytytytytytytytytytytytytytytytytytytytytytytytytytytytytytytytytytytytytytyGYUGuyguygggggggggggggggggfdshdjghkkkkkkkkkkkkkkkkkkkkkkkkkkkkkkkkkkkkkkkkkkkkkkkkkkkkkkkkkkkkkkkkkkkkkkkkkkkkkkkkkkkkkkkkkkkkkkkkkkkkkkkkkktytytytytytytytytytytytytytytytytytytytytytytytytytytytytytytytytytytytytytyGYUGuyguygggggggggggggggggfdshdjghkkkkkkkkkkkkkkkkkkkkkkkkkkkkkkkkkkkkkkkkkkkkkkkkkkkkkkkkkkkkkkkkkkkkkkkkkkkkkkkkkkkkkkkkkkkkkkkkkkkkkkkkkktytytytytytytytytytytytytytytytytytytytytytytytytytytytytytytytytytytytytyty",
        "from email": "knutmt@gmail.com",
        "ticket": "8N8SE",
        "customer": [
            {
                "_id": "5887dd51f54b5f59000000d8",
                "name": "restdb.io",
                "_created": "2017-01-24T23:03:45.332Z",
                "_changed": "2017-01-25T11:45:37.126Z"
            }
        ],
        "status": "New"
    },
    {
        "_id": "5dd2a4c09be3681c0000121c",
        "description": "This is a new issue",
        "title": "GYUGuyguygggggggggggggggggfdshdjghkkkkkkkkkkkkkkkkkkkkkkkkkkkkkkkkkkkkkkkkkkkkkkkkkkkkkkkkkkkkkkkkkkkkkkkkkkkkkkkkkkkkkkkkkkkkkkkkkkkkkkkkkktytytytytytytytytytytytytytytytytytytytytytytytytytytytytytytytytytytytytytyGYUGuyguygggggggggggggggggfdshdjghkkkkkkkkkkkkkkkkkkkkkkkkkkkkkkkkkkkkkkkkkkkkkkkkkkkkkkkkkkkkkkkkkkkkkkkkkkkkkkkkkkkkkkkkkkkkkkkkkkkkkkkkkktytytytytytytytytytytytytytytytytytytytytytytytytytytytytytytytytytytytytytyGYUGuyguygggggggggggggggggfdshdjghkkkkkkkkkkkkkkkkkkkkkkkkkkkkkkkkkkkkkkkkkkkkkkkkkkkkkkkkkkkkkkkkkkkkkkkkkkkkkkkkkkkkkkkkkkkkkkkkkkkkkkkkkktytytytytytytytytytytytytytytytytytytytytytytytytytytytytytytytytytytytytytyGYUGuyguygggggggggggggggggfdshdjghkkkkkkkkkkkkkkkkkkkkkkkkkkkkkkkkkkkkkkkkkkkkkkkkkkkkkkkkkkkkkkkkkkkkkkkkkkkkkkkkkkkkkkkkkkkkkkkkkkkkkkkkkktytytytytytytytytytytytytytytytytytytytytytytytytytytytytytytytytytytytytytyGYUGuyguygggggggggggggggggfdshdjghkkkkkkkkkkkkkkkkkkkkkkkkkkkkkkkkkkkkkkkkkkkkkkkkkkkkkkkkkkkkkkkkkkkkkkkkkkkkkkkkkkkkkkkkkkkkkkkkkkkkkkkkkktytytytytytytytytytytytytytytytytytytytytytytytytytytytytytytytytytytytytytyGYUGuyguygggggggggggggggggfdshdjghkkkkkkkkkkkkkkkkkkkkkkkkkkkkkkkkkkkkkkkkkkkkkkkkkkkkkkkkkkkkkkkkkkkkkkkkkkkkkkkkkkkkkkkkkkkkkkkkkkkkkkkkkktytytytytytytytytytytytytytytytytytytytytytytytytytytytytytytytytytytytytytyGYUGuyguygggggggggggggggggfdshdjghkkkkkkkkkkkkkkkkkkkkkkkkkkkkkkkkkkkkkkkkkkkkkkkkkkkkkkkkkkkkkkkkkkkkkkkkkkkkkkkkkkkkkkkkkkkkkkkkkkkkkkkkkktytytytytytytytytytytytytytytytytytytytytytytytytytytytytytytytytytytytytytyGYUGuyguygggggggggggggggggfdshdjghkkkkkkkkkkkkkkkkkkkkkkkkkkkkkkkkkkkkkkkkkkkkkkkkkkkkkkkkkkkkkkkkkkkkkkkkkkkkkkkkkkkkkkkkkkkkkkkkkkkkkkkkkktytytytytytytytytytytytytytytytytytytytytytytytytytytytytytytytytytytytytytyGYUGuyguygggggggggggggggggfdshdjghkkkkkkkkkkkkkkkkkkkkkkkkkkkkkkkkkkkkkkkkkkkkkkkkkkkkkkkkkkkkkkkkkkkkkkkkkkkkkkkkkkkkkkkkkkkkkkkkkkkkkkkkkktytytytytytytytytytytytytytytytytytytytytytytytytytytytytytytytytytytytytytyGYUGuyguygggggggggggggggggfdshdjghkkkkkkkkkkkkkkkkkkkkkkkkkkkkkkkkkkkkkkkkkkkkkkkkkkkkkkkkkkkkkkkkkkkkkkkkkkkkkkkkkkkkkkkkkkkkkkkkkkkkkkkkkktytytytytytytytytytytytytytytytytytytytytytytytytytytytytytytytytytytytytytyGYUGuyguygggggggggggggggggfdshdjghkkkkkkkkkkkkkkkkkkkkkkkkkkkkkkkkkkkkkkkkkkkkkkkkkkkkkkkkkkkkkkkkkkkkkkkkkkkkkkkkkkkkkkkkkkkkkkkkkkkkkkkkkktytytytytytytytytytytytytytytytytytytytytytytytytytytytytytytytytytytytytytyGYUGuyguygggggggggggggggggfdshdjghkkkkkkkkkkkkkkkkkkkkkkkkkkkkkkkkkkkkkkkkkkkkkkkkkkkkkkkkkkkkkkkkkkkkkkkkkkkkkkkkkkkkkkkkkkkkkkkkkkkkkkkkkktytytytytytytytytytytytytytytytytytytytytytytytytytytytytytytytytytytytytytyGYUGuyguygggggggggggggggggfdshdjghkkkkkkkkkkkkkkkkkkkkkkkkkkkkkkkkkkkkkkkkkkkkkkkkkkkkkkkkkkkkkkkkkkkkkkkkkkkkkkkkkkkkkkkkkkkkkkkkkkkkkkkkkktytytytytytytytytytytytytytytytytytytytytytytytytytytytytytytytytytytytytytyGYUGuyguygggggggggggggggggfdshdjghkkkkkkkkkkkkkkkkkkkkkkkkkkkkkkkkkkkkkkkkkkkkkkkkkkkkkkkkkkkkkkkkkkkkkkkkkkkkkkkkkkkkkkkkkkkkkkkkkkkkkkkkkktytytytytytytytytytytytytytytytytytytytytytytytytytytytytytytytytytytytytytyGYUGuyguygggggggggggggggggfdshdjghkkkkkkkkkkkkkkkkkkkkkkkkkkkkkkkkkkkkkkkkkkkkkkkkkkkkkkkkkkkkkkkkkkkkkkkkkkkkkkkkkkkkkkkkkkkkkkkkkkkkkkkkkktytytytytytytytytytytytytytytytytytytytytytytytytytytytytytytytytytytytytyty",
        "from email": "knutmt@gmail.com",
        "ticket": "991GV",
        "customer": [
            {
                "_id": "5887dd51f54b5f59000000d8",
                "name": "restdb.io",
                "_created": "2017-01-24T23:03:45.332Z",
                "_changed": "2017-01-25T11:45:37.126Z"
            }
        ],
        "status": "New"
    },
    {
        "_id": "5dd2a51b9be3681c00001222",
        "description": "This is a new issue",
        "title": "New Issue",
        "from email": "knutmt",
        "ticket": "HLNVK",
        "customer": [
            {
                "_id": "5887dd51f54b5f59000000d8",
                "name": "restdb.io",
                "_created": "2017-01-24T23:03:45.332Z",
                "_changed": "2017-01-25T11:45:37.126Z"
            }
        ],
        "status": "New"
    },
    {
        "_id": "5dd2a5269be3681c00001224",
        "description": "This is a new issue",
        "title": "New Issue",
        "from email": "",
        "ticket": "N6JSG",
        "customer": [
            {
                "_id": "5887dd51f54b5f59000000d8",
                "name": "restdb.io",
                "_created": "2017-01-24T23:03:45.332Z",
                "_changed": "2017-01-25T11:45:37.126Z"
            }
        ],
        "status": "New"
    },
    {
        "_id": "5dd2a5309be3681c00001227",
        "description": "e",
        "title": "New Issue",
        "from email": "",
        "ticket": "8G3FA",
        "customer": [
            {
                "_id": "5887dd51f54b5f59000000d8",
                "name": "restdb.io",
                "_created": "2017-01-24T23:03:45.332Z",
                "_changed": "2017-01-25T11:45:37.126Z"
            }
        ],
        "status": "New"
    },
    {
        "_id": "5dd2a6929be3681c0000123b",
        "description": "This is a new issue",
        "title": "New Issue",
        "from email": "knutmt@gmail.com",
        "ticket": "IU9FE",
        "customer": [
            {
                "_id": "5887dd51f54b5f59000000d8",
                "name": "restdb.io",
                "_created": "2017-01-24T23:03:45.332Z",
                "_changed": "2017-01-25T11:45:37.126Z"
            }
        ],
        "status": "New"
    },
    {
        "_id": "5dd37e0e9be3681c000018e0",
        "description": "This is a new issue",
        "fromemail": "flobiztest@gmail.com",
        "title": "New Issue",
        "ticket": "0XLYS",
        "customer": [
            {
                "_id": "588890a5f54b5f59000003c9",
                "name": "Exxon Inc.",
                "_created": "2017-01-25T11:48:53.427Z",
                "_changed": "2017-01-25T11:48:53.427Z"
            }
        ],
        "status": "New"
    },
    {
        "_id": "5dd37f339be3681c000018ea",
        "description": "This is a new issue",
        "fromemail": "flobiztest@gmail.com",
        "title": "New Issue",
        "ticket": "57PI4",
        "customer": [
            {
                "_id": "588890a5f54b5f59000003c9",
                "name": "Exxon Inc.",
                "_created": "2017-01-25T11:48:53.427Z",
                "_changed": "2017-01-25T11:48:53.427Z"
            }
        ],
        "status": "New"
    },
    {
        "_id": "5dd3815d9be3681c00001901",
        "description": "This is a new issue",
        "fromemail": "flobiztest@gmail.com",
        "title": "New Issue",
        "ticket": "KOGPW",
        "customer": [
            {
                "_id": "588890a5f54b5f59000003c9",
                "name": "Exxon Inc.",
                "_created": "2017-01-25T11:48:53.427Z",
                "_changed": "2017-01-25T11:48:53.427Z"
            }
        ],
        "status": "New"
    },
    {
        "_id": "5dd381ee9be3681c00001907",
        "description": "This is a new issue",
        "fromemail": "flobiztest@gmail.com",
        "title": "New Issue",
        "ticket": "6L4T5",
        "customer": [
            {
                "_id": "588890a5f54b5f59000003c9",
                "name": "Exxon Inc.",
                "_created": "2017-01-25T11:48:53.427Z",
                "_changed": "2017-01-25T11:48:53.427Z"
            }
        ],
        "status": "New"
    },
    {
        "_id": "5dd383c59be3681c0000191d",
        "description": "This is a new issue",
        "fromemail": "flobiztest@gmail.com",
        "title": "New Issue",
        "ticket": "OOAY3",
        "customer": [
            {
                "_id": "588890a5f54b5f59000003c9",
                "name": "Exxon Inc.",
                "_created": "2017-01-25T11:48:53.427Z",
                "_changed": "2017-01-25T11:48:53.427Z"
            }
        ],
        "status": "New"
    },
    {
        "_id": "5dd389259be3681c00001940",
        "description": "This is a new issue",
        "fromemail": "flobiztest@gmail.com",
        "title": "New Issue",
        "ticket": "4LEVW",
        "customer": [
            {
                "_id": "588890a5f54b5f59000003c9",
                "name": "Exxon Inc.",
                "_created": "2017-01-25T11:48:53.427Z",
                "_changed": "2017-01-25T11:48:53.427Z"
            }
        ],
        "status": "New"
    },
    {
        "_id": "5dd3ba5e9be3681c00001af1",
        "description": "This is a new issue",
        "fromemail": "flobiztest@gmail.com",
        "title": "New Issue",
        "ticket": "QTC89",
        "customer": [
            {
                "_id": "588890a5f54b5f59000003c9",
                "name": "Exxon Inc.",
                "_created": "2017-01-25T11:48:53.427Z",
                "_changed": "2017-01-25T11:48:53.427Z"
            }
        ],
        "status": "New"
    },
    {
        "_id": "5dd3c2169be3681c00001b34",
        "description": "This is a new issue",
        "fromemail": "flobiztest@gmail.com",
        "title": "New Issue",
        "ticket": "L99OZ",
        "customer": [
            {
                "_id": "588890a5f54b5f59000003c9",
                "name": "Exxon Inc.",
                "_created": "2017-01-25T11:48:53.427Z",
                "_changed": "2017-01-25T11:48:53.427Z"
            }
        ],
        "status": "New"
    },
    {
        "_id": "5dd3c4579be3681c00001b4c",
        "description": "This is a new issue",
        "fromemail": "flobiztest@gmail.com",
        "title": "New Issue",
        "ticket": "LWP8H",
        "customer": [
            {
                "_id": "588890a5f54b5f59000003c9",
                "name": "Exxon Inc.",
                "_created": "2017-01-25T11:48:53.427Z",
                "_changed": "2017-01-25T11:48:53.427Z"
            }
        ],
        "status": "New"
    },
    {
        "_id": "5dd3c7399be3681c00001b67",
        "description": "This is a new issue",
        "fromemail": "flobiztest@gmail.com",
        "title": "New Issue",
        "ticket": "20U1C",
        "customer": [
            {
                "_id": "588890a5f54b5f59000003c9",
                "name": "Exxon Inc.",
                "_created": "2017-01-25T11:48:53.427Z",
                "_changed": "2017-01-25T11:48:53.427Z"
            }
        ],
        "status": "New"
    },
    {
        "_id": "5dd3f3ab9be3681c00001cd4",
        "description": "This is a new issue",
        "title": "ytiuy!",
        "from email": "knutmt@gmail.com",
        "ticket": "8NHC8",
        "customer": [
            {
                "_id": "5887dd51f54b5f59000000d8",
                "name": "restdb.io",
                "_created": "2017-01-24T23:03:45.332Z",
                "_changed": "2017-01-25T11:45:37.126Z"
            }
        ],
        "status": "New"
    },
    {
        "_id": "5dd3f8729be3681c00001cfd",
        "description": "This is a new issue",
        "title": "New Issue",
        "from email": "knutmt@gmail.com",
        "ticket": "733WK",
        "customer": [
            {
                "_id": "5887dd51f54b5f59000000d8",
                "name": "restdb.io",
                "_created": "2017-01-24T23:03:45.332Z",
                "_changed": "2017-01-25T11:45:37.126Z"
            }
        ],
        "status": "New"
    },
    {
        "_id": "5dd421b99be3681c00001e42",
        "description": "This is a new issue",
        "fromemail": "flobiztest@gmail.com",
        "title": "New Issue",
        "ticket": "7Q0U3",
        "customer": [
            {
                "_id": "588890a5f54b5f59000003c9",
                "name": "Exxon Inc.",
                "_created": "2017-01-25T11:48:53.427Z",
                "_changed": "2017-01-25T11:48:53.427Z"
            }
        ],
        "status": "New"
    },
    {
        "_id": "5dd423c29be3681c00001e54",
        "description": "This is a new issue",
        "fromemail": "flobiztest@gmail.com",
        "title": "New Issue",
        "ticket": "NK1WF",
        "customer": [
            {
                "_id": "588890a5f54b5f59000003c9",
                "name": "Exxon Inc.",
                "_created": "2017-01-25T11:48:53.427Z",
                "_changed": "2017-01-25T11:48:53.427Z"
            }
        ],
        "status": "New"
    },
    {
        "_id": "5dd424f69be3681c00001e5f",
        "description": "This is a new issue",
        "fromemail": "flobiztest@gmail.com",
        "title": "New Issue",
        "ticket": "F6N8M",
        "customer": [
            {
                "_id": "588890a5f54b5f59000003c9",
                "name": "Exxon Inc.",
                "_created": "2017-01-25T11:48:53.427Z",
                "_changed": "2017-01-25T11:48:53.427Z"
            }
        ],
        "status": "New"
    },
    {
        "_id": "5dd425899be3681c00001e64",
        "description": "This is a new issue",
        "fromemail": "flobiztest@gmail.com",
        "title": "New Issue",
        "ticket": "0BOB7",
        "customer": [
            {
                "_id": "588890a5f54b5f59000003c9",
                "name": "Exxon Inc.",
                "_created": "2017-01-25T11:48:53.427Z",
                "_changed": "2017-01-25T11:48:53.427Z"
            }
        ],
        "status": "New"
    },
    {
        "_id": "5dd42d429be3681c00001ea0",
        "description": "This is a new issue",
        "fromemail": "flobiztest@gmail.com",
        "title": "New Issue",
        "ticket": "W44QO",
        "customer": [
            {
                "_id": "588890a5f54b5f59000003c9",
                "name": "Exxon Inc.",
                "_created": "2017-01-25T11:48:53.427Z",
                "_changed": "2017-01-25T11:48:53.427Z"
            }
        ],
        "status": "New"
    },
    {
        "_id": "5dd42de49be3681c00001ead",
        "description": "This is a new issue",
        "fromemail": "flobiztest@gmail.com",
        "title": "New Issue",
        "ticket": "AUIAQ",
        "customer": [
            {
                "_id": "588890a5f54b5f59000003c9",
                "name": "Exxon Inc.",
                "_created": "2017-01-25T11:48:53.427Z",
                "_changed": "2017-01-25T11:48:53.427Z"
            }
        ],
        "status": "New"
    },
    {
        "_id": "5dd433ae9be3681c00001ed1",
        "description": "This is a new issue",
        "fromemail": "flobiztest@gmail.com",
        "title": "New Issue",
        "ticket": "HGI7O",
        "customer": [
            {
                "_id": "588890a5f54b5f59000003c9",
                "name": "Exxon Inc.",
                "_created": "2017-01-25T11:48:53.427Z",
                "_changed": "2017-01-25T11:48:53.427Z"
            }
        ],
        "status": "New"
    },
    {
        "_id": "5dd4d7229be3681c00002390",
        "description": "This is a new issue from assignment",
        "fromemail": "flobiztest@gmail.com",
        "title": "New Issue",
        "ticket": "FURP8",
        "customer": [
            {
                "_id": "588890a5f54b5f59000003c9",
                "name": "Exxon Inc.",
                "_created": "2017-01-25T11:48:53.427Z",
                "_changed": "2017-01-25T11:48:53.427Z"
            }
        ],
        "status": "New"
    },
    {
        "_id": "5dd4f09e9be3681c0000242f",
        "description": "This is a new issue from assignment",
        "fromemail": "flobiztest@gmail.com",
        "title": "New Issue",
        "ticket": "0T34P",
        "customer": [
            {
                "_id": "588890a5f54b5f59000003c9",
                "name": "Exxon Inc.",
                "_created": "2017-01-25T11:48:53.427Z",
                "_changed": "2017-01-25T11:48:53.427Z"
            }
        ],
        "status": "New"
    },
    {
        "_id": "5dd4f0ca9be3681c00002434",
        "description": "This is a new issue from assignment",
        "fromemail": "flobiztest@gmail.com",
        "title": "New Issue",
        "ticket": "EQTYM",
        "customer": [
            {
                "_id": "588890a5f54b5f59000003c9",
                "name": "Exxon Inc.",
                "_created": "2017-01-25T11:48:53.427Z",
                "_changed": "2017-01-25T11:48:53.427Z"
            }
        ],
        "status": "New"
    },
    {
        "_id": "5dd4f0fb9be3681c00002438",
        "description": "This is a new issue from assignment",
        "fromemail": "flobiztest@gmail.com",
        "title": "New Issue",
        "ticket": "ZGQ9B",
        "customer": [
            {
                "_id": "588890a5f54b5f59000003c9",
                "name": "Exxon Inc.",
                "_created": "2017-01-25T11:48:53.427Z",
                "_changed": "2017-01-25T11:48:53.427Z"
            }
        ],
        "status": "New"
    },
    {
        "_id": "5dd4f7e29be3681c0000246a",
        "description": "This is a new issue from assignment",
        "fromemail": "flobiztest@gmail.com",
        "title": "New Issue",
        "ticket": "HGKRR",
        "customer": [
            {
                "_id": "588890a5f54b5f59000003c9",
                "name": "Exxon Inc.",
                "_created": "2017-01-25T11:48:53.427Z",
                "_changed": "2017-01-25T11:48:53.427Z"
            }
        ],
        "status": "New"
    },
    {
        "_id": "5dd4f92f9be3681c00002474",
        "description": "This is a new issue from assignment",
        "fromemail": "flobiztest@gmail.com",
        "title": "New Issue",
        "ticket": "EULV5",
        "customer": [
            {
                "_id": "588890a5f54b5f59000003c9",
                "name": "Exxon Inc.",
                "_created": "2017-01-25T11:48:53.427Z",
                "_changed": "2017-01-25T11:48:53.427Z"
            }
        ],
        "status": "New"
    },
    {
        "_id": "5dd4fa789be3681c00002481",
        "description": "This is a new issue from assignment",
        "fromemail": "flobiztest@gmail.com",
        "title": "New Issue",
        "ticket": "JGHW0",
        "customer": [
            {
                "_id": "588890a5f54b5f59000003c9",
                "name": "Exxon Inc.",
                "_created": "2017-01-25T11:48:53.427Z",
                "_changed": "2017-01-25T11:48:53.427Z"
            }
        ],
        "status": "New"
    },
    {
        "_id": "5dd4fac19be3681c00002485",
        "description": "This is a new issue from assignment",
        "fromemail": "flobiztest@gmail.com",
        "title": "New Issue",
        "ticket": "GV9E4",
        "customer": [
            {
                "_id": "588890a5f54b5f59000003c9",
                "name": "Exxon Inc.",
                "_created": "2017-01-25T11:48:53.427Z",
                "_changed": "2017-01-25T11:48:53.427Z"
            }
        ],
        "status": "New"
    },
    {
        "_id": "5dd5009c9be3681c000024a9",
        "description": "This is a new issue from assignment",
        "fromemail": "flobiztest@gmail.com",
        "title": "New Issue",
        "ticket": "992AO",
        "customer": [
            {
                "_id": "588890a5f54b5f59000003c9",
                "name": "Exxon Inc.",
                "_created": "2017-01-25T11:48:53.427Z",
                "_changed": "2017-01-25T11:48:53.427Z"
            }
        ],
        "status": "New"
    },
    {
        "_id": "5dd500cf9be3681c000024ad",
        "description": "This is a new issue from assignment",
        "fromemail": "flobiztest@gmail.com",
        "title": "New Issue",
        "ticket": "L83WW",
        "customer": [
            {
                "_id": "588890a5f54b5f59000003c9",
                "name": "Exxon Inc.",
                "_created": "2017-01-25T11:48:53.427Z",
                "_changed": "2017-01-25T11:48:53.427Z"
            }
        ],
        "status": "New"
    },
    {
        "_id": "5dd501959be3681c000024b5",
        "description": "This is a new issue from assignment",
        "fromemail": "flobiztest@gmail.com",
        "title": "New issue!",
        "ticket": "A4T37",
        "customer": [
            {
                "_id": "588890a5f54b5f59000003c9",
                "name": "Exxon Inc.",
                "_created": "2017-01-25T11:48:53.427Z",
                "_changed": "2017-01-25T11:48:53.427Z"
            }
        ],
        "status": "New"
    },
    {
        "_id": "5dd538789be3681c00002641",
        "description": "This is a new issue",
        "fromemail": "flobiztest@gmail.com",
        "title": "New Issue",
        "ticket": "6ZZUP",
        "customer": [
            {
                "_id": "588890a5f54b5f59000003c9",
                "name": "Exxon Inc.",
                "_created": "2017-01-25T11:48:53.427Z",
                "_changed": "2017-01-25T11:48:53.427Z"
            }
        ],
        "status": "New"
    },
    {
        "_id": "5dd53a639be3681c00002652",
        "description": "This is a new issue",
        "fromemail": "flobiztest@gmail.com",
        "title": "New Issue",
        "ticket": "IO602",
        "customer": [
            {
                "_id": "588890a5f54b5f59000003c9",
                "name": "Exxon Inc.",
                "_created": "2017-01-25T11:48:53.427Z",
                "_changed": "2017-01-25T11:48:53.427Z"
            }
        ],
        "status": "New"
    },
    {
        "_id": "5dd541f09be3681c00002687",
        "description": "This is a new issue",
        "fromemail": "flobiztest@gmail.com",
        "title": "New Issue",
        "ticket": "LI9SA",
        "customer": [
            {
                "_id": "588890a5f54b5f59000003c9",
                "name": "Exxon Inc.",
                "_created": "2017-01-25T11:48:53.427Z",
                "_changed": "2017-01-25T11:48:53.427Z"
            }
        ],
        "status": "New"
    },
    {
        "_id": "5dd542909be3681c0000268e",
        "description": "This is a new issue",
        "fromemail": "flobiztest@gmail.com",
        "title": "New Issue",
        "ticket": "RCRBP",
        "customer": [
            {
                "_id": "588890a5f54b5f59000003c9",
                "name": "Exxon Inc.",
                "_created": "2017-01-25T11:48:53.427Z",
                "_changed": "2017-01-25T11:48:53.427Z"
            }
        ],
        "status": "New"
    },
    {
        "_id": "5dd543129be3681c00002693",
        "description": "This is a new issue",
        "fromemail": "flobiztest@gmail.com",
        "title": "New Issue",
        "ticket": "T053V",
        "customer": [
            {
                "_id": "588890a5f54b5f59000003c9",
                "name": "Exxon Inc.",
                "_created": "2017-01-25T11:48:53.427Z",
                "_changed": "2017-01-25T11:48:53.427Z"
            }
        ],
        "status": "New"
    },
    {
        "_id": "5dd5433e9be3681c00002697",
        "description": "This is a new issue",
        "fromemail": "flobiztest@gmail.com",
        "title": "New Issue",
        "ticket": "3EWXC",
        "customer": [
            {
                "_id": "588890a5f54b5f59000003c9",
                "name": "Exxon Inc.",
                "_created": "2017-01-25T11:48:53.427Z",
                "_changed": "2017-01-25T11:48:53.427Z"
            }
        ],
        "status": "New"
    },
    {
        "_id": "5dd543919be3681c0000269b",
        "description": "This is a new issue",
        "fromemail": "flobiztest@gmail.com",
        "title": "New Issue",
        "ticket": "0G1OG",
        "customer": [
            {
                "_id": "588890a5f54b5f59000003c9",
                "name": "Exxon Inc.",
                "_created": "2017-01-25T11:48:53.427Z",
                "_changed": "2017-01-25T11:48:53.427Z"
            }
        ],
        "status": "New"
    },
    {
        "_id": "5dd544289be3681c000026a1",
        "description": "This is a new issue",
        "fromemail": "flobiztest@gmail.com",
        "title": "New Issue",
        "ticket": "D8TLB",
        "customer": [
            {
                "_id": "588890a5f54b5f59000003c9",
                "name": "Exxon Inc.",
                "_created": "2017-01-25T11:48:53.427Z",
                "_changed": "2017-01-25T11:48:53.427Z"
            }
        ],
        "status": "New"
    },
    {
        "_id": "5dd5445e9be3681c000026a5",
        "description": "This is a new issue",
        "fromemail": "flobiztest@gmail.com",
        "title": "New Issue",
        "ticket": "YPVQS",
        "customer": [
            {
                "_id": "588890a5f54b5f59000003c9",
                "name": "Exxon Inc.",
                "_created": "2017-01-25T11:48:53.427Z",
                "_changed": "2017-01-25T11:48:53.427Z"
            }
        ],
        "status": "New"
    },
    {
        "_id": "5dd544a19be3681c000026aa",
        "description": "This is a new issue",
        "fromemail": "flobiztest@gmail.com",
        "title": "New Issue",
        "ticket": "FTXQG",
        "customer": [
            {
                "_id": "588890a5f54b5f59000003c9",
                "name": "Exxon Inc.",
                "_created": "2017-01-25T11:48:53.427Z",
                "_changed": "2017-01-25T11:48:53.427Z"
            }
        ],
        "status": "New"
    },
    {
        "_id": "5dd545679be3681c000026b0",
        "description": "This is a new issue",
        "fromemail": "flobiztest@gmail.com",
        "title": "New Issue",
        "ticket": "UHLHL",
        "customer": [
            {
                "_id": "588890a5f54b5f59000003c9",
                "name": "Exxon Inc.",
                "_created": "2017-01-25T11:48:53.427Z",
                "_changed": "2017-01-25T11:48:53.427Z"
            }
        ],
        "status": "New"
    },
    {
        "_id": "5dd545cc9be3681c000026b5",
        "description": "This is a new issue",
        "fromemail": "flobiztest@gmail.com",
        "title": "New Issue",
        "ticket": "AD9BY",
        "customer": [
            {
                "_id": "588890a5f54b5f59000003c9",
                "name": "Exxon Inc.",
                "_created": "2017-01-25T11:48:53.427Z",
                "_changed": "2017-01-25T11:48:53.427Z"
            }
        ],
        "status": "New"
    },
    {
        "_id": "5dd546089be3681c000026bc",
        "description": "This is a new issue",
        "fromemail": "flobiztest@gmail.com",
        "title": "New Issue",
        "ticket": "7GILC",
        "customer": [
            {
                "_id": "588890a5f54b5f59000003c9",
                "name": "Exxon Inc.",
                "_created": "2017-01-25T11:48:53.427Z",
                "_changed": "2017-01-25T11:48:53.427Z"
            }
        ],
        "status": "New"
    },
    {
        "_id": "5dd546389be3681c000026c0",
        "description": "This is a new issue",
        "fromemail": "flobiztest@gmail.com",
        "title": "New Issue",
        "ticket": "KRSUQ",
        "customer": [
            {
                "_id": "588890a5f54b5f59000003c9",
                "name": "Exxon Inc.",
                "_created": "2017-01-25T11:48:53.427Z",
                "_changed": "2017-01-25T11:48:53.427Z"
            }
        ],
        "status": "New"
    },
    {
        "_id": "5dd546989be3681c000026c5",
        "description": "This is a new issue",
        "fromemail": "flobiztest@gmail.com",
        "title": "New Issue",
        "ticket": "KNQNT",
        "customer": [
            {
                "_id": "588890a5f54b5f59000003c9",
                "name": "Exxon Inc.",
                "_created": "2017-01-25T11:48:53.427Z",
                "_changed": "2017-01-25T11:48:53.427Z"
            }
        ],
        "status": "New"
    },
    {
        "_id": "5dd546f59be3681c000026ce",
        "description": "This is a new issue",
        "fromemail": "flobiztest@gmail.com",
        "title": "New Issue",
        "ticket": "0WWXT",
        "customer": [
            {
                "_id": "588890a5f54b5f59000003c9",
                "name": "Exxon Inc.",
                "_created": "2017-01-25T11:48:53.427Z",
                "_changed": "2017-01-25T11:48:53.427Z"
            }
        ],
        "status": "New"
    },
    {
        "_id": "5dd548549be3681c000026da",
        "description": "This is a new issue",
        "fromemail": "flobiztest@gmail.com",
        "title": "New Issue",
        "ticket": "R9MW3",
        "customer": [
            {
                "_id": "588890a5f54b5f59000003c9",
                "name": "Exxon Inc.",
                "_created": "2017-01-25T11:48:53.427Z",
                "_changed": "2017-01-25T11:48:53.427Z"
            }
        ],
        "status": "New"
    },
    {
        "_id": "5dd5487f9be3681c000026df",
        "description": "This is a new issue",
        "fromemail": "flobiztest@gmail.com",
        "title": "New Issue",
        "ticket": "8MNZ2",
        "customer": [
            {
                "_id": "588890a5f54b5f59000003c9",
                "name": "Exxon Inc.",
                "_created": "2017-01-25T11:48:53.427Z",
                "_changed": "2017-01-25T11:48:53.427Z"
            }
        ],
        "status": "New"
    },
    {
        "_id": "5dd54e149be3681c00002709",
        "description": "This is a new issue",
        "fromemail": "flobiztest@gmail.com",
        "title": "New Issue",
        "ticket": "O5RB2",
        "customer": [
            {
                "_id": "588890a5f54b5f59000003c9",
                "name": "Exxon Inc.",
                "_created": "2017-01-25T11:48:53.427Z",
                "_changed": "2017-01-25T11:48:53.427Z"
            }
        ],
        "status": "New"
    },
    {
        "_id": "5dd54e649be3681c0000270e",
        "description": "This is a new issue",
        "fromemail": "flobiztest@gmail.com",
        "title": "New Issue",
        "ticket": "TY57S",
        "customer": [
            {
                "_id": "588890a5f54b5f59000003c9",
                "name": "Exxon Inc.",
                "_created": "2017-01-25T11:48:53.427Z",
                "_changed": "2017-01-25T11:48:53.427Z"
            }
        ],
        "status": "New"
    },
    {
        "_id": "5dd54ea49be3681c00002713",
        "description": "This is a new issue",
        "fromemail": "flobiztest@gmail.com",
        "title": "New Issue",
        "ticket": "J5GOX",
        "customer": [
            {
                "_id": "588890a5f54b5f59000003c9",
                "name": "Exxon Inc.",
                "_created": "2017-01-25T11:48:53.427Z",
                "_changed": "2017-01-25T11:48:53.427Z"
            }
        ],
        "status": "New"
    },
    {
        "_id": "5dd54f379be3681c00002718",
        "description": "This is a new issue",
        "fromemail": "flobiztest@gmail.com",
        "title": "New Issue",
        "ticket": "H8BGO",
        "customer": [
            {
                "_id": "588890a5f54b5f59000003c9",
                "name": "Exxon Inc.",
                "_created": "2017-01-25T11:48:53.427Z",
                "_changed": "2017-01-25T11:48:53.427Z"
            }
        ],
        "status": "New"
    },
    {
        "_id": "5dd54fac9be3681c0000271e",
        "description": "This is a new issue",
        "fromemail": "flobiztest@gmail.com",
        "title": "New Issue",
        "ticket": "59LO0",
        "customer": [
            {
                "_id": "588890a5f54b5f59000003c9",
                "name": "Exxon Inc.",
                "_created": "2017-01-25T11:48:53.427Z",
                "_changed": "2017-01-25T11:48:53.427Z"
            }
        ],
        "status": "New"
    },
    {
        "_id": "5dd54fc69be3681c00002721",
        "description": "This is a new issue",
        "fromemail": "flobiztest@gmail.com",
        "title": "New Issue",
        "ticket": "JTFOM",
        "customer": [
            {
                "_id": "588890a5f54b5f59000003c9",
                "name": "Exxon Inc.",
                "_created": "2017-01-25T11:48:53.427Z",
                "_changed": "2017-01-25T11:48:53.427Z"
            }
        ],
        "status": "New"
    },
    {
        "_id": "5dd5505b9be3681c00002727",
        "description": "This is a new issue",
        "fromemail": "flobiztest@gmail.com",
        "title": "New Issue",
        "ticket": "A38LF",
        "customer": [
            {
                "_id": "588890a5f54b5f59000003c9",
                "name": "Exxon Inc.",
                "_created": "2017-01-25T11:48:53.427Z",
                "_changed": "2017-01-25T11:48:53.427Z"
            }
        ],
        "status": "New"
    },
    {
        "_id": "5dd550609be3681c0000272a",
        "description": "This is a new issue",
        "fromemail": "flobiztest@gmail.com",
        "title": "New Issue",
        "ticket": "V5ERS",
        "customer": [
            {
                "_id": "588890a5f54b5f59000003c9",
                "name": "Exxon Inc.",
                "_created": "2017-01-25T11:48:53.427Z",
                "_changed": "2017-01-25T11:48:53.427Z"
            }
        ],
        "status": "New"
    },
    {
        "_id": "5dd5509c9be3681c00002730",
        "description": "This is a new issue",
        "fromemail": "flobiztest@gmail.com",
        "title": "New Issue",
        "ticket": "4486Y",
        "customer": [
            {
                "_id": "588890a5f54b5f59000003c9",
                "name": "Exxon Inc.",
                "_created": "2017-01-25T11:48:53.427Z",
                "_changed": "2017-01-25T11:48:53.427Z"
            }
        ],
        "status": "New"
    },
    {
        "_id": "5dd550e49be3681c00002734",
        "description": "This is a new issue",
        "fromemail": "flobiztest@gmail.com",
        "title": "New Issue",
        "ticket": "JDBW7",
        "customer": [
            {
                "_id": "588890a5f54b5f59000003c9",
                "name": "Exxon Inc.",
                "_created": "2017-01-25T11:48:53.427Z",
                "_changed": "2017-01-25T11:48:53.427Z"
            }
        ],
        "status": "New"
    },
    {
        "_id": "5dd553019be3681c00002746",
        "description": "This is a new issue",
        "fromemail": "flobiztest@gmail.com",
        "title": "New Issue",
        "ticket": "8KPA5",
        "customer": [
            {
                "_id": "588890a5f54b5f59000003c9",
                "name": "Exxon Inc.",
                "_created": "2017-01-25T11:48:53.427Z",
                "_changed": "2017-01-25T11:48:53.427Z"
            }
        ],
        "status": "New"
    },
    {
        "_id": "5dd5536f9be3681c0000274c",
        "description": "This is a new issue",
        "fromemail": "flobiztest@gmail.com",
        "title": "New Issue",
        "ticket": "EZKXD",
        "customer": [
            {
                "_id": "588890a5f54b5f59000003c9",
                "name": "Exxon Inc.",
                "_created": "2017-01-25T11:48:53.427Z",
                "_changed": "2017-01-25T11:48:53.427Z"
            }
        ],
        "status": "New"
    },
    {
        "_id": "5dd553a59be3681c00002750",
        "description": "This is a new issue",
        "fromemail": "flobiztest@gmail.com",
        "title": "New Issue",
        "ticket": "P2XUD",
        "customer": [
            {
                "_id": "588890a5f54b5f59000003c9",
                "name": "Exxon Inc.",
                "_created": "2017-01-25T11:48:53.427Z",
                "_changed": "2017-01-25T11:48:53.427Z"
            }
        ],
        "status": "New"
    },
    {
        "_id": "5dd553ef9be3681c00002756",
        "description": "This is a new issue",
        "fromemail": "flobiztest@gmail.com",
        "title": "New Issue",
        "ticket": "TKJS3",
        "customer": [
            {
                "_id": "588890a5f54b5f59000003c9",
                "name": "Exxon Inc.",
                "_created": "2017-01-25T11:48:53.427Z",
                "_changed": "2017-01-25T11:48:53.427Z"
            }
        ],
        "status": "New"
    },
    {
        "_id": "5dd554759be3681c0000275d",
        "description": "This is a new issue",
        "fromemail": "flobiztest@gmail.com",
        "title": "New Issue",
        "ticket": "S79GH",
        "customer": [
            {
                "_id": "588890a5f54b5f59000003c9",
                "name": "Exxon Inc.",
                "_created": "2017-01-25T11:48:53.427Z",
                "_changed": "2017-01-25T11:48:53.427Z"
            }
        ],
        "status": "New"
    },
    {
        "_id": "5dd555619be3681c00002769",
        "description": "This is a new issue",
        "fromemail": "flobiztest@gmail.com",
        "title": "New Issue",
        "ticket": "B2CFA",
        "customer": [
            {
                "_id": "588890a5f54b5f59000003c9",
                "name": "Exxon Inc.",
                "_created": "2017-01-25T11:48:53.427Z",
                "_changed": "2017-01-25T11:48:53.427Z"
            }
        ],
        "status": "New"
    },
    {
        "_id": "5dd5575f9be3681c0000277c",
        "description": "This is a new issue",
        "fromemail": "flobiztest@gmail.com",
        "title": "New Issue",
        "ticket": "X6RIZ",
        "customer": [
            {
                "_id": "588890a5f54b5f59000003c9",
                "name": "Exxon Inc.",
                "_created": "2017-01-25T11:48:53.427Z",
                "_changed": "2017-01-25T11:48:53.427Z"
            }
        ],
        "status": "New"
    },
    {
        "_id": "5dd557779be3681c0000277f",
        "description": "This is a new issue",
        "fromemail": "flobiztest@gmail.com",
        "title": "New Issue",
        "ticket": "YMXNC",
        "customer": [
            {
                "_id": "588890a5f54b5f59000003c9",
                "name": "Exxon Inc.",
                "_created": "2017-01-25T11:48:53.427Z",
                "_changed": "2017-01-25T11:48:53.427Z"
            }
        ],
        "status": "New"
    },
    {
        "_id": "5dd5580b9be3681c00002789",
        "description": "This is a new issue",
        "fromemail": "flobiztest@gmail.com",
        "title": "New Issue",
        "ticket": "48SZE",
        "customer": [
            {
                "_id": "588890a5f54b5f59000003c9",
                "name": "Exxon Inc.",
                "_created": "2017-01-25T11:48:53.427Z",
                "_changed": "2017-01-25T11:48:53.427Z"
            }
        ],
        "status": "New"
    },
    {
        "_id": "5dd558499be3681c0000278d",
        "description": "This is a new issue",
        "fromemail": "flobiztest@gmail.com",
        "title": "New Issue",
        "ticket": "GNW2A",
        "customer": [
            {
                "_id": "588890a5f54b5f59000003c9",
                "name": "Exxon Inc.",
                "_created": "2017-01-25T11:48:53.427Z",
                "_changed": "2017-01-25T11:48:53.427Z"
            }
        ],
        "status": "New"
    },
    {
        "_id": "5dd558ce9be3681c00002793",
        "description": "This is a new issue",
        "fromemail": "flobiztest@gmail.com",
        "title": "New Issue",
        "ticket": "8NW4P",
        "customer": [
            {
                "_id": "588890a5f54b5f59000003c9",
                "name": "Exxon Inc.",
                "_created": "2017-01-25T11:48:53.427Z",
                "_changed": "2017-01-25T11:48:53.427Z"
            }
        ],
        "status": "New"
    },
    {
        "_id": "5dd55a529be3681c000027a3",
        "description": "This is a new issue",
        "fromemail": "flobiztest@gmail.com",
        "title": "New Issue",
        "ticket": "YDEFZ",
        "customer": [
            {
                "_id": "588890a5f54b5f59000003c9",
                "name": "Exxon Inc.",
                "_created": "2017-01-25T11:48:53.427Z",
                "_changed": "2017-01-25T11:48:53.427Z"
            }
        ],
        "status": "New"
    },
    {
        "_id": "5dd55a7c9be3681c000027a8",
        "description": "This is a new issue",
        "fromemail": "flobiztest@gmail.com",
        "title": "New Issue",
        "ticket": "ZPTHU",
        "customer": [
            {
                "_id": "588890a5f54b5f59000003c9",
                "name": "Exxon Inc.",
                "_created": "2017-01-25T11:48:53.427Z",
                "_changed": "2017-01-25T11:48:53.427Z"
            }
        ],
        "status": "New"
    },
    {
        "_id": "5dd55bfb9be3681c000027b6",
        "description": "This is a new issue",
        "fromemail": "flobiztest@gmail.com",
        "title": "New Issue",
        "ticket": "1GDKL",
        "customer": [
            {
                "_id": "588890a5f54b5f59000003c9",
                "name": "Exxon Inc.",
                "_created": "2017-01-25T11:48:53.427Z",
                "_changed": "2017-01-25T11:48:53.427Z"
            }
        ],
        "status": "New"
    },
    {
        "_id": "5dd55c369be3681c000027ba",
        "description": "This is a new issue",
        "fromemail": "flobiztest@gmail.com",
        "title": "New Issue",
        "ticket": "IRZ9A",
        "customer": [
            {
                "_id": "588890a5f54b5f59000003c9",
                "name": "Exxon Inc.",
                "_created": "2017-01-25T11:48:53.427Z",
                "_changed": "2017-01-25T11:48:53.427Z"
            }
        ],
        "status": "New"
    },
    {
        "_id": "5dd55ce89be3681c000027c1",
        "description": "This is a new issue",
        "fromemail": "flobiztest@gmail.com",
        "title": "New Issue",
        "ticket": "BZSC3",
        "customer": [
            {
                "_id": "588890a5f54b5f59000003c9",
                "name": "Exxon Inc.",
                "_created": "2017-01-25T11:48:53.427Z",
                "_changed": "2017-01-25T11:48:53.427Z"
            }
        ],
        "status": "New"
    },
    {
        "_id": "5dd55dd19be3681c000027c7",
        "description": "This is a new issue",
        "fromemail": "flobiztest@gmail.com",
        "title": "New Issue",
        "ticket": "4QPAP",
        "customer": [
            {
                "_id": "588890a5f54b5f59000003c9",
                "name": "Exxon Inc.",
                "_created": "2017-01-25T11:48:53.427Z",
                "_changed": "2017-01-25T11:48:53.427Z"
            }
        ],
        "status": "New"
    },
    {
        "_id": "5dd55faa9be3681c000027d6",
        "description": "This is a new issue",
        "fromemail": "flobiztest@gmail.com",
        "title": "New Issue",
        "ticket": "L0WNY",
        "customer": [
            {
                "_id": "588890a5f54b5f59000003c9",
                "name": "Exxon Inc.",
                "_created": "2017-01-25T11:48:53.427Z",
                "_changed": "2017-01-25T11:48:53.427Z"
            }
        ],
        "status": "New"
    },
    {
        "_id": "5da96034a0e3560400004440",
        "description": "This is a new issue",
        "fromemail": "knutmt@gmail.com",
        "title": "New issue! 1",
        "ticket": "3EVJY",
        "customer": [
            {
                "_id": "588890a5f54b5f59000003c9",
                "name": "Exxon Inc.",
                "_created": "2017-01-25T11:48:53.427Z",
                "_changed": "2017-01-25T11:48:53.427Z",
                "_createdby": "jones@restdb.io",
                "_changedby": "jones@restdb.io",
                "_version": 0
            }
        ],
        "status": "New"
    },
    {
        "_id": "5dd574de9be3681c00002880",
        "description": "This is a new issue",
        "fromemail": "flobiztest@gmail.com",
        "title": "New Issue",
        "ticket": "OX8IS",
        "customer": [
            {
                "_id": "588890a5f54b5f59000003c9",
                "name": "Exxon Inc.",
                "_created": "2017-01-25T11:48:53.427Z",
                "_changed": "2017-01-25T11:48:53.427Z"
            }
        ],
        "status": "New"
    },
    {
        "_id": "5dd5755a9be3681c00002885",
        "description": "This is a new issue",
        "fromemail": "flobiztest@gmail.com",
        "title": "New Issue",
        "ticket": "PC5Y0",
        "customer": [
            {
                "_id": "588890a5f54b5f59000003c9",
                "name": "Exxon Inc.",
                "_created": "2017-01-25T11:48:53.427Z",
                "_changed": "2017-01-25T11:48:53.427Z"
            }
        ],
        "status": "New"
    },
    {
        "_id": "5dd5764b9be3681c0000288e",
        "description": "This is a new issue",
        "fromemail": "flobiztest@gmail.com",
        "title": "New Issue",
        "ticket": "UVRY7",
        "customer": [
            {
                "_id": "588890a5f54b5f59000003c9",
                "name": "Exxon Inc.",
                "_created": "2017-01-25T11:48:53.427Z",
                "_changed": "2017-01-25T11:48:53.427Z"
            }
        ],
        "status": "New"
    },
    {
        "_id": "5dd576cc9be3681c00002893",
        "description": "This is a new issue",
        "fromemail": "flobiztest@gmail.com",
        "title": "New Issue",
        "ticket": "QQ9YJ",
        "customer": [
            {
                "_id": "588890a5f54b5f59000003c9",
                "name": "Exxon Inc.",
                "_created": "2017-01-25T11:48:53.427Z",
                "_changed": "2017-01-25T11:48:53.427Z"
            }
        ],
        "status": "New"
    },
    {
        "_id": "5dd576f19be3681c00002897",
        "description": "This is a new issue",
        "fromemail": "flobiztest@gmail.com",
        "title": "New Issue",
        "ticket": "7CPNV",
        "customer": [
            {
                "_id": "588890a5f54b5f59000003c9",
                "name": "Exxon Inc.",
                "_created": "2017-01-25T11:48:53.427Z",
                "_changed": "2017-01-25T11:48:53.427Z"
            }
        ],
        "status": "New"
    },
    {
        "_id": "5dd577a59be3681c0000289e",
        "description": "This is a new issue",
        "fromemail": "flobiztest@gmail.com",
        "title": "New Issue",
        "ticket": "3QNWH",
        "customer": [
            {
                "_id": "588890a5f54b5f59000003c9",
                "name": "Exxon Inc.",
                "_created": "2017-01-25T11:48:53.427Z",
                "_changed": "2017-01-25T11:48:53.427Z"
            }
        ],
        "status": "New"
    },
    {
        "_id": "5dd577e49be3681c000028a3",
        "description": "This is a new issue",
        "fromemail": "flobiztest@gmail.com",
        "title": "New Issue",
        "ticket": "FSUPK",
        "customer": [
            {
                "_id": "588890a5f54b5f59000003c9",
                "name": "Exxon Inc.",
                "_created": "2017-01-25T11:48:53.427Z",
                "_changed": "2017-01-25T11:48:53.427Z"
            }
        ],
        "status": "New"
    },
    {
        "_id": "5dd578f19be3681c000028ad",
        "description": "This is a new issue",
        "fromemail": "flobiztest@gmail.com",
        "title": "New Issue",
        "ticket": "NXFVP",
        "customer": [
            {
                "_id": "588890a5f54b5f59000003c9",
                "name": "Exxon Inc.",
                "_created": "2017-01-25T11:48:53.427Z",
                "_changed": "2017-01-25T11:48:53.427Z"
            }
        ],
        "status": "New"
    },
    {
        "_id": "5dd5799b9be3681c000028b4",
        "description": "This is a new issue",
        "fromemail": "flobiztest@gmail.com",
        "title": "New Issue",
        "ticket": "E8WKG",
        "customer": [
            {
                "_id": "588890a5f54b5f59000003c9",
                "name": "Exxon Inc.",
                "_created": "2017-01-25T11:48:53.427Z",
                "_changed": "2017-01-25T11:48:53.427Z"
            }
        ],
        "status": "New"
    },
    {
        "_id": "5dd57a0c9be3681c000028ba",
        "description": "This is a new issue",
        "fromemail": "flobiztest@gmail.com",
        "title": "New Issue",
        "ticket": "JFPEJ",
        "customer": [
            {
                "_id": "588890a5f54b5f59000003c9",
                "name": "Exxon Inc.",
                "_created": "2017-01-25T11:48:53.427Z",
                "_changed": "2017-01-25T11:48:53.427Z"
            }
        ],
        "status": "New"
    },
    {
        "_id": "5dd57a3d9be3681c000028be",
        "description": "This is a new issue",
        "fromemail": "flobiztest@gmail.com",
        "title": "New Issue",
        "ticket": "9DJ8A",
        "customer": [
            {
                "_id": "588890a5f54b5f59000003c9",
                "name": "Exxon Inc.",
                "_created": "2017-01-25T11:48:53.427Z",
                "_changed": "2017-01-25T11:48:53.427Z"
            }
        ],
        "status": "New"
    },
    {
        "_id": "5dd57ac89be3681c000028c4",
        "description": "This is a new issue",
        "fromemail": "flobiztest@gmail.com",
        "title": "New Issue",
        "ticket": "1IDVG",
        "customer": [
            {
                "_id": "588890a5f54b5f59000003c9",
                "name": "Exxon Inc.",
                "_created": "2017-01-25T11:48:53.427Z",
                "_changed": "2017-01-25T11:48:53.427Z"
            }
        ],
        "status": "New"
    },
    {
        "_id": "5dd57b169be3681c000028c9",
        "description": "This is a new issue",
        "fromemail": "flobiztest@gmail.com",
        "title": "New Issue",
        "ticket": "BTEQU",
        "customer": [
            {
                "_id": "588890a5f54b5f59000003c9",
                "name": "Exxon Inc.",
                "_created": "2017-01-25T11:48:53.427Z",
                "_changed": "2017-01-25T11:48:53.427Z"
            }
        ],
        "status": "New"
    },
    {
        "_id": "5dd57b8a9be3681c000028ce",
        "description": "This is a new issue",
        "fromemail": "flobiztest@gmail.com",
        "title": "New Issue",
        "ticket": "0XTKA",
        "customer": [
            {
                "_id": "588890a5f54b5f59000003c9",
                "name": "Exxon Inc.",
                "_created": "2017-01-25T11:48:53.427Z",
                "_changed": "2017-01-25T11:48:53.427Z"
            }
        ],
        "status": "New"
    },
    {
        "_id": "5dd57c1d9be3681c000028d4",
        "description": "This is a new issue",
        "fromemail": "flobiztest@gmail.com",
        "title": "New Issue",
        "ticket": "DNCD7",
        "customer": [
            {
                "_id": "588890a5f54b5f59000003c9",
                "name": "Exxon Inc.",
                "_created": "2017-01-25T11:48:53.427Z",
                "_changed": "2017-01-25T11:48:53.427Z"
            }
        ],
        "status": "New"
    },
    {
        "_id": "5dd57c4b9be3681c000028d7",
        "description": "This is a new issue",
        "fromemail": "flobiztest@gmail.com",
        "title": "New Issue",
        "ticket": "X7TV3",
        "customer": [
            {
                "_id": "588890a5f54b5f59000003c9",
                "name": "Exxon Inc.",
                "_created": "2017-01-25T11:48:53.427Z",
                "_changed": "2017-01-25T11:48:53.427Z"
            }
        ],
        "status": "New"
    },
    {
        "_id": "5dd5860e9be3681c0000291d",
        "description": "This is a new issue",
        "fromemail": "flobiztest@gmail.com",
        "title": "New Issue",
        "ticket": "RZHFN",
        "customer": [
            {
                "_id": "588890a5f54b5f59000003c9",
                "name": "Exxon Inc.",
                "_created": "2017-01-25T11:48:53.427Z",
                "_changed": "2017-01-25T11:48:53.427Z"
            }
        ],
        "status": "New"
    },
    {
        "_id": "5dd58ec29be3681c0000297f",
        "description": "This is a new issue",
        "fromemail": "flobiztest@gmail.com",
        "title": "New Issue",
        "ticket": "G1W34",
        "customer": [
            {
                "_id": "588890a5f54b5f59000003c9",
                "name": "Exxon Inc.",
                "_created": "2017-01-25T11:48:53.427Z",
                "_changed": "2017-01-25T11:48:53.427Z"
            }
        ],
        "status": "New"
    },
    {
        "_id": "5da85a08a0e3560400001b79",
        "description": "This is a new issue",
        "fromemail": "knutmt@gmail.com",
        "title": "New issue!",
        "ticket": "7V9BW",
        "customer": [
            {
                "_id": "588890a5f54b5f59000003c9",
                "name": "Exxon Inc.",
                "_created": "2017-01-25T11:48:53.427Z",
                "_changed": "2017-01-25T11:48:53.427Z",
                "_createdby": "jones@restdb.io",
                "_changedby": "jones@restdb.io",
                "_version": 0
            }
        ],
        "status": "New"
    },
    {
        "_id": "5dd618b69be3681c00002d86",
        "description": "This is a new issue",
        "title": "New Issue",
        "from email": "knutmt@gmail.com",
        "ticket": "3FQZ3",
        "customer": [
            {
                "_id": "5887dd51f54b5f59000000d8",
                "name": "restdb.io",
                "_created": "2017-01-24T23:03:45.332Z",
                "_changed": "2017-01-25T11:45:37.126Z"
            }
        ],
        "status": "New"
    },
    {
        "_id": "5dd618be9be3681c00002d88",
        "description": "This is a new issue",
        "title": "New Issue",
        "from email": "knutmt@gmail.com",
        "ticket": "7R00D",
        "customer": [
            {
                "_id": "5887dd51f54b5f59000000d8",
                "name": "restdb.io",
                "_created": "2017-01-24T23:03:45.332Z",
                "_changed": "2017-01-25T11:45:37.126Z"
            }
        ],
        "status": "New"
    },
    {
        "_id": "5dd6aee69be3681c000031c1",
        "description": "This is a new issue",
        "fromemail": "flobiztest@gmail.com",
        "title": "New Issue",
        "ticket": "R1W8M",
        "customer": [
            {
                "_id": "588890a5f54b5f59000003c9",
                "name": "Exxon Inc.",
                "_created": "2017-01-25T11:48:53.427Z",
                "_changed": "2017-01-25T11:48:53.427Z"
            }
        ],
        "status": "New"
    },
    {
        "_id": "5dd6afbe9be3681c000031da",
        "description": "This is a new issue",
        "fromemail": "flobiztest@gmail.com",
        "title": "159357",
        "ticket": "7WJYG",
        "customer": [
            {
                "_id": "588890a5f54b5f59000003c9",
                "name": "Exxon Inc.",
                "_created": "2017-01-25T11:48:53.427Z",
                "_changed": "2017-01-25T11:48:53.427Z"
            }
        ],
        "status": "New"
    },
    {
        "_id": "5dd6b6259be3681c00003236",
        "description": "This is a new issue",
        "fromemail": "flobiztest@gmail.com",
        "title": "New Issue",
        "ticket": "UXNZT",
        "customer": [
            {
                "_id": "588890a5f54b5f59000003c9",
                "name": "Exxon Inc.",
                "_created": "2017-01-25T11:48:53.427Z",
                "_changed": "2017-01-25T11:48:53.427Z"
            }
        ],
        "status": "New"
    },
    {
        "_id": "5dd6b62e9be3681c00003239",
        "description": "This is a new issue",
        "fromemail": "flobiztest@gmail.com",
        "title": "New Issue",
        "ticket": "IXAI4",
        "customer": [
            {
                "_id": "588890a5f54b5f59000003c9",
                "name": "Exxon Inc.",
                "_created": "2017-01-25T11:48:53.427Z",
                "_changed": "2017-01-25T11:48:53.427Z"
            }
        ],
        "status": "New"
    },
    {
        "_id": "5dd6b6339be3681c0000323c",
        "description": "This is a new issue",
        "fromemail": "flobiztest@gmail.com",
        "title": "18811nsn#",
        "ticket": "WGKMC",
        "customer": [
            {
                "_id": "588890a5f54b5f59000003c9",
                "name": "Exxon Inc.",
                "_created": "2017-01-25T11:48:53.427Z",
                "_changed": "2017-01-25T11:48:53.427Z"
            }
        ],
        "status": "New"
    },
    {
        "_id": "5dd6b8239be3681c0000324e",
        "description": "This is a new issue",
        "fromemail": "flobiztest@gmail.com",
        "title": "New Issue",
        "ticket": "TWXFN",
        "customer": [
            {
                "_id": "588890a5f54b5f59000003c9",
                "name": "Exxon Inc.",
                "_created": "2017-01-25T11:48:53.427Z",
                "_changed": "2017-01-25T11:48:53.427Z"
            }
        ],
        "status": "New"
    },
    {
        "_id": "5dd6b82a9be3681c00003251",
        "description": "This is a new issue",
        "fromemail": "flobiztest@gmail.com",
        "title": "New Issue",
        "ticket": "023T3",
        "customer": [
            {
                "_id": "588890a5f54b5f59000003c9",
                "name": "Exxon Inc.",
                "_created": "2017-01-25T11:48:53.427Z",
                "_changed": "2017-01-25T11:48:53.427Z"
            }
        ],
        "status": "New"
    },
    {
        "_id": "5dd6b9eb9be3681c00003264",
        "description": "This is a new issue",
        "fromemail": "flobiztest@gmail.com",
        "title": "New Issue",
        "ticket": "D3ZYM",
        "customer": [
            {
                "_id": "588890a5f54b5f59000003c9",
                "name": "Exxon Inc.",
                "_created": "2017-01-25T11:48:53.427Z",
                "_changed": "2017-01-25T11:48:53.427Z"
            }
        ],
        "status": "New"
    },
    {
        "_id": "5dd6b9f59be3681c00003267",
        "description": "This is a new issue",
        "fromemail": "flobiztest@gmail.com",
        "title": "11148aswoq9023#",
        "ticket": "53ONE",
        "customer": [
            {
                "_id": "588890a5f54b5f59000003c9",
                "name": "Exxon Inc.",
                "_created": "2017-01-25T11:48:53.427Z",
                "_changed": "2017-01-25T11:48:53.427Z"
            }
        ],
        "status": "New"
    },
    {
        "_id": "5dd795239be3681c000038d9",
        "description": "This is a new issue",
        "fromemail": "flobiztest@gmail.com",
        "title": "New Issue",
        "ticket": "S8KCI",
        "customer": [
            {
                "_id": "588890a5f54b5f59000003c9",
                "name": "Exxon Inc.",
                "_created": "2017-01-25T11:48:53.427Z",
                "_changed": "2017-01-25T11:48:53.427Z"
            }
        ],
        "status": "New"
    },
    {
        "_id": "5dd796c99be3681c000038e7",
        "description": "This is a new issue",
        "fromemail": "flobiztest@gmail.com",
        "title": "New Issue",
        "ticket": "11JJ3",
        "customer": [
            {
                "_id": "588890a5f54b5f59000003c9",
                "name": "Exxon Inc.",
                "_created": "2017-01-25T11:48:53.427Z",
                "_changed": "2017-01-25T11:48:53.427Z"
            }
        ],
        "status": "New"
    },
    {
        "_id": "5dd797119be3681c000038eb",
        "description": "This is a new issue",
        "fromemail": "flobiztest@gmail.com",
        "title": "New Issue",
        "ticket": "PWOBA",
        "customer": [
            {
                "_id": "588890a5f54b5f59000003c9",
                "name": "Exxon Inc.",
                "_created": "2017-01-25T11:48:53.427Z",
                "_changed": "2017-01-25T11:48:53.427Z"
            }
        ],
        "status": "New"
    },
    {
        "_id": "5dd7978a9be3681c000038f0",
        "description": "This is a new issue",
        "fromemail": "flobiztest@gmail.com",
        "title": "New Issue",
        "ticket": "OE7M2",
        "customer": [
            {
                "_id": "588890a5f54b5f59000003c9",
                "name": "Exxon Inc.",
                "_created": "2017-01-25T11:48:53.427Z",
                "_changed": "2017-01-25T11:48:53.427Z"
            }
        ],
        "status": "New"
    },
    {
        "_id": "5dd799789be3681c000038fd",
        "description": "This is a new issue",
        "fromemail": "flobiztest@gmail.com",
        "title": "New Issue",
        "ticket": "GFORA",
        "customer": [
            {
                "_id": "588890a5f54b5f59000003c9",
                "name": "Exxon Inc.",
                "_created": "2017-01-25T11:48:53.427Z",
                "_changed": "2017-01-25T11:48:53.427Z"
            }
        ],
        "status": "New"
    },
    {
        "_id": "5dd79a139be3681c00003903",
        "description": "This is a new issue",
        "fromemail": "flobiztest@gmail.com",
        "title": "New Issue",
        "ticket": "9QLFE",
        "customer": [
            {
                "_id": "588890a5f54b5f59000003c9",
                "name": "Exxon Inc.",
                "_created": "2017-01-25T11:48:53.427Z",
                "_changed": "2017-01-25T11:48:53.427Z"
            }
        ],
        "status": "New"
    },
    {
        "_id": "5dd79a449be3681c00003907",
        "description": "This is a new issue",
        "fromemail": "flobiztest@gmail.com",
        "title": "New Issue",
        "ticket": "73XBV",
        "customer": [
            {
                "_id": "588890a5f54b5f59000003c9",
                "name": "Exxon Inc.",
                "_created": "2017-01-25T11:48:53.427Z",
                "_changed": "2017-01-25T11:48:53.427Z"
            }
        ],
        "status": "New"
    },
    {
        "_id": "5dd7a0519be3681c0000392f",
        "description": "This is a new issue",
        "fromemail": "flobiztest@gmail.com",
        "title": "New Issue",
        "ticket": "V537R",
        "customer": [
            {
                "_id": "588890a5f54b5f59000003c9",
                "name": "Exxon Inc.",
                "_created": "2017-01-25T11:48:53.427Z",
                "_changed": "2017-01-25T11:48:53.427Z"
            }
        ],
        "status": "New"
    },
    {
        "_id": "5dd92bbb9be3681c0000462a",
        "description": "This is a new issue",
        "fromemail": "flobiztest@gmail.com",
        "title": "New Issue",
        "ticket": "CXGV6",
        "customer": [
            {
                "_id": "588890a5f54b5f59000003c9",
                "name": "Exxon Inc.",
                "_created": "2017-01-25T11:48:53.427Z",
                "_changed": "2017-01-25T11:48:53.427Z"
            }
        ],
        "status": "New"
    },
    {
        "_id": "5dd9719d9be3681c0000482c",
        "description": "This is a new issue",
        "fromemail": "flobiztest@gmail.com",
        "title": "New Issue",
        "ticket": "IJ9MN",
        "customer": [
            {
                "_id": "588890a5f54b5f59000003c9",
                "name": "Exxon Inc.",
                "_created": "2017-01-25T11:48:53.427Z",
                "_changed": "2017-01-25T11:48:53.427Z"
            }
        ],
        "status": "New"
    },
    {
        "_id": "5ddfaf559be3681c00007c3d",
        "description": "This is a new issue 5",
        "fromemail": "test123@gmail.com",
        "title": "New issue 4",
        "id": 0,
        "ticket": "0VDV7",
        "customer": [
            {
                "_id": "5887dd51f54b5f59000000d8",
                "name": "restdb.io",
                "_created": "2017-01-24T23:03:45.332Z",
                "_changed": "2017-01-25T11:45:37.126Z"
            }
        ],
        "status": "New"
    }
]
naren2profession@gmail.com
]]></system-out>
  </testcase>
  <testcase name="testIssueById" classname="com.qa.tests.FlobizAssignment" time="1.05"/>
  <testcase name="testListAll" classname="com.qa.tests.FlobizAssignment" time="1.471"/>
  <testcase name="testModifyIssue" classname="com.qa.tests.FlobizAssignment" time="1.562">
    <failure message="1 expectation failed.&#10;Expected status code &lt;200&gt; but was &lt;500&gt;.&#10;" type="java.lang.AssertionError"><![CDATA[java.lang.AssertionError: 
1 expectation failed.
Expected status code <200> but was <500>.

	at com.qa.tests.FlobizAssignment.testModifyIssue(FlobizAssignment.java:146)
]]></failure>
    <system-out><![CDATA[*** Executed testListAll test successfully...
*** Running test method testModifyIssue...
]]></system-out>
  </testcase>
  <testcase name="testModifyIssueErrorMessage" classname="com.qa.tests.FlobizAssignment" time="1.317"/>
  <testcase name="testEqualToFunction" classname="com.qa.tests.GETValidations" time="1.201"/>
  <testcase name="testExractDetailWithPath" classname="com.qa.tests.GETValidations" time="2.473"/>
  <testcase name="testExractResponse" classname="com.qa.tests.GETValidations" time="0.314"/>
  <testcase name="testHasItems" classname="com.qa.tests.GETValidations" time="0.332"/>
  <testcase name="testHeader" classname="com.qa.tests.GETValidations" time="1.449"/>
  <testcase name="testHeaderParameter" classname="com.qa.tests.GETValidations" time="1.134">
    <failure message="1 expectation failed.&#10;Expected status code &lt;200&gt; but was &lt;404&gt;.&#10;" type="java.lang.AssertionError"><![CDATA[java.lang.AssertionError: 
1 expectation failed.
Expected status code <200> but was <404>.

	at com.qa.tests.GETValidations.testHeaderParameter(GETValidations.java:120)
]]></failure>
    <system-out><![CDATA[*** Executed testHeader test successfully...
*** Running test method testHeaderParameter...
]]></system-out>
  </testcase>
  <testcase name="testJSONarray" classname="com.qa.tests.GETValidations" time="0.703"/>
  <testcase name="testLogging" classname="com.qa.tests.GETValidations" time="0.35"/>
  <testcase name="testPathParameter" classname="com.qa.tests.GETValidations" time="1.035"/>
  <testcase name="testQueryParameter" classname="com.qa.tests.GETValidations" time="1.04"/>
  <testcase name="testSetCookies" classname="com.qa.tests.GETValidations" time="2.61"/>
  <testcase name="testSetMultivalueParameter" classname="com.qa.tests.GETValidations" time="2.296"/>
  <testcase name="testSetPathParameter" classname="com.qa.tests.GETValidations" time="0.314"/>
  <testcase name="testStatusCode" classname="com.qa.tests.GETValidations" time="0.626"/>
  <testcase name="testWithRoot" classname="com.qa.tests.GETValidations" time="1.34"/>
  <testcase name="testxmlOutput" classname="com.qa.tests.GETValidations" time="0.92"/>
  <testcase name="testCountNodes" classname="com.qa.tests.GroovyFeatures" time="0.356"/>
  <testcase name="testHasItems" classname="com.qa.tests.GroovyFeatures" time="0.345"/>
  <testcase name="testJsonPath" classname="com.qa.tests.GroovyFeatures" time="0.349"/>
  <testcase name="testListOfNodes" classname="com.qa.tests.GroovyFeatures" time="0.344"/>
  <testcase name="testSchema" classname="com.qa.tests.GroovyFeatures" time="0.677"/>
  <testcase name="testSSL" classname="com.qa.tests.HandlingSSL_TLS" time="0.636"/>
  <testcase name="testTLS" classname="com.qa.tests.HandlingSSL_TLS" time="0.337"/>
  <testcase name="testCookies" classname="com.qa.tests.HeadersAndCookiesValidation" time="0.181"/>
  <testcase name="testDetailedCookies" classname="com.qa.tests.HeadersAndCookiesValidation" time="0.172"/>
  <testcase name="testHeaders" classname="com.qa.tests.HeadersAndCookiesValidation" time="0.182"/>
  <testcase name="testSetMultiCookies" classname="com.qa.tests.HeadersAndCookiesValidation" time="0.017">
    <failure message="1 expectation failed.&#10;Expected status code &lt;200&gt; but was &lt;403&gt;.&#10;" type="java.lang.AssertionError"><![CDATA[java.lang.AssertionError: 
1 expectation failed.
Expected status code <200> but was <403>.

	at com.qa.tests.HeadersAndCookiesValidation.testSetMultiCookies(HeadersAndCookiesValidation.java:83)
]]></failure>
    <system-out><![CDATA[*** Executed testHeaders test successfully...
*** Running test method testSetMultiCookies...
]]></system-out>
  </testcase>
  <testcase name="loggingTest" classname="com.qa.tests.LoggingValidations" time="0.209"/>
  <testcase name="simplePost" classname="com.qa.tests.PostValidations" time="0.568">
    <failure message="1 expectation failed.&#10;Expected status code &lt;201&gt; but was &lt;415&gt;.&#10;" type="java.lang.AssertionError"><![CDATA[java.lang.AssertionError: 
1 expectation failed.
Expected status code <201> but was <415>.

	at com.qa.tests.PostValidations.simplePost(PostValidations.java:22)
]]></failure>
    <system-out><![CDATA[*** Executed loggingTest test successfully...
*** Running test method simplePost...
]]></system-out>
  </testcase>
  <testcase name="testCreateIssue" classname="com.qa.tests.PostValidations" time="5.678">
    <failure message="1 expectation failed.&#10;Expected status code &lt;201&gt; but was &lt;500&gt;.&#10;" type="java.lang.AssertionError"><![CDATA[java.lang.AssertionError: 
1 expectation failed.
Expected status code <201> but was <500>.

	at com.qa.tests.PostValidations.testCreateIssue(PostValidations.java:45)
]]></failure>
    <system-out><![CDATA[*** Test execution simplePost failed...
*** Running test method testCreateIssue...
]]></system-out>
  </testcase>
  <testcase name="testCookiesInResponse" classname="com.qa.tests.ResponseVerification" time="0.19">
    <failure message="1 expectation failed.&#10;Expected cookie &quot;__cfduid&quot; was not &quot;ddfb7fa7cebeb7d4d698f28dad04e6a881575996976&quot;, was &quot;d78e0dbe322bbf5b057f466e7dd59df731577084970&quot;.&#10;" type="java.lang.AssertionError"><![CDATA[java.lang.AssertionError: 
1 expectation failed.
Expected cookie "__cfduid" was not "ddfb7fa7cebeb7d4d698f28dad04e6a881575996976", was "d78e0dbe322bbf5b057f466e7dd59df731577084970".

	at com.qa.tests.ResponseVerification.testCookiesInResponse(ResponseVerification.java:49)
]]></failure>
    <system-out><![CDATA[*** Test execution testCreateIssue failed...
*** Running test method testCookiesInResponse...
]]></system-out>
  </testcase>
  <testcase name="testHeadersInResponse" classname="com.qa.tests.ResponseVerification" time="0.74"/>
  <testcase name="testResponseTime" classname="com.qa.tests.ResponseVerification" time="0.508"/>
  <testcase name="testStauslineInResponse" classname="com.qa.tests.ResponseVerification" time="0.515"/>
  <testcase name="testresponse" classname="com.qa.tests.SpecBuilderValidation" time="0.211"/>
</testsuite>