<?xml version="1.0" encoding="UTF-8"?>
<!-- Generated by org.testng.reporters.JUnitReportReporter -->
<testsuite hostname="DESKTOP-791EE4Q" name="com.qa.tests.Authentication" tests="1" failures="0" timestamp="25 Dec 2019 16:46:15 GMT" time="3.930" errors="0">
  <testcase name="testBeforeClassPreemptiveAuth" time="3.930" classname="com.qa.tests.Authentication"/>
</testsuite> <!-- com.qa.tests.Authentication -->
