<?xml version="1.0" encoding="UTF-8"?>
<!-- Generated by org.testng.reporters.JUnitReportReporter -->
<testsuite hostname="DESKTOP-791EE4Q" name="com.qa.tests.HandlingSSL_TLS" tests="2" failures="0" timestamp="20 Dec 2019 14:08:14 GMT" time="11.183" errors="0">
  <testcase name="testTLS" time="3.889" classname="com.qa.tests.HandlingSSL_TLS"/>
  <testcase name="testSSL" time="7.294" classname="com.qa.tests.HandlingSSL_TLS"/>
</testsuite> <!-- com.qa.tests.HandlingSSL_TLS -->
