<?xml version="1.0" encoding="UTF-8"?>
<!-- Generated by org.testng.reporters.JUnitReportReporter -->
<testsuite hostname="DESKTOP-791EE4Q" name="com.qa.tests.GroovyFeatures" tests="5" failures="0" timestamp="22 Dec 2019 15:26:20 GMT" time="7.307" errors="0">
  <testcase name="testCountNodes" time="1.466" classname="com.qa.tests.GroovyFeatures"/>
  <testcase name="testHasItems" time="0.739" classname="com.qa.tests.GroovyFeatures"/>
  <testcase name="testListOfNodes" time="0.955" classname="com.qa.tests.GroovyFeatures"/>
  <testcase name="testJsonPath" time="1.381" classname="com.qa.tests.GroovyFeatures"/>
  <testcase name="testSchema" time="2.766" classname="com.qa.tests.GroovyFeatures"/>
</testsuite> <!-- com.qa.tests.GroovyFeatures -->
