<?xml version="1.0" encoding="UTF-8"?>
<!-- Generated by org.testng.reporters.JUnitReportReporter -->
<testsuite hostname="DESKTOP-791EE4Q" name="com.qa.tests.HandlingSSL_TLS" tests="2" failures="0" timestamp="22 Dec 2019 15:26:20 GMT" time="2.512" errors="0">
  <testcase name="testSSL" time="1.976" classname="com.qa.tests.HandlingSSL_TLS"/>
  <testcase name="testTLS" time="0.536" classname="com.qa.tests.HandlingSSL_TLS"/>
</testsuite> <!-- com.qa.tests.HandlingSSL_TLS -->
