<?xml version="1.0" encoding="UTF-8"?>
<!-- Generated by org.testng.reporters.JUnitReportReporter -->
<testsuite hostname="DESKTOP-791EE4Q" name="com.qa.tests.LoggingValidations" tests="1" failures="0" timestamp="20 Dec 2019 14:08:14 GMT" time="1.873" errors="0">
  <testcase name="loggingTest" time="1.873" classname="com.qa.tests.LoggingValidations"/>
</testsuite> <!-- com.qa.tests.LoggingValidations -->
