<?xml version="1.0" encoding="UTF-8"?>
<!-- Generated by org.testng.reporters.JUnitReportReporter -->
<testsuite hostname="DESKTOP-791EE4Q" name="com.qa.tests.SpecBuilderValidation" tests="1" failures="0" timestamp="20 Dec 2019 14:08:14 GMT" time="2.134" errors="0">
  <testcase name="testresponse" time="2.134" classname="com.qa.tests.SpecBuilderValidation"/>
</testsuite> <!-- com.qa.tests.SpecBuilderValidation -->
