<?xml version="1.0" encoding="UTF-8"?>
<!-- Generated by org.testng.reporters.JUnitReportReporter -->
<testsuite hostname="DESKTOP-791EE4Q" name="com.qa.tests.GETOperations" tests="1" failures="0" timestamp="4 Dec 2019 11:27:56 GMT" time="4.276" errors="0">
  <testcase name="testExractResponse" time="4.276" classname="com.qa.tests.GETOperations"/>
</testsuite> <!-- com.qa.tests.GETOperations -->
