<?xml version="1.0" encoding="UTF-8"?>
<!-- Generated by org.testng.reporters.JUnitReportReporter -->
<testsuite hostname="DESKTOP-791EE4Q" name="com.qa.tests.GroovyFeatures" tests="5" failures="0" timestamp="20 Dec 2019 14:08:14 GMT" time="16.696" errors="0">
  <testcase name="testSchema" time="3.444" classname="com.qa.tests.GroovyFeatures"/>
  <testcase name="testHasItems" time="3.770" classname="com.qa.tests.GroovyFeatures"/>
  <testcase name="testCountNodes" time="2.806" classname="com.qa.tests.GroovyFeatures"/>
  <testcase name="testJsonPath" time="3.706" classname="com.qa.tests.GroovyFeatures"/>
  <testcase name="testListOfNodes" time="2.970" classname="com.qa.tests.GroovyFeatures"/>
</testsuite> <!-- com.qa.tests.GroovyFeatures -->
