<?xml version="1.0" encoding="UTF-8"?>
<!-- Generated by org.testng.reporters.JUnitReportReporter -->
<testsuite hostname="DESKTOP-791EE4Q" name="com.qa.tests.GroovyFeatures" tests="5" failures="0" timestamp="23 Dec 2019 07:09:34 GMT" time="2.071" errors="0">
  <testcase name="testCountNodes" time="0.357" classname="com.qa.tests.GroovyFeatures"/>
  <testcase name="testListOfNodes" time="0.345" classname="com.qa.tests.GroovyFeatures"/>
  <testcase name="testSchema" time="0.677" classname="com.qa.tests.GroovyFeatures"/>
  <testcase name="testHasItems" time="0.344" classname="com.qa.tests.GroovyFeatures"/>
  <testcase name="testJsonPath" time="0.348" classname="com.qa.tests.GroovyFeatures"/>
</testsuite> <!-- com.qa.tests.GroovyFeatures -->
