<?xml version="1.0" encoding="UTF-8"?>
<!-- Generated by org.testng.reporters.JUnitReportReporter -->
<testsuite hostname="DESKTOP-791EE4Q" name="com.qa.tests.HandlingSSL_TLS" tests="2" failures="0" timestamp="23 Dec 2019 07:09:34 GMT" time="0.972" errors="0">
  <testcase name="testTLS" time="0.336" classname="com.qa.tests.HandlingSSL_TLS"/>
  <testcase name="testSSL" time="0.636" classname="com.qa.tests.HandlingSSL_TLS"/>
</testsuite> <!-- com.qa.tests.HandlingSSL_TLS -->
