<?xml version="1.0" encoding="UTF-8"?>
<!-- Generated by org.testng.reporters.JUnitReportReporter -->
<testsuite hostname="DESKTOP-791EE4Q" name="com.qa.tests.SpecBuilderValidation" tests="1" failures="0" timestamp="23 Dec 2019 07:09:34 GMT" time="0.212" errors="0">
  <testcase name="testresponse" time="0.212" classname="com.qa.tests.SpecBuilderValidation"/>
</testsuite> <!-- com.qa.tests.SpecBuilderValidation -->
