<?xml version="1.0" encoding="UTF-8"?>
<!-- Generated by org.testng.reporters.JUnitReportReporter -->
<testsuite hostname="DESKTOP-791EE4Q" name="com.qa.tests.LoggingValidations" tests="1" failures="0" timestamp="23 Dec 2019 07:09:34 GMT" time="0.208" errors="0">
  <testcase name="loggingTest" time="0.208" classname="com.qa.tests.LoggingValidations"/>
</testsuite> <!-- com.qa.tests.LoggingValidations -->
